[2024-04-15T09:28:50.640+0000] {processor.py:157} INFO - Started process (PID=175) to work on /opt/airflow/dags/customer_cluster_modeling.py
[2024-04-15T09:28:50.641+0000] {processor.py:826} INFO - Processing file /opt/airflow/dags/customer_cluster_modeling.py for tasks to queue
[2024-04-15T09:28:50.643+0000] {logging_mixin.py:150} INFO - [2024-04-15T09:28:50.643+0000] {dagbag.py:541} INFO - Filling up the DagBag from /opt/airflow/dags/customer_cluster_modeling.py
[2024-04-15T09:28:50.714+0000] {processor.py:836} INFO - DAG(s) dict_keys(['customer_cluster_modeling']) retrieved from /opt/airflow/dags/customer_cluster_modeling.py
[2024-04-15T09:28:51.633+0000] {logging_mixin.py:150} INFO - [2024-04-15T09:28:51.632+0000] {manager.py:504} INFO - Created Permission View: can read on DAG:customer_cluster_modeling
[2024-04-15T09:28:51.653+0000] {logging_mixin.py:150} INFO - [2024-04-15T09:28:51.653+0000] {manager.py:504} INFO - Created Permission View: can edit on DAG:customer_cluster_modeling
[2024-04-15T09:28:51.683+0000] {logging_mixin.py:150} INFO - [2024-04-15T09:28:51.682+0000] {manager.py:504} INFO - Created Permission View: can delete on DAG:customer_cluster_modeling
[2024-04-15T09:28:51.742+0000] {logging_mixin.py:150} INFO - [2024-04-15T09:28:51.741+0000] {dag.py:2742} INFO - Sync 1 DAGs
[2024-04-15T09:28:51.768+0000] {logging_mixin.py:150} INFO - [2024-04-15T09:28:51.768+0000] {dag.py:2763} INFO - Creating ORM DAG for customer_cluster_modeling
[2024-04-15T09:28:51.790+0000] {logging_mixin.py:150} INFO - [2024-04-15T09:28:51.790+0000] {dag.py:3508} INFO - Setting next_dagrun for customer_cluster_modeling to 2024-04-12T00:00:00+00:00, run_after=2024-04-13T00:00:00+00:00
[2024-04-15T09:28:51.827+0000] {processor.py:179} INFO - Processing /opt/airflow/dags/customer_cluster_modeling.py took 1.191 seconds
[2024-04-15T09:29:22.052+0000] {processor.py:157} INFO - Started process (PID=203) to work on /opt/airflow/dags/customer_cluster_modeling.py
[2024-04-15T09:29:22.052+0000] {processor.py:826} INFO - Processing file /opt/airflow/dags/customer_cluster_modeling.py for tasks to queue
[2024-04-15T09:29:22.055+0000] {logging_mixin.py:150} INFO - [2024-04-15T09:29:22.055+0000] {dagbag.py:541} INFO - Filling up the DagBag from /opt/airflow/dags/customer_cluster_modeling.py
[2024-04-15T09:29:22.069+0000] {processor.py:836} INFO - DAG(s) dict_keys(['customer_cluster_modeling']) retrieved from /opt/airflow/dags/customer_cluster_modeling.py
[2024-04-15T09:29:22.295+0000] {logging_mixin.py:150} INFO - [2024-04-15T09:29:22.295+0000] {dag.py:2742} INFO - Sync 1 DAGs
[2024-04-15T09:29:22.322+0000] {logging_mixin.py:150} INFO - [2024-04-15T09:29:22.322+0000] {dag.py:3508} INFO - Setting next_dagrun for customer_cluster_modeling to 2024-04-12T00:00:00+00:00, run_after=2024-04-13T00:00:00+00:00
[2024-04-15T09:29:22.351+0000] {processor.py:179} INFO - Processing /opt/airflow/dags/customer_cluster_modeling.py took 0.302 seconds
[2024-04-15T09:29:52.682+0000] {processor.py:157} INFO - Started process (PID=240) to work on /opt/airflow/dags/customer_cluster_modeling.py
[2024-04-15T09:29:52.683+0000] {processor.py:826} INFO - Processing file /opt/airflow/dags/customer_cluster_modeling.py for tasks to queue
[2024-04-15T09:29:52.685+0000] {logging_mixin.py:150} INFO - [2024-04-15T09:29:52.685+0000] {dagbag.py:541} INFO - Filling up the DagBag from /opt/airflow/dags/customer_cluster_modeling.py
[2024-04-15T09:29:52.704+0000] {processor.py:836} INFO - DAG(s) dict_keys(['customer_cluster_modeling']) retrieved from /opt/airflow/dags/customer_cluster_modeling.py
[2024-04-15T09:29:52.737+0000] {logging_mixin.py:150} INFO - [2024-04-15T09:29:52.737+0000] {dag.py:2742} INFO - Sync 1 DAGs
[2024-04-15T09:29:52.773+0000] {logging_mixin.py:150} INFO - [2024-04-15T09:29:52.773+0000] {dag.py:3508} INFO - Setting next_dagrun for customer_cluster_modeling to 2024-04-12T00:00:00+00:00, run_after=2024-04-13T00:00:00+00:00
[2024-04-15T09:29:52.800+0000] {processor.py:179} INFO - Processing /opt/airflow/dags/customer_cluster_modeling.py took 0.122 seconds
[2024-04-15T09:30:22.989+0000] {processor.py:157} INFO - Started process (PID=268) to work on /opt/airflow/dags/customer_cluster_modeling.py
[2024-04-15T09:30:22.990+0000] {processor.py:826} INFO - Processing file /opt/airflow/dags/customer_cluster_modeling.py for tasks to queue
[2024-04-15T09:30:22.993+0000] {logging_mixin.py:150} INFO - [2024-04-15T09:30:22.992+0000] {dagbag.py:541} INFO - Filling up the DagBag from /opt/airflow/dags/customer_cluster_modeling.py
[2024-04-15T09:30:23.005+0000] {processor.py:836} INFO - DAG(s) dict_keys(['customer_cluster_modeling']) retrieved from /opt/airflow/dags/customer_cluster_modeling.py
[2024-04-15T09:30:23.040+0000] {logging_mixin.py:150} INFO - [2024-04-15T09:30:23.039+0000] {dag.py:2742} INFO - Sync 1 DAGs
[2024-04-15T09:30:23.077+0000] {logging_mixin.py:150} INFO - [2024-04-15T09:30:23.077+0000] {dag.py:3508} INFO - Setting next_dagrun for customer_cluster_modeling to 2024-04-12T00:00:00+00:00, run_after=2024-04-13T00:00:00+00:00
[2024-04-15T09:30:23.102+0000] {processor.py:179} INFO - Processing /opt/airflow/dags/customer_cluster_modeling.py took 0.117 seconds
[2024-04-15T09:30:53.321+0000] {processor.py:157} INFO - Started process (PID=308) to work on /opt/airflow/dags/customer_cluster_modeling.py
[2024-04-15T09:30:53.322+0000] {processor.py:826} INFO - Processing file /opt/airflow/dags/customer_cluster_modeling.py for tasks to queue
[2024-04-15T09:30:53.325+0000] {logging_mixin.py:150} INFO - [2024-04-15T09:30:53.324+0000] {dagbag.py:541} INFO - Filling up the DagBag from /opt/airflow/dags/customer_cluster_modeling.py
[2024-04-15T09:30:53.352+0000] {processor.py:836} INFO - DAG(s) dict_keys(['customer_cluster_modeling']) retrieved from /opt/airflow/dags/customer_cluster_modeling.py
[2024-04-15T09:30:53.428+0000] {logging_mixin.py:150} INFO - [2024-04-15T09:30:53.427+0000] {dag.py:2742} INFO - Sync 1 DAGs
[2024-04-15T09:30:53.499+0000] {logging_mixin.py:150} INFO - [2024-04-15T09:30:53.499+0000] {dag.py:3508} INFO - Setting next_dagrun for customer_cluster_modeling to 2024-04-12T00:00:00+00:00, run_after=2024-04-13T00:00:00+00:00
[2024-04-15T09:30:53.552+0000] {processor.py:179} INFO - Processing /opt/airflow/dags/customer_cluster_modeling.py took 0.234 seconds
[2024-04-15T09:31:23.746+0000] {processor.py:157} INFO - Started process (PID=336) to work on /opt/airflow/dags/customer_cluster_modeling.py
[2024-04-15T09:31:23.747+0000] {processor.py:826} INFO - Processing file /opt/airflow/dags/customer_cluster_modeling.py for tasks to queue
[2024-04-15T09:31:23.750+0000] {logging_mixin.py:150} INFO - [2024-04-15T09:31:23.749+0000] {dagbag.py:541} INFO - Filling up the DagBag from /opt/airflow/dags/customer_cluster_modeling.py
[2024-04-15T09:31:23.764+0000] {processor.py:836} INFO - DAG(s) dict_keys(['customer_cluster_modeling']) retrieved from /opt/airflow/dags/customer_cluster_modeling.py
[2024-04-15T09:31:23.797+0000] {logging_mixin.py:150} INFO - [2024-04-15T09:31:23.797+0000] {dag.py:2742} INFO - Sync 1 DAGs
[2024-04-15T09:31:23.834+0000] {logging_mixin.py:150} INFO - [2024-04-15T09:31:23.833+0000] {dag.py:3508} INFO - Setting next_dagrun for customer_cluster_modeling to 2024-04-12T00:00:00+00:00, run_after=2024-04-13T00:00:00+00:00
[2024-04-15T09:31:23.859+0000] {processor.py:179} INFO - Processing /opt/airflow/dags/customer_cluster_modeling.py took 0.117 seconds
[2024-04-15T09:31:54.064+0000] {processor.py:157} INFO - Started process (PID=365) to work on /opt/airflow/dags/customer_cluster_modeling.py
[2024-04-15T09:31:54.065+0000] {processor.py:826} INFO - Processing file /opt/airflow/dags/customer_cluster_modeling.py for tasks to queue
[2024-04-15T09:31:54.068+0000] {logging_mixin.py:150} INFO - [2024-04-15T09:31:54.067+0000] {dagbag.py:541} INFO - Filling up the DagBag from /opt/airflow/dags/customer_cluster_modeling.py
[2024-04-15T09:31:54.081+0000] {processor.py:836} INFO - DAG(s) dict_keys(['customer_cluster_modeling']) retrieved from /opt/airflow/dags/customer_cluster_modeling.py
[2024-04-15T09:31:54.116+0000] {logging_mixin.py:150} INFO - [2024-04-15T09:31:54.115+0000] {dag.py:2742} INFO - Sync 1 DAGs
[2024-04-15T09:31:54.156+0000] {logging_mixin.py:150} INFO - [2024-04-15T09:31:54.155+0000] {dag.py:3508} INFO - Setting next_dagrun for customer_cluster_modeling to 2024-04-12T00:00:00+00:00, run_after=2024-04-13T00:00:00+00:00
[2024-04-15T09:31:54.184+0000] {processor.py:179} INFO - Processing /opt/airflow/dags/customer_cluster_modeling.py took 0.124 seconds
[2024-04-15T09:32:24.438+0000] {processor.py:157} INFO - Started process (PID=405) to work on /opt/airflow/dags/customer_cluster_modeling.py
[2024-04-15T09:32:24.454+0000] {processor.py:826} INFO - Processing file /opt/airflow/dags/customer_cluster_modeling.py for tasks to queue
[2024-04-15T09:32:24.461+0000] {logging_mixin.py:150} INFO - [2024-04-15T09:32:24.461+0000] {dagbag.py:541} INFO - Filling up the DagBag from /opt/airflow/dags/customer_cluster_modeling.py
[2024-04-15T09:32:24.530+0000] {processor.py:836} INFO - DAG(s) dict_keys(['customer_cluster_modeling']) retrieved from /opt/airflow/dags/customer_cluster_modeling.py
[2024-04-15T09:32:24.698+0000] {logging_mixin.py:150} INFO - [2024-04-15T09:32:24.681+0000] {dag.py:2742} INFO - Sync 1 DAGs
[2024-04-15T09:32:24.802+0000] {logging_mixin.py:150} INFO - [2024-04-15T09:32:24.802+0000] {dag.py:3508} INFO - Setting next_dagrun for customer_cluster_modeling to 2024-04-15T00:00:00+00:00, run_after=2024-04-16T00:00:00+00:00
[2024-04-15T09:32:24.852+0000] {processor.py:179} INFO - Processing /opt/airflow/dags/customer_cluster_modeling.py took 0.419 seconds
[2024-04-15T09:32:55.087+0000] {processor.py:157} INFO - Started process (PID=446) to work on /opt/airflow/dags/customer_cluster_modeling.py
[2024-04-15T09:32:55.089+0000] {processor.py:826} INFO - Processing file /opt/airflow/dags/customer_cluster_modeling.py for tasks to queue
[2024-04-15T09:32:55.093+0000] {logging_mixin.py:150} INFO - [2024-04-15T09:32:55.092+0000] {dagbag.py:541} INFO - Filling up the DagBag from /opt/airflow/dags/customer_cluster_modeling.py
[2024-04-15T09:32:55.160+0000] {processor.py:836} INFO - DAG(s) dict_keys(['customer_cluster_modeling']) retrieved from /opt/airflow/dags/customer_cluster_modeling.py
[2024-04-15T09:32:55.227+0000] {logging_mixin.py:150} INFO - [2024-04-15T09:32:55.226+0000] {dag.py:2742} INFO - Sync 1 DAGs
[2024-04-15T09:32:55.292+0000] {logging_mixin.py:150} INFO - [2024-04-15T09:32:55.291+0000] {dag.py:3508} INFO - Setting next_dagrun for customer_cluster_modeling to 2024-04-15T00:00:00+00:00, run_after=2024-04-16T00:00:00+00:00
[2024-04-15T09:32:55.329+0000] {processor.py:179} INFO - Processing /opt/airflow/dags/customer_cluster_modeling.py took 0.246 seconds
[2024-04-15T09:33:25.520+0000] {processor.py:157} INFO - Started process (PID=475) to work on /opt/airflow/dags/customer_cluster_modeling.py
[2024-04-15T09:33:25.521+0000] {processor.py:826} INFO - Processing file /opt/airflow/dags/customer_cluster_modeling.py for tasks to queue
[2024-04-15T09:33:25.524+0000] {logging_mixin.py:150} INFO - [2024-04-15T09:33:25.523+0000] {dagbag.py:541} INFO - Filling up the DagBag from /opt/airflow/dags/customer_cluster_modeling.py
[2024-04-15T09:33:25.540+0000] {processor.py:836} INFO - DAG(s) dict_keys(['customer_cluster_modeling']) retrieved from /opt/airflow/dags/customer_cluster_modeling.py
[2024-04-15T09:33:25.573+0000] {logging_mixin.py:150} INFO - [2024-04-15T09:33:25.573+0000] {dag.py:2742} INFO - Sync 1 DAGs
[2024-04-15T09:33:25.611+0000] {logging_mixin.py:150} INFO - [2024-04-15T09:33:25.611+0000] {dag.py:3508} INFO - Setting next_dagrun for customer_cluster_modeling to 2024-04-15T00:00:00+00:00, run_after=2024-04-16T00:00:00+00:00
[2024-04-15T09:33:25.638+0000] {processor.py:179} INFO - Processing /opt/airflow/dags/customer_cluster_modeling.py took 0.121 seconds
[2024-04-15T09:33:55.940+0000] {processor.py:157} INFO - Started process (PID=505) to work on /opt/airflow/dags/customer_cluster_modeling.py
[2024-04-15T09:33:55.942+0000] {processor.py:826} INFO - Processing file /opt/airflow/dags/customer_cluster_modeling.py for tasks to queue
[2024-04-15T09:33:55.964+0000] {logging_mixin.py:150} INFO - [2024-04-15T09:33:55.964+0000] {dagbag.py:541} INFO - Filling up the DagBag from /opt/airflow/dags/customer_cluster_modeling.py
[2024-04-15T09:33:55.987+0000] {processor.py:836} INFO - DAG(s) dict_keys(['customer_cluster_modeling']) retrieved from /opt/airflow/dags/customer_cluster_modeling.py
[2024-04-15T09:33:56.052+0000] {logging_mixin.py:150} INFO - [2024-04-15T09:33:56.051+0000] {dag.py:2742} INFO - Sync 1 DAGs
[2024-04-15T09:33:56.104+0000] {logging_mixin.py:150} INFO - [2024-04-15T09:33:56.104+0000] {dag.py:3508} INFO - Setting next_dagrun for customer_cluster_modeling to 2024-04-15T00:00:00+00:00, run_after=2024-04-16T00:00:00+00:00
[2024-04-15T09:33:56.134+0000] {processor.py:179} INFO - Processing /opt/airflow/dags/customer_cluster_modeling.py took 0.201 seconds
[2024-04-15T09:34:26.292+0000] {processor.py:157} INFO - Started process (PID=543) to work on /opt/airflow/dags/customer_cluster_modeling.py
[2024-04-15T09:34:26.293+0000] {processor.py:826} INFO - Processing file /opt/airflow/dags/customer_cluster_modeling.py for tasks to queue
[2024-04-15T09:34:26.295+0000] {logging_mixin.py:150} INFO - [2024-04-15T09:34:26.295+0000] {dagbag.py:541} INFO - Filling up the DagBag from /opt/airflow/dags/customer_cluster_modeling.py
[2024-04-15T09:34:26.308+0000] {processor.py:836} INFO - DAG(s) dict_keys(['customer_cluster_modeling']) retrieved from /opt/airflow/dags/customer_cluster_modeling.py
[2024-04-15T09:34:26.345+0000] {logging_mixin.py:150} INFO - [2024-04-15T09:34:26.344+0000] {dag.py:2742} INFO - Sync 1 DAGs
[2024-04-15T09:34:26.384+0000] {logging_mixin.py:150} INFO - [2024-04-15T09:34:26.384+0000] {dag.py:3508} INFO - Setting next_dagrun for customer_cluster_modeling to 2024-04-15T00:00:00+00:00, run_after=2024-04-16T00:00:00+00:00
[2024-04-15T09:34:26.411+0000] {processor.py:179} INFO - Processing /opt/airflow/dags/customer_cluster_modeling.py took 0.123 seconds
[2024-04-15T09:34:56.617+0000] {processor.py:157} INFO - Started process (PID=575) to work on /opt/airflow/dags/customer_cluster_modeling.py
[2024-04-15T09:34:56.618+0000] {processor.py:826} INFO - Processing file /opt/airflow/dags/customer_cluster_modeling.py for tasks to queue
[2024-04-15T09:34:56.620+0000] {logging_mixin.py:150} INFO - [2024-04-15T09:34:56.620+0000] {dagbag.py:541} INFO - Filling up the DagBag from /opt/airflow/dags/customer_cluster_modeling.py
[2024-04-15T09:34:56.632+0000] {processor.py:836} INFO - DAG(s) dict_keys(['customer_cluster_modeling']) retrieved from /opt/airflow/dags/customer_cluster_modeling.py
[2024-04-15T09:34:56.666+0000] {logging_mixin.py:150} INFO - [2024-04-15T09:34:56.665+0000] {dag.py:2742} INFO - Sync 1 DAGs
[2024-04-15T09:34:56.702+0000] {logging_mixin.py:150} INFO - [2024-04-15T09:34:56.702+0000] {dag.py:3508} INFO - Setting next_dagrun for customer_cluster_modeling to 2024-04-15T00:00:00+00:00, run_after=2024-04-16T00:00:00+00:00
[2024-04-15T09:34:56.729+0000] {processor.py:179} INFO - Processing /opt/airflow/dags/customer_cluster_modeling.py took 0.116 seconds
[2024-04-15T09:35:26.938+0000] {processor.py:157} INFO - Started process (PID=613) to work on /opt/airflow/dags/customer_cluster_modeling.py
[2024-04-15T09:35:26.939+0000] {processor.py:826} INFO - Processing file /opt/airflow/dags/customer_cluster_modeling.py for tasks to queue
[2024-04-15T09:35:26.942+0000] {logging_mixin.py:150} INFO - [2024-04-15T09:35:26.942+0000] {dagbag.py:541} INFO - Filling up the DagBag from /opt/airflow/dags/customer_cluster_modeling.py
[2024-04-15T09:35:26.964+0000] {processor.py:836} INFO - DAG(s) dict_keys(['customer_cluster_modeling']) retrieved from /opt/airflow/dags/customer_cluster_modeling.py
[2024-04-15T09:35:27.028+0000] {logging_mixin.py:150} INFO - [2024-04-15T09:35:27.027+0000] {dag.py:2742} INFO - Sync 1 DAGs
[2024-04-15T09:35:27.094+0000] {logging_mixin.py:150} INFO - [2024-04-15T09:35:27.093+0000] {dag.py:3508} INFO - Setting next_dagrun for customer_cluster_modeling to 2024-04-15T00:00:00+00:00, run_after=2024-04-16T00:00:00+00:00
[2024-04-15T09:35:27.130+0000] {processor.py:179} INFO - Processing /opt/airflow/dags/customer_cluster_modeling.py took 0.195 seconds
[2024-04-15T09:35:57.303+0000] {processor.py:157} INFO - Started process (PID=643) to work on /opt/airflow/dags/customer_cluster_modeling.py
[2024-04-15T09:35:57.305+0000] {processor.py:826} INFO - Processing file /opt/airflow/dags/customer_cluster_modeling.py for tasks to queue
[2024-04-15T09:35:57.307+0000] {logging_mixin.py:150} INFO - [2024-04-15T09:35:57.307+0000] {dagbag.py:541} INFO - Filling up the DagBag from /opt/airflow/dags/customer_cluster_modeling.py
[2024-04-15T09:35:57.321+0000] {processor.py:836} INFO - DAG(s) dict_keys(['customer_cluster_modeling']) retrieved from /opt/airflow/dags/customer_cluster_modeling.py
[2024-04-15T09:35:57.359+0000] {logging_mixin.py:150} INFO - [2024-04-15T09:35:57.358+0000] {dag.py:2742} INFO - Sync 1 DAGs
[2024-04-15T09:35:57.397+0000] {logging_mixin.py:150} INFO - [2024-04-15T09:35:57.397+0000] {dag.py:3508} INFO - Setting next_dagrun for customer_cluster_modeling to 2024-04-15T00:00:00+00:00, run_after=2024-04-16T00:00:00+00:00
[2024-04-15T09:35:57.424+0000] {processor.py:179} INFO - Processing /opt/airflow/dags/customer_cluster_modeling.py took 0.124 seconds
[2024-04-15T09:36:27.611+0000] {processor.py:157} INFO - Started process (PID=679) to work on /opt/airflow/dags/customer_cluster_modeling.py
[2024-04-15T09:36:27.619+0000] {processor.py:826} INFO - Processing file /opt/airflow/dags/customer_cluster_modeling.py for tasks to queue
[2024-04-15T09:36:27.622+0000] {logging_mixin.py:150} INFO - [2024-04-15T09:36:27.622+0000] {dagbag.py:541} INFO - Filling up the DagBag from /opt/airflow/dags/customer_cluster_modeling.py
[2024-04-15T09:36:27.641+0000] {processor.py:836} INFO - DAG(s) dict_keys(['customer_cluster_modeling']) retrieved from /opt/airflow/dags/customer_cluster_modeling.py
[2024-04-15T09:36:27.700+0000] {logging_mixin.py:150} INFO - [2024-04-15T09:36:27.699+0000] {dag.py:2742} INFO - Sync 1 DAGs
[2024-04-15T09:36:27.779+0000] {logging_mixin.py:150} INFO - [2024-04-15T09:36:27.777+0000] {dag.py:3508} INFO - Setting next_dagrun for customer_cluster_modeling to 2024-04-15T00:00:00+00:00, run_after=2024-04-16T00:00:00+00:00
[2024-04-15T09:36:27.827+0000] {processor.py:179} INFO - Processing /opt/airflow/dags/customer_cluster_modeling.py took 0.220 seconds
[2024-04-15T09:36:58.807+0000] {processor.py:157} INFO - Started process (PID=718) to work on /opt/airflow/dags/customer_cluster_modeling.py
[2024-04-15T09:36:58.808+0000] {processor.py:826} INFO - Processing file /opt/airflow/dags/customer_cluster_modeling.py for tasks to queue
[2024-04-15T09:36:58.813+0000] {logging_mixin.py:150} INFO - [2024-04-15T09:36:58.813+0000] {dagbag.py:541} INFO - Filling up the DagBag from /opt/airflow/dags/customer_cluster_modeling.py
[2024-04-15T09:36:58.831+0000] {processor.py:836} INFO - DAG(s) dict_keys(['customer_cluster_modeling']) retrieved from /opt/airflow/dags/customer_cluster_modeling.py
[2024-04-15T09:36:58.872+0000] {logging_mixin.py:150} INFO - [2024-04-15T09:36:58.872+0000] {dag.py:2742} INFO - Sync 1 DAGs
[2024-04-15T09:36:58.898+0000] {logging_mixin.py:150} INFO - [2024-04-15T09:36:58.898+0000] {dag.py:3508} INFO - Setting next_dagrun for customer_cluster_modeling to 2024-04-15T00:00:00+00:00, run_after=2024-04-16T00:00:00+00:00
[2024-04-15T09:36:58.919+0000] {processor.py:179} INFO - Processing /opt/airflow/dags/customer_cluster_modeling.py took 0.126 seconds
[2024-04-15T09:37:29.110+0000] {processor.py:157} INFO - Started process (PID=755) to work on /opt/airflow/dags/customer_cluster_modeling.py
[2024-04-15T09:37:29.111+0000] {processor.py:826} INFO - Processing file /opt/airflow/dags/customer_cluster_modeling.py for tasks to queue
[2024-04-15T09:37:29.113+0000] {logging_mixin.py:150} INFO - [2024-04-15T09:37:29.113+0000] {dagbag.py:541} INFO - Filling up the DagBag from /opt/airflow/dags/customer_cluster_modeling.py
[2024-04-15T09:37:29.129+0000] {processor.py:836} INFO - DAG(s) dict_keys(['customer_cluster_modeling']) retrieved from /opt/airflow/dags/customer_cluster_modeling.py
[2024-04-15T09:37:29.169+0000] {logging_mixin.py:150} INFO - [2024-04-15T09:37:29.168+0000] {dag.py:2742} INFO - Sync 1 DAGs
[2024-04-15T09:37:29.225+0000] {logging_mixin.py:150} INFO - [2024-04-15T09:37:29.224+0000] {dag.py:3508} INFO - Setting next_dagrun for customer_cluster_modeling to 2024-04-15T00:00:00+00:00, run_after=2024-04-16T00:00:00+00:00
[2024-04-15T09:37:29.266+0000] {processor.py:179} INFO - Processing /opt/airflow/dags/customer_cluster_modeling.py took 0.159 seconds
[2024-04-15T09:38:00.296+0000] {processor.py:157} INFO - Started process (PID=794) to work on /opt/airflow/dags/customer_cluster_modeling.py
[2024-04-15T09:38:00.297+0000] {processor.py:826} INFO - Processing file /opt/airflow/dags/customer_cluster_modeling.py for tasks to queue
[2024-04-15T09:38:00.297+0000] {logging_mixin.py:150} INFO - [2024-04-15T09:38:00.297+0000] {dagbag.py:541} INFO - Filling up the DagBag from /opt/airflow/dags/customer_cluster_modeling.py
[2024-04-15T09:38:00.306+0000] {processor.py:836} INFO - DAG(s) dict_keys(['customer_cluster_modeling']) retrieved from /opt/airflow/dags/customer_cluster_modeling.py
[2024-04-15T09:38:00.330+0000] {logging_mixin.py:150} INFO - [2024-04-15T09:38:00.330+0000] {dag.py:2742} INFO - Sync 1 DAGs
[2024-04-15T09:38:00.357+0000] {logging_mixin.py:150} INFO - [2024-04-15T09:38:00.357+0000] {dag.py:3508} INFO - Setting next_dagrun for customer_cluster_modeling to 2024-04-15T00:00:00+00:00, run_after=2024-04-16T00:00:00+00:00
[2024-04-15T09:38:00.381+0000] {processor.py:179} INFO - Processing /opt/airflow/dags/customer_cluster_modeling.py took 0.088 seconds
[2024-04-15T09:38:30.466+0000] {processor.py:157} INFO - Started process (PID=824) to work on /opt/airflow/dags/customer_cluster_modeling.py
[2024-04-15T09:38:30.466+0000] {processor.py:826} INFO - Processing file /opt/airflow/dags/customer_cluster_modeling.py for tasks to queue
[2024-04-15T09:38:30.467+0000] {logging_mixin.py:150} INFO - [2024-04-15T09:38:30.467+0000] {dagbag.py:541} INFO - Filling up the DagBag from /opt/airflow/dags/customer_cluster_modeling.py
[2024-04-15T09:38:30.476+0000] {processor.py:836} INFO - DAG(s) dict_keys(['customer_cluster_modeling']) retrieved from /opt/airflow/dags/customer_cluster_modeling.py
[2024-04-15T09:38:30.498+0000] {logging_mixin.py:150} INFO - [2024-04-15T09:38:30.498+0000] {dag.py:2742} INFO - Sync 1 DAGs
[2024-04-15T09:38:30.522+0000] {logging_mixin.py:150} INFO - [2024-04-15T09:38:30.522+0000] {dag.py:3508} INFO - Setting next_dagrun for customer_cluster_modeling to 2024-04-15T00:00:00+00:00, run_after=2024-04-16T00:00:00+00:00
[2024-04-15T09:38:30.546+0000] {processor.py:179} INFO - Processing /opt/airflow/dags/customer_cluster_modeling.py took 0.084 seconds
[2024-04-15T09:39:00.626+0000] {processor.py:157} INFO - Started process (PID=861) to work on /opt/airflow/dags/customer_cluster_modeling.py
[2024-04-15T09:39:00.627+0000] {processor.py:826} INFO - Processing file /opt/airflow/dags/customer_cluster_modeling.py for tasks to queue
[2024-04-15T09:39:00.627+0000] {logging_mixin.py:150} INFO - [2024-04-15T09:39:00.627+0000] {dagbag.py:541} INFO - Filling up the DagBag from /opt/airflow/dags/customer_cluster_modeling.py
[2024-04-15T09:39:00.637+0000] {processor.py:836} INFO - DAG(s) dict_keys(['customer_cluster_modeling']) retrieved from /opt/airflow/dags/customer_cluster_modeling.py
[2024-04-15T09:39:00.659+0000] {logging_mixin.py:150} INFO - [2024-04-15T09:39:00.659+0000] {dag.py:2742} INFO - Sync 1 DAGs
[2024-04-15T09:39:00.682+0000] {logging_mixin.py:150} INFO - [2024-04-15T09:39:00.682+0000] {dag.py:3508} INFO - Setting next_dagrun for customer_cluster_modeling to 2024-04-15T00:00:00+00:00, run_after=2024-04-16T00:00:00+00:00
[2024-04-15T09:39:00.704+0000] {processor.py:179} INFO - Processing /opt/airflow/dags/customer_cluster_modeling.py took 0.081 seconds
[2024-04-15T09:39:30.794+0000] {processor.py:157} INFO - Started process (PID=889) to work on /opt/airflow/dags/customer_cluster_modeling.py
[2024-04-15T09:39:30.795+0000] {processor.py:826} INFO - Processing file /opt/airflow/dags/customer_cluster_modeling.py for tasks to queue
[2024-04-15T09:39:30.796+0000] {logging_mixin.py:150} INFO - [2024-04-15T09:39:30.796+0000] {dagbag.py:541} INFO - Filling up the DagBag from /opt/airflow/dags/customer_cluster_modeling.py
[2024-04-15T09:39:30.805+0000] {processor.py:836} INFO - DAG(s) dict_keys(['customer_cluster_modeling']) retrieved from /opt/airflow/dags/customer_cluster_modeling.py
[2024-04-15T09:39:30.828+0000] {logging_mixin.py:150} INFO - [2024-04-15T09:39:30.828+0000] {dag.py:2742} INFO - Sync 1 DAGs
[2024-04-15T09:39:30.860+0000] {logging_mixin.py:150} INFO - [2024-04-15T09:39:30.860+0000] {dag.py:3508} INFO - Setting next_dagrun for customer_cluster_modeling to 2024-04-15T00:00:00+00:00, run_after=2024-04-16T00:00:00+00:00
[2024-04-15T09:39:30.880+0000] {processor.py:179} INFO - Processing /opt/airflow/dags/customer_cluster_modeling.py took 0.088 seconds
[2024-04-15T09:40:01.075+0000] {processor.py:157} INFO - Started process (PID=927) to work on /opt/airflow/dags/customer_cluster_modeling.py
[2024-04-15T09:40:01.076+0000] {processor.py:826} INFO - Processing file /opt/airflow/dags/customer_cluster_modeling.py for tasks to queue
[2024-04-15T09:40:01.077+0000] {logging_mixin.py:150} INFO - [2024-04-15T09:40:01.076+0000] {dagbag.py:541} INFO - Filling up the DagBag from /opt/airflow/dags/customer_cluster_modeling.py
[2024-04-15T09:40:01.087+0000] {processor.py:836} INFO - DAG(s) dict_keys(['customer_cluster_modeling']) retrieved from /opt/airflow/dags/customer_cluster_modeling.py
[2024-04-15T09:40:01.110+0000] {logging_mixin.py:150} INFO - [2024-04-15T09:40:01.110+0000] {dag.py:2742} INFO - Sync 1 DAGs
[2024-04-15T09:40:01.133+0000] {logging_mixin.py:150} INFO - [2024-04-15T09:40:01.133+0000] {dag.py:3508} INFO - Setting next_dagrun for customer_cluster_modeling to 2024-04-15T00:00:00+00:00, run_after=2024-04-16T00:00:00+00:00
[2024-04-15T09:40:01.155+0000] {processor.py:179} INFO - Processing /opt/airflow/dags/customer_cluster_modeling.py took 0.084 seconds
[2024-04-15T09:40:31.248+0000] {processor.py:157} INFO - Started process (PID=956) to work on /opt/airflow/dags/customer_cluster_modeling.py
[2024-04-15T09:40:31.249+0000] {processor.py:826} INFO - Processing file /opt/airflow/dags/customer_cluster_modeling.py for tasks to queue
[2024-04-15T09:40:31.249+0000] {logging_mixin.py:150} INFO - [2024-04-15T09:40:31.249+0000] {dagbag.py:541} INFO - Filling up the DagBag from /opt/airflow/dags/customer_cluster_modeling.py
[2024-04-15T09:40:31.261+0000] {processor.py:836} INFO - DAG(s) dict_keys(['customer_cluster_modeling']) retrieved from /opt/airflow/dags/customer_cluster_modeling.py
[2024-04-15T09:40:31.293+0000] {logging_mixin.py:150} INFO - [2024-04-15T09:40:31.292+0000] {dag.py:2742} INFO - Sync 1 DAGs
[2024-04-15T09:40:31.325+0000] {logging_mixin.py:150} INFO - [2024-04-15T09:40:31.325+0000] {dag.py:3508} INFO - Setting next_dagrun for customer_cluster_modeling to 2024-04-15T00:00:00+00:00, run_after=2024-04-16T00:00:00+00:00
[2024-04-15T09:40:31.349+0000] {processor.py:179} INFO - Processing /opt/airflow/dags/customer_cluster_modeling.py took 0.105 seconds
[2024-04-15T09:41:01.433+0000] {processor.py:157} INFO - Started process (PID=993) to work on /opt/airflow/dags/customer_cluster_modeling.py
[2024-04-15T09:41:01.440+0000] {processor.py:826} INFO - Processing file /opt/airflow/dags/customer_cluster_modeling.py for tasks to queue
[2024-04-15T09:41:01.442+0000] {logging_mixin.py:150} INFO - [2024-04-15T09:41:01.441+0000] {dagbag.py:541} INFO - Filling up the DagBag from /opt/airflow/dags/customer_cluster_modeling.py
[2024-04-15T09:41:01.470+0000] {processor.py:836} INFO - DAG(s) dict_keys(['customer_cluster_modeling']) retrieved from /opt/airflow/dags/customer_cluster_modeling.py
[2024-04-15T09:41:01.521+0000] {logging_mixin.py:150} INFO - [2024-04-15T09:41:01.521+0000] {dag.py:2742} INFO - Sync 1 DAGs
[2024-04-15T09:41:01.583+0000] {logging_mixin.py:150} INFO - [2024-04-15T09:41:01.583+0000] {dag.py:3508} INFO - Setting next_dagrun for customer_cluster_modeling to 2024-04-15T00:00:00+00:00, run_after=2024-04-16T00:00:00+00:00
[2024-04-15T09:41:01.635+0000] {processor.py:179} INFO - Processing /opt/airflow/dags/customer_cluster_modeling.py took 0.204 seconds
[2024-04-15T09:41:32.605+0000] {processor.py:157} INFO - Started process (PID=1023) to work on /opt/airflow/dags/customer_cluster_modeling.py
[2024-04-15T09:41:32.606+0000] {processor.py:826} INFO - Processing file /opt/airflow/dags/customer_cluster_modeling.py for tasks to queue
[2024-04-15T09:41:32.606+0000] {logging_mixin.py:150} INFO - [2024-04-15T09:41:32.606+0000] {dagbag.py:541} INFO - Filling up the DagBag from /opt/airflow/dags/customer_cluster_modeling.py
[2024-04-15T09:41:32.616+0000] {processor.py:836} INFO - DAG(s) dict_keys(['customer_cluster_modeling']) retrieved from /opt/airflow/dags/customer_cluster_modeling.py
[2024-04-15T09:41:32.639+0000] {logging_mixin.py:150} INFO - [2024-04-15T09:41:32.638+0000] {dag.py:2742} INFO - Sync 1 DAGs
[2024-04-15T09:41:32.662+0000] {logging_mixin.py:150} INFO - [2024-04-15T09:41:32.662+0000] {dag.py:3508} INFO - Setting next_dagrun for customer_cluster_modeling to 2024-04-15T00:00:00+00:00, run_after=2024-04-16T00:00:00+00:00
[2024-04-15T09:41:32.685+0000] {processor.py:179} INFO - Processing /opt/airflow/dags/customer_cluster_modeling.py took 0.084 seconds
[2024-04-15T09:42:02.805+0000] {processor.py:157} INFO - Started process (PID=1052) to work on /opt/airflow/dags/customer_cluster_modeling.py
[2024-04-15T09:42:02.806+0000] {processor.py:826} INFO - Processing file /opt/airflow/dags/customer_cluster_modeling.py for tasks to queue
[2024-04-15T09:42:02.807+0000] {logging_mixin.py:150} INFO - [2024-04-15T09:42:02.807+0000] {dagbag.py:541} INFO - Filling up the DagBag from /opt/airflow/dags/customer_cluster_modeling.py
[2024-04-15T09:42:02.816+0000] {processor.py:836} INFO - DAG(s) dict_keys(['customer_cluster_modeling']) retrieved from /opt/airflow/dags/customer_cluster_modeling.py
[2024-04-15T09:42:02.840+0000] {logging_mixin.py:150} INFO - [2024-04-15T09:42:02.840+0000] {dag.py:2742} INFO - Sync 1 DAGs
[2024-04-15T09:42:02.863+0000] {logging_mixin.py:150} INFO - [2024-04-15T09:42:02.863+0000] {dag.py:3508} INFO - Setting next_dagrun for customer_cluster_modeling to 2024-04-15T00:00:00+00:00, run_after=2024-04-16T00:00:00+00:00
[2024-04-15T09:42:02.884+0000] {processor.py:179} INFO - Processing /opt/airflow/dags/customer_cluster_modeling.py took 0.081 seconds
[2024-04-15T09:42:32.987+0000] {processor.py:157} INFO - Started process (PID=1089) to work on /opt/airflow/dags/customer_cluster_modeling.py
[2024-04-15T09:42:32.988+0000] {processor.py:826} INFO - Processing file /opt/airflow/dags/customer_cluster_modeling.py for tasks to queue
[2024-04-15T09:42:32.990+0000] {logging_mixin.py:150} INFO - [2024-04-15T09:42:32.989+0000] {dagbag.py:541} INFO - Filling up the DagBag from /opt/airflow/dags/customer_cluster_modeling.py
[2024-04-15T09:42:33.000+0000] {processor.py:836} INFO - DAG(s) dict_keys(['customer_cluster_modeling']) retrieved from /opt/airflow/dags/customer_cluster_modeling.py
[2024-04-15T09:42:33.031+0000] {logging_mixin.py:150} INFO - [2024-04-15T09:42:33.031+0000] {dag.py:2742} INFO - Sync 1 DAGs
[2024-04-15T09:42:33.054+0000] {logging_mixin.py:150} INFO - [2024-04-15T09:42:33.054+0000] {dag.py:3508} INFO - Setting next_dagrun for customer_cluster_modeling to 2024-04-15T00:00:00+00:00, run_after=2024-04-16T00:00:00+00:00
[2024-04-15T09:42:33.077+0000] {processor.py:179} INFO - Processing /opt/airflow/dags/customer_cluster_modeling.py took 0.093 seconds
[2024-04-15T09:43:03.138+0000] {processor.py:157} INFO - Started process (PID=1117) to work on /opt/airflow/dags/customer_cluster_modeling.py
[2024-04-15T09:43:03.140+0000] {processor.py:826} INFO - Processing file /opt/airflow/dags/customer_cluster_modeling.py for tasks to queue
[2024-04-15T09:43:03.141+0000] {logging_mixin.py:150} INFO - [2024-04-15T09:43:03.140+0000] {dagbag.py:541} INFO - Filling up the DagBag from /opt/airflow/dags/customer_cluster_modeling.py
[2024-04-15T09:43:03.150+0000] {processor.py:836} INFO - DAG(s) dict_keys(['customer_cluster_modeling']) retrieved from /opt/airflow/dags/customer_cluster_modeling.py
[2024-04-15T09:43:03.172+0000] {logging_mixin.py:150} INFO - [2024-04-15T09:43:03.172+0000] {dag.py:2742} INFO - Sync 1 DAGs
[2024-04-15T09:43:03.195+0000] {logging_mixin.py:150} INFO - [2024-04-15T09:43:03.195+0000] {dag.py:3508} INFO - Setting next_dagrun for customer_cluster_modeling to 2024-04-15T00:00:00+00:00, run_after=2024-04-16T00:00:00+00:00
[2024-04-15T09:43:03.216+0000] {processor.py:179} INFO - Processing /opt/airflow/dags/customer_cluster_modeling.py took 0.081 seconds
[2024-04-15T09:43:33.313+0000] {processor.py:157} INFO - Started process (PID=1155) to work on /opt/airflow/dags/customer_cluster_modeling.py
[2024-04-15T09:43:33.314+0000] {processor.py:826} INFO - Processing file /opt/airflow/dags/customer_cluster_modeling.py for tasks to queue
[2024-04-15T09:43:33.315+0000] {logging_mixin.py:150} INFO - [2024-04-15T09:43:33.315+0000] {dagbag.py:541} INFO - Filling up the DagBag from /opt/airflow/dags/customer_cluster_modeling.py
[2024-04-15T09:43:33.329+0000] {processor.py:836} INFO - DAG(s) dict_keys(['customer_cluster_modeling']) retrieved from /opt/airflow/dags/customer_cluster_modeling.py
[2024-04-15T09:43:33.368+0000] {logging_mixin.py:150} INFO - [2024-04-15T09:43:33.368+0000] {dag.py:2742} INFO - Sync 1 DAGs
[2024-04-15T09:43:33.406+0000] {logging_mixin.py:150} INFO - [2024-04-15T09:43:33.406+0000] {dag.py:3508} INFO - Setting next_dagrun for customer_cluster_modeling to 2024-04-15T00:00:00+00:00, run_after=2024-04-16T00:00:00+00:00
[2024-04-15T09:43:33.448+0000] {processor.py:179} INFO - Processing /opt/airflow/dags/customer_cluster_modeling.py took 0.139 seconds
[2024-04-15T09:44:04.496+0000] {processor.py:157} INFO - Started process (PID=1184) to work on /opt/airflow/dags/customer_cluster_modeling.py
[2024-04-15T09:44:04.497+0000] {processor.py:826} INFO - Processing file /opt/airflow/dags/customer_cluster_modeling.py for tasks to queue
[2024-04-15T09:44:04.498+0000] {logging_mixin.py:150} INFO - [2024-04-15T09:44:04.498+0000] {dagbag.py:541} INFO - Filling up the DagBag from /opt/airflow/dags/customer_cluster_modeling.py
[2024-04-15T09:44:04.513+0000] {processor.py:836} INFO - DAG(s) dict_keys(['customer_cluster_modeling']) retrieved from /opt/airflow/dags/customer_cluster_modeling.py
[2024-04-15T09:44:04.544+0000] {logging_mixin.py:150} INFO - [2024-04-15T09:44:04.544+0000] {dag.py:2742} INFO - Sync 1 DAGs
[2024-04-15T09:44:04.579+0000] {logging_mixin.py:150} INFO - [2024-04-15T09:44:04.579+0000] {dag.py:3508} INFO - Setting next_dagrun for customer_cluster_modeling to 2024-04-15T00:00:00+00:00, run_after=2024-04-16T00:00:00+00:00
[2024-04-15T09:44:04.600+0000] {processor.py:179} INFO - Processing /opt/airflow/dags/customer_cluster_modeling.py took 0.108 seconds
[2024-04-15T09:44:34.662+0000] {processor.py:157} INFO - Started process (PID=1224) to work on /opt/airflow/dags/customer_cluster_modeling.py
[2024-04-15T09:44:34.663+0000] {processor.py:826} INFO - Processing file /opt/airflow/dags/customer_cluster_modeling.py for tasks to queue
[2024-04-15T09:44:34.664+0000] {logging_mixin.py:150} INFO - [2024-04-15T09:44:34.663+0000] {dagbag.py:541} INFO - Filling up the DagBag from /opt/airflow/dags/customer_cluster_modeling.py
[2024-04-15T09:44:34.679+0000] {processor.py:836} INFO - DAG(s) dict_keys(['customer_cluster_modeling']) retrieved from /opt/airflow/dags/customer_cluster_modeling.py
[2024-04-15T09:44:34.713+0000] {logging_mixin.py:150} INFO - [2024-04-15T09:44:34.713+0000] {dag.py:2742} INFO - Sync 1 DAGs
[2024-04-15T09:44:34.756+0000] {logging_mixin.py:150} INFO - [2024-04-15T09:44:34.756+0000] {dag.py:3508} INFO - Setting next_dagrun for customer_cluster_modeling to 2024-04-15T00:00:00+00:00, run_after=2024-04-16T00:00:00+00:00
[2024-04-15T09:44:34.788+0000] {processor.py:179} INFO - Processing /opt/airflow/dags/customer_cluster_modeling.py took 0.129 seconds
[2024-04-15T09:45:04.834+0000] {processor.py:157} INFO - Started process (PID=1251) to work on /opt/airflow/dags/customer_cluster_modeling.py
[2024-04-15T09:45:04.836+0000] {processor.py:826} INFO - Processing file /opt/airflow/dags/customer_cluster_modeling.py for tasks to queue
[2024-04-15T09:45:04.837+0000] {logging_mixin.py:150} INFO - [2024-04-15T09:45:04.836+0000] {dagbag.py:541} INFO - Filling up the DagBag from /opt/airflow/dags/customer_cluster_modeling.py
[2024-04-15T09:45:04.847+0000] {processor.py:836} INFO - DAG(s) dict_keys(['customer_cluster_modeling']) retrieved from /opt/airflow/dags/customer_cluster_modeling.py
[2024-04-15T09:45:04.870+0000] {logging_mixin.py:150} INFO - [2024-04-15T09:45:04.869+0000] {dag.py:2742} INFO - Sync 1 DAGs
[2024-04-15T09:45:04.893+0000] {logging_mixin.py:150} INFO - [2024-04-15T09:45:04.893+0000] {dag.py:3508} INFO - Setting next_dagrun for customer_cluster_modeling to 2024-04-15T00:00:00+00:00, run_after=2024-04-16T00:00:00+00:00
[2024-04-15T09:45:04.915+0000] {processor.py:179} INFO - Processing /opt/airflow/dags/customer_cluster_modeling.py took 0.086 seconds
[2024-04-15T09:45:35.026+0000] {processor.py:157} INFO - Started process (PID=1280) to work on /opt/airflow/dags/customer_cluster_modeling.py
[2024-04-15T09:45:35.027+0000] {processor.py:826} INFO - Processing file /opt/airflow/dags/customer_cluster_modeling.py for tasks to queue
[2024-04-15T09:45:35.027+0000] {logging_mixin.py:150} INFO - [2024-04-15T09:45:35.027+0000] {dagbag.py:541} INFO - Filling up the DagBag from /opt/airflow/dags/customer_cluster_modeling.py
[2024-04-15T09:45:35.037+0000] {processor.py:836} INFO - DAG(s) dict_keys(['customer_cluster_modeling']) retrieved from /opt/airflow/dags/customer_cluster_modeling.py
[2024-04-15T09:45:35.059+0000] {logging_mixin.py:150} INFO - [2024-04-15T09:45:35.059+0000] {dag.py:2742} INFO - Sync 1 DAGs
[2024-04-15T09:45:35.082+0000] {logging_mixin.py:150} INFO - [2024-04-15T09:45:35.082+0000] {dag.py:3508} INFO - Setting next_dagrun for customer_cluster_modeling to 2024-04-15T00:00:00+00:00, run_after=2024-04-16T00:00:00+00:00
[2024-04-15T09:45:35.102+0000] {processor.py:179} INFO - Processing /opt/airflow/dags/customer_cluster_modeling.py took 0.079 seconds
[2024-04-15T09:46:05.354+0000] {processor.py:157} INFO - Started process (PID=1329) to work on /opt/airflow/dags/customer_cluster_modeling.py
[2024-04-15T09:46:05.365+0000] {processor.py:826} INFO - Processing file /opt/airflow/dags/customer_cluster_modeling.py for tasks to queue
[2024-04-15T09:46:05.369+0000] {logging_mixin.py:150} INFO - [2024-04-15T09:46:05.368+0000] {dagbag.py:541} INFO - Filling up the DagBag from /opt/airflow/dags/customer_cluster_modeling.py
[2024-04-15T09:46:05.394+0000] {processor.py:836} INFO - DAG(s) dict_keys(['customer_cluster_modeling']) retrieved from /opt/airflow/dags/customer_cluster_modeling.py
[2024-04-15T09:46:05.462+0000] {logging_mixin.py:150} INFO - [2024-04-15T09:46:05.462+0000] {dag.py:2742} INFO - Sync 1 DAGs
[2024-04-15T09:46:05.568+0000] {logging_mixin.py:150} INFO - [2024-04-15T09:46:05.567+0000] {dag.py:3508} INFO - Setting next_dagrun for customer_cluster_modeling to 2024-04-15T00:00:00+00:00, run_after=2024-04-16T00:00:00+00:00
[2024-04-15T09:46:05.599+0000] {processor.py:179} INFO - Processing /opt/airflow/dags/customer_cluster_modeling.py took 0.261 seconds
[2024-04-15T09:46:35.738+0000] {processor.py:157} INFO - Started process (PID=1363) to work on /opt/airflow/dags/customer_cluster_modeling.py
[2024-04-15T09:46:35.738+0000] {processor.py:826} INFO - Processing file /opt/airflow/dags/customer_cluster_modeling.py for tasks to queue
[2024-04-15T09:46:35.739+0000] {logging_mixin.py:150} INFO - [2024-04-15T09:46:35.739+0000] {dagbag.py:541} INFO - Filling up the DagBag from /opt/airflow/dags/customer_cluster_modeling.py
[2024-04-15T09:46:35.748+0000] {processor.py:836} INFO - DAG(s) dict_keys(['customer_cluster_modeling']) retrieved from /opt/airflow/dags/customer_cluster_modeling.py
[2024-04-15T09:46:35.773+0000] {logging_mixin.py:150} INFO - [2024-04-15T09:46:35.773+0000] {dag.py:2742} INFO - Sync 1 DAGs
[2024-04-15T09:46:35.796+0000] {logging_mixin.py:150} INFO - [2024-04-15T09:46:35.796+0000] {dag.py:3508} INFO - Setting next_dagrun for customer_cluster_modeling to 2024-04-15T00:00:00+00:00, run_after=2024-04-16T00:00:00+00:00
[2024-04-15T09:46:35.818+0000] {processor.py:179} INFO - Processing /opt/airflow/dags/customer_cluster_modeling.py took 0.084 seconds
[2024-04-15T09:47:05.976+0000] {processor.py:157} INFO - Started process (PID=1392) to work on /opt/airflow/dags/customer_cluster_modeling.py
[2024-04-15T09:47:05.976+0000] {processor.py:826} INFO - Processing file /opt/airflow/dags/customer_cluster_modeling.py for tasks to queue
[2024-04-15T09:47:05.977+0000] {logging_mixin.py:150} INFO - [2024-04-15T09:47:05.977+0000] {dagbag.py:541} INFO - Filling up the DagBag from /opt/airflow/dags/customer_cluster_modeling.py
[2024-04-15T09:47:05.987+0000] {processor.py:836} INFO - DAG(s) dict_keys(['customer_cluster_modeling']) retrieved from /opt/airflow/dags/customer_cluster_modeling.py
[2024-04-15T09:47:06.011+0000] {logging_mixin.py:150} INFO - [2024-04-15T09:47:06.011+0000] {dag.py:2742} INFO - Sync 1 DAGs
[2024-04-15T09:47:06.034+0000] {logging_mixin.py:150} INFO - [2024-04-15T09:47:06.034+0000] {dag.py:3508} INFO - Setting next_dagrun for customer_cluster_modeling to 2024-04-15T00:00:00+00:00, run_after=2024-04-16T00:00:00+00:00
[2024-04-15T09:47:06.077+0000] {processor.py:179} INFO - Processing /opt/airflow/dags/customer_cluster_modeling.py took 0.105 seconds
[2024-04-15T09:47:36.278+0000] {processor.py:157} INFO - Started process (PID=1434) to work on /opt/airflow/dags/customer_cluster_modeling.py
[2024-04-15T09:47:36.280+0000] {processor.py:826} INFO - Processing file /opt/airflow/dags/customer_cluster_modeling.py for tasks to queue
[2024-04-15T09:47:36.281+0000] {logging_mixin.py:150} INFO - [2024-04-15T09:47:36.280+0000] {dagbag.py:541} INFO - Filling up the DagBag from /opt/airflow/dags/customer_cluster_modeling.py
[2024-04-15T09:47:36.295+0000] {processor.py:836} INFO - DAG(s) dict_keys(['customer_cluster_modeling']) retrieved from /opt/airflow/dags/customer_cluster_modeling.py
[2024-04-15T09:47:36.325+0000] {logging_mixin.py:150} INFO - [2024-04-15T09:47:36.324+0000] {dag.py:2742} INFO - Sync 1 DAGs
[2024-04-15T09:47:36.349+0000] {logging_mixin.py:150} INFO - [2024-04-15T09:47:36.349+0000] {dag.py:3508} INFO - Setting next_dagrun for customer_cluster_modeling to 2024-04-15T00:00:00+00:00, run_after=2024-04-16T00:00:00+00:00
[2024-04-15T09:47:36.371+0000] {processor.py:179} INFO - Processing /opt/airflow/dags/customer_cluster_modeling.py took 0.096 seconds
[2024-04-15T09:48:06.513+0000] {processor.py:157} INFO - Started process (PID=1463) to work on /opt/airflow/dags/customer_cluster_modeling.py
[2024-04-15T09:48:06.514+0000] {processor.py:826} INFO - Processing file /opt/airflow/dags/customer_cluster_modeling.py for tasks to queue
[2024-04-15T09:48:06.515+0000] {logging_mixin.py:150} INFO - [2024-04-15T09:48:06.514+0000] {dagbag.py:541} INFO - Filling up the DagBag from /opt/airflow/dags/customer_cluster_modeling.py
[2024-04-15T09:48:06.524+0000] {processor.py:836} INFO - DAG(s) dict_keys(['customer_cluster_modeling']) retrieved from /opt/airflow/dags/customer_cluster_modeling.py
[2024-04-15T09:48:06.548+0000] {logging_mixin.py:150} INFO - [2024-04-15T09:48:06.548+0000] {dag.py:2742} INFO - Sync 1 DAGs
[2024-04-15T09:48:06.572+0000] {logging_mixin.py:150} INFO - [2024-04-15T09:48:06.571+0000] {dag.py:3508} INFO - Setting next_dagrun for customer_cluster_modeling to 2024-04-15T00:00:00+00:00, run_after=2024-04-16T00:00:00+00:00
[2024-04-15T09:48:06.593+0000] {processor.py:179} INFO - Processing /opt/airflow/dags/customer_cluster_modeling.py took 0.084 seconds
[2024-04-15T09:48:36.734+0000] {processor.py:157} INFO - Started process (PID=1503) to work on /opt/airflow/dags/customer_cluster_modeling.py
[2024-04-15T09:48:36.735+0000] {processor.py:826} INFO - Processing file /opt/airflow/dags/customer_cluster_modeling.py for tasks to queue
[2024-04-15T09:48:36.736+0000] {logging_mixin.py:150} INFO - [2024-04-15T09:48:36.736+0000] {dagbag.py:541} INFO - Filling up the DagBag from /opt/airflow/dags/customer_cluster_modeling.py
[2024-04-15T09:48:36.746+0000] {processor.py:836} INFO - DAG(s) dict_keys(['customer_cluster_modeling']) retrieved from /opt/airflow/dags/customer_cluster_modeling.py
[2024-04-15T09:48:36.769+0000] {logging_mixin.py:150} INFO - [2024-04-15T09:48:36.769+0000] {dag.py:2742} INFO - Sync 1 DAGs
[2024-04-15T09:48:36.791+0000] {logging_mixin.py:150} INFO - [2024-04-15T09:48:36.791+0000] {dag.py:3508} INFO - Setting next_dagrun for customer_cluster_modeling to 2024-04-15T00:00:00+00:00, run_after=2024-04-16T00:00:00+00:00
[2024-04-15T09:48:36.813+0000] {processor.py:179} INFO - Processing /opt/airflow/dags/customer_cluster_modeling.py took 0.081 seconds
[2024-04-15T09:49:06.989+0000] {processor.py:157} INFO - Started process (PID=1533) to work on /opt/airflow/dags/customer_cluster_modeling.py
[2024-04-15T09:49:06.989+0000] {processor.py:826} INFO - Processing file /opt/airflow/dags/customer_cluster_modeling.py for tasks to queue
[2024-04-15T09:49:06.990+0000] {logging_mixin.py:150} INFO - [2024-04-15T09:49:06.990+0000] {dagbag.py:541} INFO - Filling up the DagBag from /opt/airflow/dags/customer_cluster_modeling.py
[2024-04-15T09:49:07.000+0000] {processor.py:836} INFO - DAG(s) dict_keys(['customer_cluster_modeling']) retrieved from /opt/airflow/dags/customer_cluster_modeling.py
[2024-04-15T09:49:07.025+0000] {logging_mixin.py:150} INFO - [2024-04-15T09:49:07.025+0000] {dag.py:2742} INFO - Sync 1 DAGs
[2024-04-15T09:49:07.052+0000] {logging_mixin.py:150} INFO - [2024-04-15T09:49:07.052+0000] {dag.py:3508} INFO - Setting next_dagrun for customer_cluster_modeling to 2024-04-15T00:00:00+00:00, run_after=2024-04-16T00:00:00+00:00
[2024-04-15T09:49:07.077+0000] {processor.py:179} INFO - Processing /opt/airflow/dags/customer_cluster_modeling.py took 0.091 seconds
[2024-04-15T09:49:37.256+0000] {processor.py:157} INFO - Started process (PID=1571) to work on /opt/airflow/dags/customer_cluster_modeling.py
[2024-04-15T09:49:37.257+0000] {processor.py:826} INFO - Processing file /opt/airflow/dags/customer_cluster_modeling.py for tasks to queue
[2024-04-15T09:49:37.258+0000] {logging_mixin.py:150} INFO - [2024-04-15T09:49:37.258+0000] {dagbag.py:541} INFO - Filling up the DagBag from /opt/airflow/dags/customer_cluster_modeling.py
[2024-04-15T09:49:37.278+0000] {processor.py:836} INFO - DAG(s) dict_keys(['customer_cluster_modeling']) retrieved from /opt/airflow/dags/customer_cluster_modeling.py
[2024-04-15T09:49:37.361+0000] {logging_mixin.py:150} INFO - [2024-04-15T09:49:37.361+0000] {dag.py:2742} INFO - Sync 1 DAGs
[2024-04-15T09:49:37.434+0000] {logging_mixin.py:150} INFO - [2024-04-15T09:49:37.434+0000] {dag.py:3508} INFO - Setting next_dagrun for customer_cluster_modeling to 2024-04-15T00:00:00+00:00, run_after=2024-04-16T00:00:00+00:00
[2024-04-15T09:49:37.493+0000] {processor.py:179} INFO - Processing /opt/airflow/dags/customer_cluster_modeling.py took 0.240 seconds
[2024-04-15T09:50:07.533+0000] {processor.py:157} INFO - Started process (PID=1604) to work on /opt/airflow/dags/customer_cluster_modeling.py
[2024-04-15T09:50:07.534+0000] {processor.py:826} INFO - Processing file /opt/airflow/dags/customer_cluster_modeling.py for tasks to queue
[2024-04-15T09:50:07.534+0000] {logging_mixin.py:150} INFO - [2024-04-15T09:50:07.534+0000] {dagbag.py:541} INFO - Filling up the DagBag from /opt/airflow/dags/customer_cluster_modeling.py
[2024-04-15T09:50:07.544+0000] {processor.py:836} INFO - DAG(s) dict_keys(['customer_cluster_modeling']) retrieved from /opt/airflow/dags/customer_cluster_modeling.py
[2024-04-15T09:50:07.568+0000] {logging_mixin.py:150} INFO - [2024-04-15T09:50:07.568+0000] {dag.py:2742} INFO - Sync 1 DAGs
[2024-04-15T09:50:07.593+0000] {logging_mixin.py:150} INFO - [2024-04-15T09:50:07.593+0000] {dag.py:3508} INFO - Setting next_dagrun for customer_cluster_modeling to 2024-04-15T00:00:00+00:00, run_after=2024-04-16T00:00:00+00:00
[2024-04-15T09:50:07.614+0000] {processor.py:179} INFO - Processing /opt/airflow/dags/customer_cluster_modeling.py took 0.084 seconds
[2024-04-15T09:50:37.774+0000] {processor.py:157} INFO - Started process (PID=1632) to work on /opt/airflow/dags/customer_cluster_modeling.py
[2024-04-15T09:50:37.775+0000] {processor.py:826} INFO - Processing file /opt/airflow/dags/customer_cluster_modeling.py for tasks to queue
[2024-04-15T09:50:37.775+0000] {logging_mixin.py:150} INFO - [2024-04-15T09:50:37.775+0000] {dagbag.py:541} INFO - Filling up the DagBag from /opt/airflow/dags/customer_cluster_modeling.py
[2024-04-15T09:50:37.785+0000] {processor.py:836} INFO - DAG(s) dict_keys(['customer_cluster_modeling']) retrieved from /opt/airflow/dags/customer_cluster_modeling.py
[2024-04-15T09:50:37.809+0000] {logging_mixin.py:150} INFO - [2024-04-15T09:50:37.809+0000] {dag.py:2742} INFO - Sync 1 DAGs
[2024-04-15T09:50:37.833+0000] {logging_mixin.py:150} INFO - [2024-04-15T09:50:37.833+0000] {dag.py:3508} INFO - Setting next_dagrun for customer_cluster_modeling to 2024-04-15T00:00:00+00:00, run_after=2024-04-16T00:00:00+00:00
[2024-04-15T09:50:37.856+0000] {processor.py:179} INFO - Processing /opt/airflow/dags/customer_cluster_modeling.py took 0.085 seconds
[2024-04-15T09:51:08.008+0000] {processor.py:157} INFO - Started process (PID=1671) to work on /opt/airflow/dags/customer_cluster_modeling.py
[2024-04-15T09:51:08.009+0000] {processor.py:826} INFO - Processing file /opt/airflow/dags/customer_cluster_modeling.py for tasks to queue
[2024-04-15T09:51:08.010+0000] {logging_mixin.py:150} INFO - [2024-04-15T09:51:08.009+0000] {dagbag.py:541} INFO - Filling up the DagBag from /opt/airflow/dags/customer_cluster_modeling.py
[2024-04-15T09:51:08.019+0000] {processor.py:836} INFO - DAG(s) dict_keys(['customer_cluster_modeling']) retrieved from /opt/airflow/dags/customer_cluster_modeling.py
[2024-04-15T09:51:08.045+0000] {logging_mixin.py:150} INFO - [2024-04-15T09:51:08.045+0000] {dag.py:2742} INFO - Sync 1 DAGs
[2024-04-15T09:51:08.077+0000] {logging_mixin.py:150} INFO - [2024-04-15T09:51:08.077+0000] {dag.py:3508} INFO - Setting next_dagrun for customer_cluster_modeling to 2024-04-15T00:00:00+00:00, run_after=2024-04-16T00:00:00+00:00
[2024-04-15T09:51:08.099+0000] {processor.py:179} INFO - Processing /opt/airflow/dags/customer_cluster_modeling.py took 0.094 seconds
[2024-04-15T09:51:38.261+0000] {processor.py:157} INFO - Started process (PID=1705) to work on /opt/airflow/dags/customer_cluster_modeling.py
[2024-04-15T09:51:38.262+0000] {processor.py:826} INFO - Processing file /opt/airflow/dags/customer_cluster_modeling.py for tasks to queue
[2024-04-15T09:51:38.263+0000] {logging_mixin.py:150} INFO - [2024-04-15T09:51:38.263+0000] {dagbag.py:541} INFO - Filling up the DagBag from /opt/airflow/dags/customer_cluster_modeling.py
[2024-04-15T09:51:38.277+0000] {processor.py:836} INFO - DAG(s) dict_keys(['customer_cluster_modeling']) retrieved from /opt/airflow/dags/customer_cluster_modeling.py
[2024-04-15T09:51:38.301+0000] {logging_mixin.py:150} INFO - [2024-04-15T09:51:38.301+0000] {dag.py:2742} INFO - Sync 1 DAGs
[2024-04-15T09:51:38.324+0000] {logging_mixin.py:150} INFO - [2024-04-15T09:51:38.324+0000] {dag.py:3508} INFO - Setting next_dagrun for customer_cluster_modeling to 2024-04-15T00:00:00+00:00, run_after=2024-04-16T00:00:00+00:00
[2024-04-15T09:51:38.345+0000] {processor.py:179} INFO - Processing /opt/airflow/dags/customer_cluster_modeling.py took 0.088 seconds
[2024-04-15T09:52:08.519+0000] {processor.py:157} INFO - Started process (PID=1744) to work on /opt/airflow/dags/customer_cluster_modeling.py
[2024-04-15T09:52:08.521+0000] {processor.py:826} INFO - Processing file /opt/airflow/dags/customer_cluster_modeling.py for tasks to queue
[2024-04-15T09:52:08.522+0000] {logging_mixin.py:150} INFO - [2024-04-15T09:52:08.521+0000] {dagbag.py:541} INFO - Filling up the DagBag from /opt/airflow/dags/customer_cluster_modeling.py
[2024-04-15T09:52:08.535+0000] {processor.py:836} INFO - DAG(s) dict_keys(['customer_cluster_modeling']) retrieved from /opt/airflow/dags/customer_cluster_modeling.py
[2024-04-15T09:52:08.568+0000] {logging_mixin.py:150} INFO - [2024-04-15T09:52:08.568+0000] {dag.py:2742} INFO - Sync 1 DAGs
[2024-04-15T09:52:08.608+0000] {logging_mixin.py:150} INFO - [2024-04-15T09:52:08.608+0000] {dag.py:3508} INFO - Setting next_dagrun for customer_cluster_modeling to 2024-04-15T00:00:00+00:00, run_after=2024-04-16T00:00:00+00:00
[2024-04-15T09:52:08.636+0000] {processor.py:179} INFO - Processing /opt/airflow/dags/customer_cluster_modeling.py took 0.121 seconds
[2024-04-15T09:52:38.804+0000] {processor.py:157} INFO - Started process (PID=1773) to work on /opt/airflow/dags/customer_cluster_modeling.py
[2024-04-15T09:52:38.806+0000] {processor.py:826} INFO - Processing file /opt/airflow/dags/customer_cluster_modeling.py for tasks to queue
[2024-04-15T09:52:38.807+0000] {logging_mixin.py:150} INFO - [2024-04-15T09:52:38.806+0000] {dagbag.py:541} INFO - Filling up the DagBag from /opt/airflow/dags/customer_cluster_modeling.py
[2024-04-15T09:52:38.821+0000] {processor.py:836} INFO - DAG(s) dict_keys(['customer_cluster_modeling']) retrieved from /opt/airflow/dags/customer_cluster_modeling.py
[2024-04-15T09:52:38.858+0000] {logging_mixin.py:150} INFO - [2024-04-15T09:52:38.857+0000] {dag.py:2742} INFO - Sync 1 DAGs
[2024-04-15T09:52:38.893+0000] {logging_mixin.py:150} INFO - [2024-04-15T09:52:38.893+0000] {dag.py:3508} INFO - Setting next_dagrun for customer_cluster_modeling to 2024-04-15T00:00:00+00:00, run_after=2024-04-16T00:00:00+00:00
[2024-04-15T09:52:38.919+0000] {processor.py:179} INFO - Processing /opt/airflow/dags/customer_cluster_modeling.py took 0.118 seconds
[2024-04-15T09:53:08.962+0000] {processor.py:157} INFO - Started process (PID=1801) to work on /opt/airflow/dags/customer_cluster_modeling.py
[2024-04-15T09:53:08.963+0000] {processor.py:826} INFO - Processing file /opt/airflow/dags/customer_cluster_modeling.py for tasks to queue
[2024-04-15T09:53:08.964+0000] {logging_mixin.py:150} INFO - [2024-04-15T09:53:08.963+0000] {dagbag.py:541} INFO - Filling up the DagBag from /opt/airflow/dags/customer_cluster_modeling.py
[2024-04-15T09:53:08.973+0000] {processor.py:836} INFO - DAG(s) dict_keys(['customer_cluster_modeling']) retrieved from /opt/airflow/dags/customer_cluster_modeling.py
[2024-04-15T09:53:08.996+0000] {logging_mixin.py:150} INFO - [2024-04-15T09:53:08.996+0000] {dag.py:2742} INFO - Sync 1 DAGs
[2024-04-15T09:53:09.020+0000] {logging_mixin.py:150} INFO - [2024-04-15T09:53:09.020+0000] {dag.py:3508} INFO - Setting next_dagrun for customer_cluster_modeling to 2024-04-15T00:00:00+00:00, run_after=2024-04-16T00:00:00+00:00
[2024-04-15T09:53:09.042+0000] {processor.py:179} INFO - Processing /opt/airflow/dags/customer_cluster_modeling.py took 0.083 seconds
[2024-04-15T09:53:39.242+0000] {processor.py:157} INFO - Started process (PID=1838) to work on /opt/airflow/dags/customer_cluster_modeling.py
[2024-04-15T09:53:39.243+0000] {processor.py:826} INFO - Processing file /opt/airflow/dags/customer_cluster_modeling.py for tasks to queue
[2024-04-15T09:53:39.244+0000] {logging_mixin.py:150} INFO - [2024-04-15T09:53:39.244+0000] {dagbag.py:541} INFO - Filling up the DagBag from /opt/airflow/dags/customer_cluster_modeling.py
[2024-04-15T09:53:39.253+0000] {processor.py:836} INFO - DAG(s) dict_keys(['customer_cluster_modeling']) retrieved from /opt/airflow/dags/customer_cluster_modeling.py
[2024-04-15T09:53:39.277+0000] {logging_mixin.py:150} INFO - [2024-04-15T09:53:39.277+0000] {dag.py:2742} INFO - Sync 1 DAGs
[2024-04-15T09:53:39.299+0000] {logging_mixin.py:150} INFO - [2024-04-15T09:53:39.299+0000] {dag.py:3508} INFO - Setting next_dagrun for customer_cluster_modeling to 2024-04-15T00:00:00+00:00, run_after=2024-04-16T00:00:00+00:00
[2024-04-15T09:53:39.321+0000] {processor.py:179} INFO - Processing /opt/airflow/dags/customer_cluster_modeling.py took 0.081 seconds
[2024-04-15T09:54:09.476+0000] {processor.py:157} INFO - Started process (PID=1871) to work on /opt/airflow/dags/customer_cluster_modeling.py
[2024-04-15T09:54:09.477+0000] {processor.py:826} INFO - Processing file /opt/airflow/dags/customer_cluster_modeling.py for tasks to queue
[2024-04-15T09:54:09.478+0000] {logging_mixin.py:150} INFO - [2024-04-15T09:54:09.478+0000] {dagbag.py:541} INFO - Filling up the DagBag from /opt/airflow/dags/customer_cluster_modeling.py
[2024-04-15T09:54:09.490+0000] {processor.py:836} INFO - DAG(s) dict_keys(['customer_cluster_modeling']) retrieved from /opt/airflow/dags/customer_cluster_modeling.py
[2024-04-15T09:54:09.513+0000] {logging_mixin.py:150} INFO - [2024-04-15T09:54:09.512+0000] {dag.py:2742} INFO - Sync 1 DAGs
[2024-04-15T09:54:09.536+0000] {logging_mixin.py:150} INFO - [2024-04-15T09:54:09.536+0000] {dag.py:3508} INFO - Setting next_dagrun for customer_cluster_modeling to 2024-04-15T00:00:00+00:00, run_after=2024-04-16T00:00:00+00:00
[2024-04-15T09:54:09.559+0000] {processor.py:179} INFO - Processing /opt/airflow/dags/customer_cluster_modeling.py took 0.087 seconds
[2024-04-15T09:54:39.742+0000] {processor.py:157} INFO - Started process (PID=1909) to work on /opt/airflow/dags/customer_cluster_modeling.py
[2024-04-15T09:54:39.743+0000] {processor.py:826} INFO - Processing file /opt/airflow/dags/customer_cluster_modeling.py for tasks to queue
[2024-04-15T09:54:39.744+0000] {logging_mixin.py:150} INFO - [2024-04-15T09:54:39.744+0000] {dagbag.py:541} INFO - Filling up the DagBag from /opt/airflow/dags/customer_cluster_modeling.py
[2024-04-15T09:54:39.773+0000] {processor.py:836} INFO - DAG(s) dict_keys(['customer_cluster_modeling']) retrieved from /opt/airflow/dags/customer_cluster_modeling.py
[2024-04-15T09:54:39.849+0000] {logging_mixin.py:150} INFO - [2024-04-15T09:54:39.849+0000] {dag.py:2742} INFO - Sync 1 DAGs
[2024-04-15T09:54:39.891+0000] {logging_mixin.py:150} INFO - [2024-04-15T09:54:39.891+0000] {dag.py:3508} INFO - Setting next_dagrun for customer_cluster_modeling to 2024-04-15T00:00:00+00:00, run_after=2024-04-16T00:00:00+00:00
[2024-04-15T09:54:39.922+0000] {processor.py:179} INFO - Processing /opt/airflow/dags/customer_cluster_modeling.py took 0.192 seconds
[2024-04-15T09:55:09.970+0000] {processor.py:157} INFO - Started process (PID=1942) to work on /opt/airflow/dags/customer_cluster_modeling.py
[2024-04-15T09:55:09.971+0000] {processor.py:826} INFO - Processing file /opt/airflow/dags/customer_cluster_modeling.py for tasks to queue
[2024-04-15T09:55:09.972+0000] {logging_mixin.py:150} INFO - [2024-04-15T09:55:09.971+0000] {dagbag.py:541} INFO - Filling up the DagBag from /opt/airflow/dags/customer_cluster_modeling.py
[2024-04-15T09:55:09.982+0000] {processor.py:836} INFO - DAG(s) dict_keys(['customer_cluster_modeling']) retrieved from /opt/airflow/dags/customer_cluster_modeling.py
[2024-04-15T09:55:10.041+0000] {logging_mixin.py:150} INFO - [2024-04-15T09:55:10.040+0000] {dag.py:2742} INFO - Sync 1 DAGs
[2024-04-15T09:55:10.110+0000] {logging_mixin.py:150} INFO - [2024-04-15T09:55:10.110+0000] {dag.py:3508} INFO - Setting next_dagrun for customer_cluster_modeling to 2024-04-15T00:00:00+00:00, run_after=2024-04-16T00:00:00+00:00
[2024-04-15T09:55:10.139+0000] {processor.py:179} INFO - Processing /opt/airflow/dags/customer_cluster_modeling.py took 0.172 seconds
[2024-04-15T09:55:40.181+0000] {processor.py:157} INFO - Started process (PID=1971) to work on /opt/airflow/dags/customer_cluster_modeling.py
[2024-04-15T09:55:40.182+0000] {processor.py:826} INFO - Processing file /opt/airflow/dags/customer_cluster_modeling.py for tasks to queue
[2024-04-15T09:55:40.183+0000] {logging_mixin.py:150} INFO - [2024-04-15T09:55:40.183+0000] {dagbag.py:541} INFO - Filling up the DagBag from /opt/airflow/dags/customer_cluster_modeling.py
[2024-04-15T09:55:40.199+0000] {processor.py:836} INFO - DAG(s) dict_keys(['customer_cluster_modeling']) retrieved from /opt/airflow/dags/customer_cluster_modeling.py
[2024-04-15T09:55:40.232+0000] {logging_mixin.py:150} INFO - [2024-04-15T09:55:40.231+0000] {dag.py:2742} INFO - Sync 1 DAGs
[2024-04-15T09:55:40.274+0000] {logging_mixin.py:150} INFO - [2024-04-15T09:55:40.273+0000] {dag.py:3508} INFO - Setting next_dagrun for customer_cluster_modeling to 2024-04-15T00:00:00+00:00, run_after=2024-04-16T00:00:00+00:00
[2024-04-15T09:55:40.305+0000] {processor.py:179} INFO - Processing /opt/airflow/dags/customer_cluster_modeling.py took 0.127 seconds
[2024-04-15T09:56:10.478+0000] {processor.py:157} INFO - Started process (PID=2010) to work on /opt/airflow/dags/customer_cluster_modeling.py
[2024-04-15T09:56:10.479+0000] {processor.py:826} INFO - Processing file /opt/airflow/dags/customer_cluster_modeling.py for tasks to queue
[2024-04-15T09:56:10.480+0000] {logging_mixin.py:150} INFO - [2024-04-15T09:56:10.480+0000] {dagbag.py:541} INFO - Filling up the DagBag from /opt/airflow/dags/customer_cluster_modeling.py
[2024-04-15T09:56:10.489+0000] {processor.py:836} INFO - DAG(s) dict_keys(['customer_cluster_modeling']) retrieved from /opt/airflow/dags/customer_cluster_modeling.py
[2024-04-15T09:56:10.518+0000] {logging_mixin.py:150} INFO - [2024-04-15T09:56:10.517+0000] {dag.py:2742} INFO - Sync 1 DAGs
[2024-04-15T09:56:10.541+0000] {logging_mixin.py:150} INFO - [2024-04-15T09:56:10.541+0000] {dag.py:3508} INFO - Setting next_dagrun for customer_cluster_modeling to 2024-04-15T00:00:00+00:00, run_after=2024-04-16T00:00:00+00:00
[2024-04-15T09:56:10.592+0000] {processor.py:179} INFO - Processing /opt/airflow/dags/customer_cluster_modeling.py took 0.116 seconds
[2024-04-15T09:56:40.657+0000] {processor.py:157} INFO - Started process (PID=2038) to work on /opt/airflow/dags/customer_cluster_modeling.py
[2024-04-15T09:56:40.658+0000] {processor.py:826} INFO - Processing file /opt/airflow/dags/customer_cluster_modeling.py for tasks to queue
[2024-04-15T09:56:40.658+0000] {logging_mixin.py:150} INFO - [2024-04-15T09:56:40.658+0000] {dagbag.py:541} INFO - Filling up the DagBag from /opt/airflow/dags/customer_cluster_modeling.py
[2024-04-15T09:56:40.670+0000] {processor.py:836} INFO - DAG(s) dict_keys(['customer_cluster_modeling']) retrieved from /opt/airflow/dags/customer_cluster_modeling.py
[2024-04-15T09:56:40.693+0000] {logging_mixin.py:150} INFO - [2024-04-15T09:56:40.693+0000] {dag.py:2742} INFO - Sync 1 DAGs
[2024-04-15T09:56:40.717+0000] {logging_mixin.py:150} INFO - [2024-04-15T09:56:40.716+0000] {dag.py:3508} INFO - Setting next_dagrun for customer_cluster_modeling to 2024-04-15T00:00:00+00:00, run_after=2024-04-16T00:00:00+00:00
[2024-04-15T09:56:40.741+0000] {processor.py:179} INFO - Processing /opt/airflow/dags/customer_cluster_modeling.py took 0.086 seconds
[2024-04-15T09:57:10.934+0000] {processor.py:157} INFO - Started process (PID=2077) to work on /opt/airflow/dags/customer_cluster_modeling.py
[2024-04-15T09:57:10.935+0000] {processor.py:826} INFO - Processing file /opt/airflow/dags/customer_cluster_modeling.py for tasks to queue
[2024-04-15T09:57:10.936+0000] {logging_mixin.py:150} INFO - [2024-04-15T09:57:10.935+0000] {dagbag.py:541} INFO - Filling up the DagBag from /opt/airflow/dags/customer_cluster_modeling.py
[2024-04-15T09:57:10.953+0000] {processor.py:836} INFO - DAG(s) dict_keys(['customer_cluster_modeling']) retrieved from /opt/airflow/dags/customer_cluster_modeling.py
[2024-04-15T09:57:10.985+0000] {logging_mixin.py:150} INFO - [2024-04-15T09:57:10.985+0000] {dag.py:2742} INFO - Sync 1 DAGs
[2024-04-15T09:57:11.017+0000] {logging_mixin.py:150} INFO - [2024-04-15T09:57:11.017+0000] {dag.py:3508} INFO - Setting next_dagrun for customer_cluster_modeling to 2024-04-15T00:00:00+00:00, run_after=2024-04-16T00:00:00+00:00
[2024-04-15T09:57:11.038+0000] {processor.py:179} INFO - Processing /opt/airflow/dags/customer_cluster_modeling.py took 0.110 seconds
[2024-04-15T09:57:41.212+0000] {processor.py:157} INFO - Started process (PID=2107) to work on /opt/airflow/dags/customer_cluster_modeling.py
[2024-04-15T09:57:41.213+0000] {processor.py:826} INFO - Processing file /opt/airflow/dags/customer_cluster_modeling.py for tasks to queue
[2024-04-15T09:57:41.213+0000] {logging_mixin.py:150} INFO - [2024-04-15T09:57:41.213+0000] {dagbag.py:541} INFO - Filling up the DagBag from /opt/airflow/dags/customer_cluster_modeling.py
[2024-04-15T09:57:41.223+0000] {processor.py:836} INFO - DAG(s) dict_keys(['customer_cluster_modeling']) retrieved from /opt/airflow/dags/customer_cluster_modeling.py
[2024-04-15T09:57:41.245+0000] {logging_mixin.py:150} INFO - [2024-04-15T09:57:41.245+0000] {dag.py:2742} INFO - Sync 1 DAGs
[2024-04-15T09:57:41.267+0000] {logging_mixin.py:150} INFO - [2024-04-15T09:57:41.267+0000] {dag.py:3508} INFO - Setting next_dagrun for customer_cluster_modeling to 2024-04-15T00:00:00+00:00, run_after=2024-04-16T00:00:00+00:00
[2024-04-15T09:57:41.287+0000] {processor.py:179} INFO - Processing /opt/airflow/dags/customer_cluster_modeling.py took 0.078 seconds
[2024-04-15T09:58:11.538+0000] {processor.py:157} INFO - Started process (PID=2139) to work on /opt/airflow/dags/customer_cluster_modeling.py
[2024-04-15T09:58:11.539+0000] {processor.py:826} INFO - Processing file /opt/airflow/dags/customer_cluster_modeling.py for tasks to queue
[2024-04-15T09:58:11.540+0000] {logging_mixin.py:150} INFO - [2024-04-15T09:58:11.540+0000] {dagbag.py:541} INFO - Filling up the DagBag from /opt/airflow/dags/customer_cluster_modeling.py
[2024-04-15T09:58:11.552+0000] {processor.py:836} INFO - DAG(s) dict_keys(['customer_cluster_modeling']) retrieved from /opt/airflow/dags/customer_cluster_modeling.py
[2024-04-15T09:58:11.590+0000] {logging_mixin.py:150} INFO - [2024-04-15T09:58:11.589+0000] {dag.py:2742} INFO - Sync 1 DAGs
[2024-04-15T09:58:11.629+0000] {logging_mixin.py:150} INFO - [2024-04-15T09:58:11.629+0000] {dag.py:3508} INFO - Setting next_dagrun for customer_cluster_modeling to 2024-04-15T00:00:00+00:00, run_after=2024-04-16T00:00:00+00:00
[2024-04-15T09:58:11.657+0000] {processor.py:179} INFO - Processing /opt/airflow/dags/customer_cluster_modeling.py took 0.122 seconds
[2024-04-15T09:58:41.829+0000] {processor.py:157} INFO - Started process (PID=2180) to work on /opt/airflow/dags/customer_cluster_modeling.py
[2024-04-15T09:58:41.829+0000] {processor.py:826} INFO - Processing file /opt/airflow/dags/customer_cluster_modeling.py for tasks to queue
[2024-04-15T09:58:41.830+0000] {logging_mixin.py:150} INFO - [2024-04-15T09:58:41.830+0000] {dagbag.py:541} INFO - Filling up the DagBag from /opt/airflow/dags/customer_cluster_modeling.py
[2024-04-15T09:58:41.840+0000] {processor.py:836} INFO - DAG(s) dict_keys(['customer_cluster_modeling']) retrieved from /opt/airflow/dags/customer_cluster_modeling.py
[2024-04-15T09:58:41.908+0000] {logging_mixin.py:150} INFO - [2024-04-15T09:58:41.908+0000] {dag.py:2742} INFO - Sync 1 DAGs
[2024-04-15T09:58:41.957+0000] {logging_mixin.py:150} INFO - [2024-04-15T09:58:41.957+0000] {dag.py:3508} INFO - Setting next_dagrun for customer_cluster_modeling to 2024-04-15T00:00:00+00:00, run_after=2024-04-16T00:00:00+00:00
[2024-04-15T09:58:41.984+0000] {processor.py:179} INFO - Processing /opt/airflow/dags/customer_cluster_modeling.py took 0.158 seconds
[2024-04-15T09:59:12.026+0000] {processor.py:157} INFO - Started process (PID=2208) to work on /opt/airflow/dags/customer_cluster_modeling.py
[2024-04-15T09:59:12.027+0000] {processor.py:826} INFO - Processing file /opt/airflow/dags/customer_cluster_modeling.py for tasks to queue
[2024-04-15T09:59:12.027+0000] {logging_mixin.py:150} INFO - [2024-04-15T09:59:12.027+0000] {dagbag.py:541} INFO - Filling up the DagBag from /opt/airflow/dags/customer_cluster_modeling.py
[2024-04-15T09:59:12.037+0000] {processor.py:836} INFO - DAG(s) dict_keys(['customer_cluster_modeling']) retrieved from /opt/airflow/dags/customer_cluster_modeling.py
[2024-04-15T09:59:12.059+0000] {logging_mixin.py:150} INFO - [2024-04-15T09:59:12.059+0000] {dag.py:2742} INFO - Sync 1 DAGs
[2024-04-15T09:59:12.082+0000] {logging_mixin.py:150} INFO - [2024-04-15T09:59:12.082+0000] {dag.py:3508} INFO - Setting next_dagrun for customer_cluster_modeling to 2024-04-15T00:00:00+00:00, run_after=2024-04-16T00:00:00+00:00
[2024-04-15T09:59:12.105+0000] {processor.py:179} INFO - Processing /opt/airflow/dags/customer_cluster_modeling.py took 0.082 seconds
[2024-04-15T09:59:42.295+0000] {processor.py:157} INFO - Started process (PID=2248) to work on /opt/airflow/dags/customer_cluster_modeling.py
[2024-04-15T09:59:42.295+0000] {processor.py:826} INFO - Processing file /opt/airflow/dags/customer_cluster_modeling.py for tasks to queue
[2024-04-15T09:59:42.296+0000] {logging_mixin.py:150} INFO - [2024-04-15T09:59:42.296+0000] {dagbag.py:541} INFO - Filling up the DagBag from /opt/airflow/dags/customer_cluster_modeling.py
[2024-04-15T09:59:42.306+0000] {processor.py:836} INFO - DAG(s) dict_keys(['customer_cluster_modeling']) retrieved from /opt/airflow/dags/customer_cluster_modeling.py
[2024-04-15T09:59:42.329+0000] {logging_mixin.py:150} INFO - [2024-04-15T09:59:42.329+0000] {dag.py:2742} INFO - Sync 1 DAGs
[2024-04-15T09:59:42.354+0000] {logging_mixin.py:150} INFO - [2024-04-15T09:59:42.353+0000] {dag.py:3508} INFO - Setting next_dagrun for customer_cluster_modeling to 2024-04-15T00:00:00+00:00, run_after=2024-04-16T00:00:00+00:00
[2024-04-15T09:59:42.375+0000] {processor.py:179} INFO - Processing /opt/airflow/dags/customer_cluster_modeling.py took 0.083 seconds
[2024-04-15T10:00:12.586+0000] {processor.py:157} INFO - Started process (PID=2278) to work on /opt/airflow/dags/customer_cluster_modeling.py
[2024-04-15T10:00:12.588+0000] {processor.py:826} INFO - Processing file /opt/airflow/dags/customer_cluster_modeling.py for tasks to queue
[2024-04-15T10:00:12.589+0000] {logging_mixin.py:150} INFO - [2024-04-15T10:00:12.589+0000] {dagbag.py:541} INFO - Filling up the DagBag from /opt/airflow/dags/customer_cluster_modeling.py
[2024-04-15T10:00:12.603+0000] {processor.py:836} INFO - DAG(s) dict_keys(['customer_cluster_modeling']) retrieved from /opt/airflow/dags/customer_cluster_modeling.py
[2024-04-15T10:00:12.633+0000] {logging_mixin.py:150} INFO - [2024-04-15T10:00:12.632+0000] {dag.py:2742} INFO - Sync 1 DAGs
[2024-04-15T10:00:12.657+0000] {logging_mixin.py:150} INFO - [2024-04-15T10:00:12.657+0000] {dag.py:3508} INFO - Setting next_dagrun for customer_cluster_modeling to 2024-04-15T00:00:00+00:00, run_after=2024-04-16T00:00:00+00:00
[2024-04-15T10:00:12.679+0000] {processor.py:179} INFO - Processing /opt/airflow/dags/customer_cluster_modeling.py took 0.097 seconds
[2024-04-15T10:00:42.892+0000] {processor.py:157} INFO - Started process (PID=2315) to work on /opt/airflow/dags/customer_cluster_modeling.py
[2024-04-15T10:00:42.899+0000] {processor.py:826} INFO - Processing file /opt/airflow/dags/customer_cluster_modeling.py for tasks to queue
[2024-04-15T10:00:42.900+0000] {logging_mixin.py:150} INFO - [2024-04-15T10:00:42.899+0000] {dagbag.py:541} INFO - Filling up the DagBag from /opt/airflow/dags/customer_cluster_modeling.py
[2024-04-15T10:00:42.916+0000] {processor.py:836} INFO - DAG(s) dict_keys(['customer_cluster_modeling']) retrieved from /opt/airflow/dags/customer_cluster_modeling.py
[2024-04-15T10:00:42.951+0000] {logging_mixin.py:150} INFO - [2024-04-15T10:00:42.951+0000] {dag.py:2742} INFO - Sync 1 DAGs
[2024-04-15T10:00:42.988+0000] {logging_mixin.py:150} INFO - [2024-04-15T10:00:42.988+0000] {dag.py:3508} INFO - Setting next_dagrun for customer_cluster_modeling to 2024-04-15T00:00:00+00:00, run_after=2024-04-16T00:00:00+00:00
[2024-04-15T10:00:43.015+0000] {processor.py:179} INFO - Processing /opt/airflow/dags/customer_cluster_modeling.py took 0.127 seconds
[2024-04-15T10:01:13.055+0000] {processor.py:157} INFO - Started process (PID=2345) to work on /opt/airflow/dags/customer_cluster_modeling.py
[2024-04-15T10:01:13.056+0000] {processor.py:826} INFO - Processing file /opt/airflow/dags/customer_cluster_modeling.py for tasks to queue
[2024-04-15T10:01:13.056+0000] {logging_mixin.py:150} INFO - [2024-04-15T10:01:13.056+0000] {dagbag.py:541} INFO - Filling up the DagBag from /opt/airflow/dags/customer_cluster_modeling.py
[2024-04-15T10:01:13.066+0000] {processor.py:836} INFO - DAG(s) dict_keys(['customer_cluster_modeling']) retrieved from /opt/airflow/dags/customer_cluster_modeling.py
[2024-04-15T10:01:13.090+0000] {logging_mixin.py:150} INFO - [2024-04-15T10:01:13.090+0000] {dag.py:2742} INFO - Sync 1 DAGs
[2024-04-15T10:01:13.114+0000] {logging_mixin.py:150} INFO - [2024-04-15T10:01:13.114+0000] {dag.py:3508} INFO - Setting next_dagrun for customer_cluster_modeling to 2024-04-15T00:00:00+00:00, run_after=2024-04-16T00:00:00+00:00
[2024-04-15T10:01:13.138+0000] {processor.py:179} INFO - Processing /opt/airflow/dags/customer_cluster_modeling.py took 0.085 seconds
[2024-04-15T10:01:43.327+0000] {processor.py:157} INFO - Started process (PID=2378) to work on /opt/airflow/dags/customer_cluster_modeling.py
[2024-04-15T10:01:43.328+0000] {processor.py:826} INFO - Processing file /opt/airflow/dags/customer_cluster_modeling.py for tasks to queue
[2024-04-15T10:01:43.328+0000] {logging_mixin.py:150} INFO - [2024-04-15T10:01:43.328+0000] {dagbag.py:541} INFO - Filling up the DagBag from /opt/airflow/dags/customer_cluster_modeling.py
[2024-04-15T10:01:43.343+0000] {processor.py:836} INFO - DAG(s) dict_keys(['customer_cluster_modeling']) retrieved from /opt/airflow/dags/customer_cluster_modeling.py
[2024-04-15T10:01:43.380+0000] {logging_mixin.py:150} INFO - [2024-04-15T10:01:43.379+0000] {dag.py:2742} INFO - Sync 1 DAGs
[2024-04-15T10:01:43.419+0000] {logging_mixin.py:150} INFO - [2024-04-15T10:01:43.418+0000] {dag.py:3508} INFO - Setting next_dagrun for customer_cluster_modeling to 2024-04-15T00:00:00+00:00, run_after=2024-04-16T00:00:00+00:00
[2024-04-15T10:01:43.448+0000] {processor.py:179} INFO - Processing /opt/airflow/dags/customer_cluster_modeling.py took 0.124 seconds
[2024-04-15T10:02:13.712+0000] {processor.py:157} INFO - Started process (PID=2421) to work on /opt/airflow/dags/customer_cluster_modeling.py
[2024-04-15T10:02:13.716+0000] {processor.py:826} INFO - Processing file /opt/airflow/dags/customer_cluster_modeling.py for tasks to queue
[2024-04-15T10:02:13.719+0000] {logging_mixin.py:150} INFO - [2024-04-15T10:02:13.719+0000] {dagbag.py:541} INFO - Filling up the DagBag from /opt/airflow/dags/customer_cluster_modeling.py
[2024-04-15T10:02:13.763+0000] {processor.py:836} INFO - DAG(s) dict_keys(['customer_cluster_modeling']) retrieved from /opt/airflow/dags/customer_cluster_modeling.py
[2024-04-15T10:02:13.796+0000] {logging_mixin.py:150} INFO - [2024-04-15T10:02:13.795+0000] {dag.py:2742} INFO - Sync 1 DAGs
[2024-04-15T10:02:13.832+0000] {logging_mixin.py:150} INFO - [2024-04-15T10:02:13.832+0000] {dag.py:3508} INFO - Setting next_dagrun for customer_cluster_modeling to 2024-04-15T00:00:00+00:00, run_after=2024-04-16T00:00:00+00:00
[2024-04-15T10:02:13.858+0000] {processor.py:179} INFO - Processing /opt/airflow/dags/customer_cluster_modeling.py took 0.151 seconds
[2024-04-15T10:02:43.936+0000] {processor.py:157} INFO - Started process (PID=2449) to work on /opt/airflow/dags/customer_cluster_modeling.py
[2024-04-15T10:02:43.936+0000] {processor.py:826} INFO - Processing file /opt/airflow/dags/customer_cluster_modeling.py for tasks to queue
[2024-04-15T10:02:43.937+0000] {logging_mixin.py:150} INFO - [2024-04-15T10:02:43.937+0000] {dagbag.py:541} INFO - Filling up the DagBag from /opt/airflow/dags/customer_cluster_modeling.py
[2024-04-15T10:02:43.950+0000] {processor.py:836} INFO - DAG(s) dict_keys(['customer_cluster_modeling']) retrieved from /opt/airflow/dags/customer_cluster_modeling.py
[2024-04-15T10:02:43.979+0000] {logging_mixin.py:150} INFO - [2024-04-15T10:02:43.978+0000] {dag.py:2742} INFO - Sync 1 DAGs
[2024-04-15T10:02:44.003+0000] {logging_mixin.py:150} INFO - [2024-04-15T10:02:44.003+0000] {dag.py:3508} INFO - Setting next_dagrun for customer_cluster_modeling to 2024-04-15T00:00:00+00:00, run_after=2024-04-16T00:00:00+00:00
[2024-04-15T10:02:44.025+0000] {processor.py:179} INFO - Processing /opt/airflow/dags/customer_cluster_modeling.py took 0.092 seconds
[2024-04-15T10:03:14.194+0000] {processor.py:157} INFO - Started process (PID=2477) to work on /opt/airflow/dags/customer_cluster_modeling.py
[2024-04-15T10:03:14.195+0000] {processor.py:826} INFO - Processing file /opt/airflow/dags/customer_cluster_modeling.py for tasks to queue
[2024-04-15T10:03:14.195+0000] {logging_mixin.py:150} INFO - [2024-04-15T10:03:14.195+0000] {dagbag.py:541} INFO - Filling up the DagBag from /opt/airflow/dags/customer_cluster_modeling.py
[2024-04-15T10:03:14.205+0000] {processor.py:836} INFO - DAG(s) dict_keys(['customer_cluster_modeling']) retrieved from /opt/airflow/dags/customer_cluster_modeling.py
[2024-04-15T10:03:14.227+0000] {logging_mixin.py:150} INFO - [2024-04-15T10:03:14.227+0000] {dag.py:2742} INFO - Sync 1 DAGs
[2024-04-15T10:03:14.250+0000] {logging_mixin.py:150} INFO - [2024-04-15T10:03:14.250+0000] {dag.py:3508} INFO - Setting next_dagrun for customer_cluster_modeling to 2024-04-15T00:00:00+00:00, run_after=2024-04-16T00:00:00+00:00
[2024-04-15T10:03:14.270+0000] {processor.py:179} INFO - Processing /opt/airflow/dags/customer_cluster_modeling.py took 0.079 seconds
[2024-04-15T10:03:44.437+0000] {processor.py:157} INFO - Started process (PID=2514) to work on /opt/airflow/dags/customer_cluster_modeling.py
[2024-04-15T10:03:44.438+0000] {processor.py:826} INFO - Processing file /opt/airflow/dags/customer_cluster_modeling.py for tasks to queue
[2024-04-15T10:03:44.439+0000] {logging_mixin.py:150} INFO - [2024-04-15T10:03:44.438+0000] {dagbag.py:541} INFO - Filling up the DagBag from /opt/airflow/dags/customer_cluster_modeling.py
[2024-04-15T10:03:44.448+0000] {processor.py:836} INFO - DAG(s) dict_keys(['customer_cluster_modeling']) retrieved from /opt/airflow/dags/customer_cluster_modeling.py
[2024-04-15T10:03:44.470+0000] {logging_mixin.py:150} INFO - [2024-04-15T10:03:44.469+0000] {dag.py:2742} INFO - Sync 1 DAGs
[2024-04-15T10:03:44.492+0000] {logging_mixin.py:150} INFO - [2024-04-15T10:03:44.492+0000] {dag.py:3508} INFO - Setting next_dagrun for customer_cluster_modeling to 2024-04-15T00:00:00+00:00, run_after=2024-04-16T00:00:00+00:00
[2024-04-15T10:03:44.516+0000] {processor.py:179} INFO - Processing /opt/airflow/dags/customer_cluster_modeling.py took 0.082 seconds
[2024-04-15T10:04:14.678+0000] {processor.py:157} INFO - Started process (PID=2543) to work on /opt/airflow/dags/customer_cluster_modeling.py
[2024-04-15T10:04:14.679+0000] {processor.py:826} INFO - Processing file /opt/airflow/dags/customer_cluster_modeling.py for tasks to queue
[2024-04-15T10:04:14.680+0000] {logging_mixin.py:150} INFO - [2024-04-15T10:04:14.680+0000] {dagbag.py:541} INFO - Filling up the DagBag from /opt/airflow/dags/customer_cluster_modeling.py
[2024-04-15T10:04:14.689+0000] {processor.py:836} INFO - DAG(s) dict_keys(['customer_cluster_modeling']) retrieved from /opt/airflow/dags/customer_cluster_modeling.py
[2024-04-15T10:04:14.711+0000] {logging_mixin.py:150} INFO - [2024-04-15T10:04:14.710+0000] {dag.py:2742} INFO - Sync 1 DAGs
[2024-04-15T10:04:14.737+0000] {logging_mixin.py:150} INFO - [2024-04-15T10:04:14.737+0000] {dag.py:3508} INFO - Setting next_dagrun for customer_cluster_modeling to 2024-04-15T00:00:00+00:00, run_after=2024-04-16T00:00:00+00:00
[2024-04-15T10:04:14.758+0000] {processor.py:179} INFO - Processing /opt/airflow/dags/customer_cluster_modeling.py took 0.082 seconds
[2024-04-15T10:04:45.006+0000] {processor.py:157} INFO - Started process (PID=2595) to work on /opt/airflow/dags/customer_cluster_modeling.py
[2024-04-15T10:04:45.007+0000] {processor.py:826} INFO - Processing file /opt/airflow/dags/customer_cluster_modeling.py for tasks to queue
[2024-04-15T10:04:45.009+0000] {logging_mixin.py:150} INFO - [2024-04-15T10:04:45.008+0000] {dagbag.py:541} INFO - Filling up the DagBag from /opt/airflow/dags/customer_cluster_modeling.py
[2024-04-15T10:04:45.024+0000] {processor.py:836} INFO - DAG(s) dict_keys(['customer_cluster_modeling']) retrieved from /opt/airflow/dags/customer_cluster_modeling.py
[2024-04-15T10:04:45.059+0000] {logging_mixin.py:150} INFO - [2024-04-15T10:04:45.059+0000] {dag.py:2742} INFO - Sync 1 DAGs
[2024-04-15T10:04:45.096+0000] {logging_mixin.py:150} INFO - [2024-04-15T10:04:45.095+0000] {dag.py:3508} INFO - Setting next_dagrun for customer_cluster_modeling to 2024-04-15T00:00:00+00:00, run_after=2024-04-16T00:00:00+00:00
[2024-04-15T10:04:45.124+0000] {processor.py:179} INFO - Processing /opt/airflow/dags/customer_cluster_modeling.py took 0.127 seconds
[2024-04-15T10:05:15.162+0000] {processor.py:157} INFO - Started process (PID=2624) to work on /opt/airflow/dags/customer_cluster_modeling.py
[2024-04-15T10:05:15.163+0000] {processor.py:826} INFO - Processing file /opt/airflow/dags/customer_cluster_modeling.py for tasks to queue
[2024-04-15T10:05:15.164+0000] {logging_mixin.py:150} INFO - [2024-04-15T10:05:15.163+0000] {dagbag.py:541} INFO - Filling up the DagBag from /opt/airflow/dags/customer_cluster_modeling.py
[2024-04-15T10:05:15.173+0000] {processor.py:836} INFO - DAG(s) dict_keys(['customer_cluster_modeling']) retrieved from /opt/airflow/dags/customer_cluster_modeling.py
[2024-04-15T10:05:15.197+0000] {logging_mixin.py:150} INFO - [2024-04-15T10:05:15.197+0000] {dag.py:2742} INFO - Sync 1 DAGs
[2024-04-15T10:05:15.221+0000] {logging_mixin.py:150} INFO - [2024-04-15T10:05:15.221+0000] {dag.py:3508} INFO - Setting next_dagrun for customer_cluster_modeling to 2024-04-15T00:00:00+00:00, run_after=2024-04-16T00:00:00+00:00
[2024-04-15T10:05:15.242+0000] {processor.py:179} INFO - Processing /opt/airflow/dags/customer_cluster_modeling.py took 0.083 seconds
[2024-04-15T10:05:45.400+0000] {processor.py:157} INFO - Started process (PID=2662) to work on /opt/airflow/dags/customer_cluster_modeling.py
[2024-04-15T10:05:45.401+0000] {processor.py:826} INFO - Processing file /opt/airflow/dags/customer_cluster_modeling.py for tasks to queue
[2024-04-15T10:05:45.402+0000] {logging_mixin.py:150} INFO - [2024-04-15T10:05:45.402+0000] {dagbag.py:541} INFO - Filling up the DagBag from /opt/airflow/dags/customer_cluster_modeling.py
[2024-04-15T10:05:45.421+0000] {processor.py:836} INFO - DAG(s) dict_keys(['customer_cluster_modeling']) retrieved from /opt/airflow/dags/customer_cluster_modeling.py
[2024-04-15T10:05:45.453+0000] {logging_mixin.py:150} INFO - [2024-04-15T10:05:45.453+0000] {dag.py:2742} INFO - Sync 1 DAGs
[2024-04-15T10:05:45.502+0000] {logging_mixin.py:150} INFO - [2024-04-15T10:05:45.501+0000] {dag.py:3508} INFO - Setting next_dagrun for customer_cluster_modeling to 2024-04-15T00:00:00+00:00, run_after=2024-04-16T00:00:00+00:00
[2024-04-15T10:05:45.531+0000] {processor.py:179} INFO - Processing /opt/airflow/dags/customer_cluster_modeling.py took 0.134 seconds
[2024-04-15T10:06:15.591+0000] {processor.py:157} INFO - Started process (PID=2691) to work on /opt/airflow/dags/customer_cluster_modeling.py
[2024-04-15T10:06:15.592+0000] {processor.py:826} INFO - Processing file /opt/airflow/dags/customer_cluster_modeling.py for tasks to queue
[2024-04-15T10:06:15.593+0000] {logging_mixin.py:150} INFO - [2024-04-15T10:06:15.593+0000] {dagbag.py:541} INFO - Filling up the DagBag from /opt/airflow/dags/customer_cluster_modeling.py
[2024-04-15T10:06:15.603+0000] {processor.py:836} INFO - DAG(s) dict_keys(['customer_cluster_modeling']) retrieved from /opt/airflow/dags/customer_cluster_modeling.py
[2024-04-15T10:06:15.627+0000] {logging_mixin.py:150} INFO - [2024-04-15T10:06:15.627+0000] {dag.py:2742} INFO - Sync 1 DAGs
[2024-04-15T10:06:15.652+0000] {logging_mixin.py:150} INFO - [2024-04-15T10:06:15.652+0000] {dag.py:3508} INFO - Setting next_dagrun for customer_cluster_modeling to 2024-04-15T00:00:00+00:00, run_after=2024-04-16T00:00:00+00:00
[2024-04-15T10:06:15.676+0000] {processor.py:179} INFO - Processing /opt/airflow/dags/customer_cluster_modeling.py took 0.087 seconds
[2024-04-15T10:06:46.170+0000] {processor.py:157} INFO - Started process (PID=2731) to work on /opt/airflow/dags/customer_cluster_modeling.py
[2024-04-15T10:06:46.171+0000] {processor.py:826} INFO - Processing file /opt/airflow/dags/customer_cluster_modeling.py for tasks to queue
[2024-04-15T10:06:46.172+0000] {logging_mixin.py:150} INFO - [2024-04-15T10:06:46.172+0000] {dagbag.py:541} INFO - Filling up the DagBag from /opt/airflow/dags/customer_cluster_modeling.py
[2024-04-15T10:06:46.181+0000] {processor.py:836} INFO - DAG(s) dict_keys(['customer_cluster_modeling']) retrieved from /opt/airflow/dags/customer_cluster_modeling.py
[2024-04-15T10:06:46.205+0000] {logging_mixin.py:150} INFO - [2024-04-15T10:06:46.205+0000] {dag.py:2742} INFO - Sync 1 DAGs
[2024-04-15T10:06:46.240+0000] {logging_mixin.py:150} INFO - [2024-04-15T10:06:46.239+0000] {dag.py:3508} INFO - Setting next_dagrun for customer_cluster_modeling to 2024-04-15T00:00:00+00:00, run_after=2024-04-16T00:00:00+00:00
[2024-04-15T10:06:46.260+0000] {processor.py:179} INFO - Processing /opt/airflow/dags/customer_cluster_modeling.py took 0.092 seconds
[2024-04-15T10:07:16.382+0000] {processor.py:157} INFO - Started process (PID=2774) to work on /opt/airflow/dags/customer_cluster_modeling.py
[2024-04-15T10:07:16.383+0000] {processor.py:826} INFO - Processing file /opt/airflow/dags/customer_cluster_modeling.py for tasks to queue
[2024-04-15T10:07:16.384+0000] {logging_mixin.py:150} INFO - [2024-04-15T10:07:16.384+0000] {dagbag.py:541} INFO - Filling up the DagBag from /opt/airflow/dags/customer_cluster_modeling.py
[2024-04-15T10:07:16.393+0000] {processor.py:836} INFO - DAG(s) dict_keys(['customer_cluster_modeling']) retrieved from /opt/airflow/dags/customer_cluster_modeling.py
[2024-04-15T10:07:16.416+0000] {logging_mixin.py:150} INFO - [2024-04-15T10:07:16.416+0000] {dag.py:2742} INFO - Sync 1 DAGs
[2024-04-15T10:07:16.440+0000] {logging_mixin.py:150} INFO - [2024-04-15T10:07:16.440+0000] {dag.py:3508} INFO - Setting next_dagrun for customer_cluster_modeling to 2024-04-15T00:00:00+00:00, run_after=2024-04-16T00:00:00+00:00
[2024-04-15T10:07:16.462+0000] {processor.py:179} INFO - Processing /opt/airflow/dags/customer_cluster_modeling.py took 0.083 seconds
[2024-04-15T10:07:46.602+0000] {processor.py:157} INFO - Started process (PID=2803) to work on /opt/airflow/dags/customer_cluster_modeling.py
[2024-04-15T10:07:46.603+0000] {processor.py:826} INFO - Processing file /opt/airflow/dags/customer_cluster_modeling.py for tasks to queue
[2024-04-15T10:07:46.604+0000] {logging_mixin.py:150} INFO - [2024-04-15T10:07:46.604+0000] {dagbag.py:541} INFO - Filling up the DagBag from /opt/airflow/dags/customer_cluster_modeling.py
[2024-04-15T10:07:46.619+0000] {processor.py:836} INFO - DAG(s) dict_keys(['customer_cluster_modeling']) retrieved from /opt/airflow/dags/customer_cluster_modeling.py
[2024-04-15T10:07:46.668+0000] {logging_mixin.py:150} INFO - [2024-04-15T10:07:46.668+0000] {dag.py:2742} INFO - Sync 1 DAGs
[2024-04-15T10:07:46.699+0000] {logging_mixin.py:150} INFO - [2024-04-15T10:07:46.698+0000] {dag.py:3508} INFO - Setting next_dagrun for customer_cluster_modeling to 2024-04-15T00:00:00+00:00, run_after=2024-04-16T00:00:00+00:00
[2024-04-15T10:07:46.721+0000] {processor.py:179} INFO - Processing /opt/airflow/dags/customer_cluster_modeling.py took 0.123 seconds
[2024-04-15T10:08:16.870+0000] {processor.py:157} INFO - Started process (PID=2843) to work on /opt/airflow/dags/customer_cluster_modeling.py
[2024-04-15T10:08:16.871+0000] {processor.py:826} INFO - Processing file /opt/airflow/dags/customer_cluster_modeling.py for tasks to queue
[2024-04-15T10:08:16.872+0000] {logging_mixin.py:150} INFO - [2024-04-15T10:08:16.872+0000] {dagbag.py:541} INFO - Filling up the DagBag from /opt/airflow/dags/customer_cluster_modeling.py
[2024-04-15T10:08:16.885+0000] {processor.py:836} INFO - DAG(s) dict_keys(['customer_cluster_modeling']) retrieved from /opt/airflow/dags/customer_cluster_modeling.py
[2024-04-15T10:08:16.921+0000] {logging_mixin.py:150} INFO - [2024-04-15T10:08:16.920+0000] {dag.py:2742} INFO - Sync 1 DAGs
[2024-04-15T10:08:16.966+0000] {logging_mixin.py:150} INFO - [2024-04-15T10:08:16.966+0000] {dag.py:3508} INFO - Setting next_dagrun for customer_cluster_modeling to 2024-04-15T00:00:00+00:00, run_after=2024-04-16T00:00:00+00:00
[2024-04-15T10:08:16.995+0000] {processor.py:179} INFO - Processing /opt/airflow/dags/customer_cluster_modeling.py took 0.129 seconds
[2024-04-15T10:08:47.114+0000] {processor.py:157} INFO - Started process (PID=2872) to work on /opt/airflow/dags/customer_cluster_modeling.py
[2024-04-15T10:08:47.115+0000] {processor.py:826} INFO - Processing file /opt/airflow/dags/customer_cluster_modeling.py for tasks to queue
[2024-04-15T10:08:47.116+0000] {logging_mixin.py:150} INFO - [2024-04-15T10:08:47.116+0000] {dagbag.py:541} INFO - Filling up the DagBag from /opt/airflow/dags/customer_cluster_modeling.py
[2024-04-15T10:08:47.126+0000] {processor.py:836} INFO - DAG(s) dict_keys(['customer_cluster_modeling']) retrieved from /opt/airflow/dags/customer_cluster_modeling.py
[2024-04-15T10:08:47.149+0000] {logging_mixin.py:150} INFO - [2024-04-15T10:08:47.149+0000] {dag.py:2742} INFO - Sync 1 DAGs
[2024-04-15T10:08:47.172+0000] {logging_mixin.py:150} INFO - [2024-04-15T10:08:47.172+0000] {dag.py:3508} INFO - Setting next_dagrun for customer_cluster_modeling to 2024-04-15T00:00:00+00:00, run_after=2024-04-16T00:00:00+00:00
[2024-04-15T10:08:47.194+0000] {processor.py:179} INFO - Processing /opt/airflow/dags/customer_cluster_modeling.py took 0.082 seconds
[2024-04-15T10:09:17.352+0000] {processor.py:157} INFO - Started process (PID=2909) to work on /opt/airflow/dags/customer_cluster_modeling.py
[2024-04-15T10:09:17.354+0000] {processor.py:826} INFO - Processing file /opt/airflow/dags/customer_cluster_modeling.py for tasks to queue
[2024-04-15T10:09:17.364+0000] {logging_mixin.py:150} INFO - [2024-04-15T10:09:17.363+0000] {dagbag.py:541} INFO - Filling up the DagBag from /opt/airflow/dags/customer_cluster_modeling.py
[2024-04-15T10:09:17.392+0000] {processor.py:836} INFO - DAG(s) dict_keys(['customer_cluster_modeling']) retrieved from /opt/airflow/dags/customer_cluster_modeling.py
[2024-04-15T10:09:17.452+0000] {logging_mixin.py:150} INFO - [2024-04-15T10:09:17.451+0000] {dag.py:2742} INFO - Sync 1 DAGs
[2024-04-15T10:09:17.530+0000] {logging_mixin.py:150} INFO - [2024-04-15T10:09:17.523+0000] {dag.py:3508} INFO - Setting next_dagrun for customer_cluster_modeling to 2024-04-15T00:00:00+00:00, run_after=2024-04-16T00:00:00+00:00
[2024-04-15T10:09:17.592+0000] {processor.py:179} INFO - Processing /opt/airflow/dags/customer_cluster_modeling.py took 0.243 seconds
