[2024-04-15T09:28:44.340+0000] {manager.py:487} INFO - Processing files using up to 2 processes at a time 
[2024-04-15T09:28:44.344+0000] {manager.py:488} INFO - Process each file at most once every 30 seconds
[2024-04-15T09:28:44.344+0000] {manager.py:490} INFO - Checking for new files in /opt/airflow/dags every 15 seconds
[2024-04-15T09:28:44.345+0000] {manager.py:758} INFO - Searching for files in /opt/airflow/dags
[2024-04-15T09:28:44.349+0000] {manager.py:761} INFO - There are 2 files in /opt/airflow/dags
[2024-04-15T09:28:50.697+0000] {manager.py:889} INFO - 
================================================================================
DAG File Processing Stats

File Path                                                      PID  Runtime      # DAGs    # Errors  Last Runtime    Last Run
-----------------------------------------------------------  -----  ---------  --------  ----------  --------------  ----------
/opt/airflow/dags/customer_cluster_modeling.py                 175  0.08s             0           0
/opt/airflow/dags/clustering_from_msql2bigquery_pipeline.py    178  0.04s             0           0
================================================================================
[2024-04-15T09:28:59.904+0000] {manager.py:758} INFO - Searching for files in /opt/airflow/dags
[2024-04-15T09:28:59.911+0000] {manager.py:761} INFO - There are 2 files in /opt/airflow/dags
[2024-04-15T09:29:15.004+0000] {manager.py:758} INFO - Searching for files in /opt/airflow/dags
[2024-04-15T09:29:15.006+0000] {manager.py:761} INFO - There are 2 files in /opt/airflow/dags
[2024-04-15T09:29:21.033+0000] {manager.py:889} INFO - 
================================================================================
DAG File Processing Stats

File Path                                                    PID    Runtime      # DAGs    # Errors  Last Runtime    Last Run
-----------------------------------------------------------  -----  ---------  --------  ----------  --------------  -------------------
/opt/airflow/dags/customer_cluster_modeling.py                                        1           0  1.26s           2024-04-15T09:28:51
/opt/airflow/dags/clustering_from_msql2bigquery_pipeline.py                           1           0  1.21s           2024-04-15T09:28:51
================================================================================
[2024-04-15T09:29:30.410+0000] {manager.py:758} INFO - Searching for files in /opt/airflow/dags
[2024-04-15T09:29:30.412+0000] {manager.py:761} INFO - There are 2 files in /opt/airflow/dags
[2024-04-15T09:29:45.483+0000] {manager.py:758} INFO - Searching for files in /opt/airflow/dags
[2024-04-15T09:29:45.484+0000] {manager.py:761} INFO - There are 2 files in /opt/airflow/dags
[2024-04-15T09:29:51.640+0000] {manager.py:889} INFO - 
================================================================================
DAG File Processing Stats

File Path                                                    PID    Runtime      # DAGs    # Errors  Last Runtime    Last Run
-----------------------------------------------------------  -----  ---------  --------  ----------  --------------  -------------------
/opt/airflow/dags/customer_cluster_modeling.py                                        1           0  0.34s           2024-04-15T09:29:22
/opt/airflow/dags/clustering_from_msql2bigquery_pipeline.py                           1           0  0.37s           2024-04-15T09:29:22
================================================================================
[2024-04-15T09:30:00.848+0000] {manager.py:758} INFO - Searching for files in /opt/airflow/dags
[2024-04-15T09:30:00.850+0000] {manager.py:761} INFO - There are 2 files in /opt/airflow/dags
[2024-04-15T09:30:15.928+0000] {manager.py:758} INFO - Searching for files in /opt/airflow/dags
[2024-04-15T09:30:15.931+0000] {manager.py:761} INFO - There are 2 files in /opt/airflow/dags
[2024-04-15T09:30:21.971+0000] {manager.py:889} INFO - 
================================================================================
DAG File Processing Stats

File Path                                                    PID    Runtime      # DAGs    # Errors  Last Runtime    Last Run
-----------------------------------------------------------  -----  ---------  --------  ----------  --------------  -------------------
/opt/airflow/dags/customer_cluster_modeling.py                                        1           0  0.17s           2024-04-15T09:29:52
/opt/airflow/dags/clustering_from_msql2bigquery_pipeline.py                           1           0  0.16s           2024-04-15T09:29:52
================================================================================
[2024-04-15T09:30:31.157+0000] {manager.py:758} INFO - Searching for files in /opt/airflow/dags
[2024-04-15T09:30:31.159+0000] {manager.py:761} INFO - There are 2 files in /opt/airflow/dags
[2024-04-15T09:30:46.225+0000] {manager.py:758} INFO - Searching for files in /opt/airflow/dags
[2024-04-15T09:30:46.226+0000] {manager.py:761} INFO - There are 2 files in /opt/airflow/dags
[2024-04-15T09:30:52.262+0000] {manager.py:889} INFO - 
================================================================================
DAG File Processing Stats

File Path                                                    PID    Runtime      # DAGs    # Errors  Last Runtime    Last Run
-----------------------------------------------------------  -----  ---------  --------  ----------  --------------  -------------------
/opt/airflow/dags/customer_cluster_modeling.py                                        1           0  0.14s           2024-04-15T09:30:23
/opt/airflow/dags/clustering_from_msql2bigquery_pipeline.py                           1           0  0.14s           2024-04-15T09:30:23
================================================================================
[2024-04-15T09:31:01.604+0000] {manager.py:758} INFO - Searching for files in /opt/airflow/dags
[2024-04-15T09:31:01.605+0000] {manager.py:761} INFO - There are 2 files in /opt/airflow/dags
[2024-04-15T09:31:16.676+0000] {manager.py:758} INFO - Searching for files in /opt/airflow/dags
[2024-04-15T09:31:16.677+0000] {manager.py:761} INFO - There are 2 files in /opt/airflow/dags
[2024-04-15T09:31:22.726+0000] {manager.py:889} INFO - 
================================================================================
DAG File Processing Stats

File Path                                                    PID    Runtime      # DAGs    # Errors  Last Runtime    Last Run
-----------------------------------------------------------  -----  ---------  --------  ----------  --------------  -------------------
/opt/airflow/dags/customer_cluster_modeling.py                                        1           0  0.30s           2024-04-15T09:30:53
/opt/airflow/dags/clustering_from_msql2bigquery_pipeline.py                           1           0  0.27s           2024-04-15T09:30:53
================================================================================
[2024-04-15T09:31:31.917+0000] {manager.py:758} INFO - Searching for files in /opt/airflow/dags
[2024-04-15T09:31:31.932+0000] {manager.py:761} INFO - There are 2 files in /opt/airflow/dags
[2024-04-15T09:31:47.013+0000] {manager.py:758} INFO - Searching for files in /opt/airflow/dags
[2024-04-15T09:31:47.015+0000] {manager.py:761} INFO - There are 2 files in /opt/airflow/dags
[2024-04-15T09:31:53.045+0000] {manager.py:889} INFO - 
================================================================================
DAG File Processing Stats

File Path                                                    PID    Runtime      # DAGs    # Errors  Last Runtime    Last Run
-----------------------------------------------------------  -----  ---------  --------  ----------  --------------  -------------------
/opt/airflow/dags/customer_cluster_modeling.py                                        1           0  0.15s           2024-04-15T09:31:23
/opt/airflow/dags/clustering_from_msql2bigquery_pipeline.py                           1           0  0.14s           2024-04-15T09:31:23
================================================================================
[2024-04-15T09:32:02.234+0000] {manager.py:758} INFO - Searching for files in /opt/airflow/dags
[2024-04-15T09:32:02.236+0000] {manager.py:761} INFO - There are 2 files in /opt/airflow/dags
[2024-04-15T09:32:17.301+0000] {manager.py:758} INFO - Searching for files in /opt/airflow/dags
[2024-04-15T09:32:17.302+0000] {manager.py:761} INFO - There are 2 files in /opt/airflow/dags
[2024-04-15T09:32:23.371+0000] {manager.py:889} INFO - 
================================================================================
DAG File Processing Stats

File Path                                                    PID    Runtime      # DAGs    # Errors  Last Runtime    Last Run
-----------------------------------------------------------  -----  ---------  --------  ----------  --------------  -------------------
/opt/airflow/dags/customer_cluster_modeling.py                                        1           0  0.15s           2024-04-15T09:31:54
/opt/airflow/dags/clustering_from_msql2bigquery_pipeline.py                           1           0  0.15s           2024-04-15T09:31:54
================================================================================
[2024-04-15T09:32:32.943+0000] {manager.py:758} INFO - Searching for files in /opt/airflow/dags
[2024-04-15T09:32:32.945+0000] {manager.py:761} INFO - There are 2 files in /opt/airflow/dags
[2024-04-15T09:32:48.013+0000] {manager.py:758} INFO - Searching for files in /opt/airflow/dags
[2024-04-15T09:32:48.014+0000] {manager.py:761} INFO - There are 2 files in /opt/airflow/dags
[2024-04-15T09:32:54.045+0000] {manager.py:889} INFO - 
================================================================================
DAG File Processing Stats

File Path                                                    PID    Runtime      # DAGs    # Errors  Last Runtime    Last Run
-----------------------------------------------------------  -----  ---------  --------  ----------  --------------  -------------------
/opt/airflow/dags/customer_cluster_modeling.py                                        1           0  0.51s           2024-04-15T09:32:24
/opt/airflow/dags/clustering_from_msql2bigquery_pipeline.py                           1           0  0.60s           2024-04-15T09:32:25
================================================================================
[2024-04-15T09:33:03.395+0000] {manager.py:758} INFO - Searching for files in /opt/airflow/dags
[2024-04-15T09:33:03.398+0000] {manager.py:761} INFO - There are 2 files in /opt/airflow/dags
[2024-04-15T09:33:18.470+0000] {manager.py:758} INFO - Searching for files in /opt/airflow/dags
[2024-04-15T09:33:18.472+0000] {manager.py:761} INFO - There are 2 files in /opt/airflow/dags
[2024-04-15T09:33:24.501+0000] {manager.py:889} INFO - 
================================================================================
DAG File Processing Stats

File Path                                                    PID    Runtime      # DAGs    # Errors  Last Runtime    Last Run
-----------------------------------------------------------  -----  ---------  --------  ----------  --------------  -------------------
/opt/airflow/dags/customer_cluster_modeling.py                                        1           0  0.32s           2024-04-15T09:32:55
/opt/airflow/dags/clustering_from_msql2bigquery_pipeline.py                           1           0  0.29s           2024-04-15T09:32:55
================================================================================
[2024-04-15T09:33:33.689+0000] {manager.py:758} INFO - Searching for files in /opt/airflow/dags
[2024-04-15T09:33:33.694+0000] {manager.py:761} INFO - There are 2 files in /opt/airflow/dags
[2024-04-15T09:33:48.783+0000] {manager.py:758} INFO - Searching for files in /opt/airflow/dags
[2024-04-15T09:33:48.784+0000] {manager.py:761} INFO - There are 2 files in /opt/airflow/dags
[2024-04-15T09:33:54.812+0000] {manager.py:889} INFO - 
================================================================================
DAG File Processing Stats

File Path                                                    PID    Runtime      # DAGs    # Errors  Last Runtime    Last Run
-----------------------------------------------------------  -----  ---------  --------  ----------  --------------  -------------------
/opt/airflow/dags/customer_cluster_modeling.py                                        1           0  0.15s           2024-04-15T09:33:25
/opt/airflow/dags/clustering_from_msql2bigquery_pipeline.py                           1           0  0.14s           2024-04-15T09:33:25
================================================================================
[2024-04-15T09:34:04.169+0000] {manager.py:758} INFO - Searching for files in /opt/airflow/dags
[2024-04-15T09:34:04.172+0000] {manager.py:761} INFO - There are 2 files in /opt/airflow/dags
[2024-04-15T09:34:19.245+0000] {manager.py:758} INFO - Searching for files in /opt/airflow/dags
[2024-04-15T09:34:19.247+0000] {manager.py:761} INFO - There are 2 files in /opt/airflow/dags
[2024-04-15T09:34:25.273+0000] {manager.py:889} INFO - 
================================================================================
DAG File Processing Stats

File Path                                                    PID    Runtime      # DAGs    # Errors  Last Runtime    Last Run
-----------------------------------------------------------  -----  ---------  --------  ----------  --------------  -------------------
/opt/airflow/dags/customer_cluster_modeling.py                                        1           0  0.32s           2024-04-15T09:33:56
/opt/airflow/dags/clustering_from_msql2bigquery_pipeline.py                           1           0  0.29s           2024-04-15T09:33:56
================================================================================
[2024-04-15T09:34:34.462+0000] {manager.py:758} INFO - Searching for files in /opt/airflow/dags
[2024-04-15T09:34:34.466+0000] {manager.py:761} INFO - There are 2 files in /opt/airflow/dags
[2024-04-15T09:34:49.565+0000] {manager.py:758} INFO - Searching for files in /opt/airflow/dags
[2024-04-15T09:34:49.567+0000] {manager.py:761} INFO - There are 2 files in /opt/airflow/dags
[2024-04-15T09:34:55.598+0000] {manager.py:889} INFO - 
================================================================================
DAG File Processing Stats

File Path                                                    PID    Runtime      # DAGs    # Errors  Last Runtime    Last Run
-----------------------------------------------------------  -----  ---------  --------  ----------  --------------  -------------------
/opt/airflow/dags/customer_cluster_modeling.py                                        1           0  0.15s           2024-04-15T09:34:26
/opt/airflow/dags/clustering_from_msql2bigquery_pipeline.py                           1           0  0.15s           2024-04-15T09:34:26
================================================================================
[2024-04-15T09:35:04.780+0000] {manager.py:758} INFO - Searching for files in /opt/airflow/dags
[2024-04-15T09:35:04.782+0000] {manager.py:761} INFO - There are 2 files in /opt/airflow/dags
[2024-04-15T09:35:19.847+0000] {manager.py:758} INFO - Searching for files in /opt/airflow/dags
[2024-04-15T09:35:19.849+0000] {manager.py:761} INFO - There are 2 files in /opt/airflow/dags
[2024-04-15T09:35:25.881+0000] {manager.py:889} INFO - 
================================================================================
DAG File Processing Stats

File Path                                                    PID    Runtime      # DAGs    # Errors  Last Runtime    Last Run
-----------------------------------------------------------  -----  ---------  --------  ----------  --------------  -------------------
/opt/airflow/dags/customer_cluster_modeling.py                                        1           0  0.14s           2024-04-15T09:34:56
/opt/airflow/dags/clustering_from_msql2bigquery_pipeline.py                           1           0  0.14s           2024-04-15T09:34:56
================================================================================
[2024-04-15T09:35:35.184+0000] {manager.py:758} INFO - Searching for files in /opt/airflow/dags
[2024-04-15T09:35:35.186+0000] {manager.py:761} INFO - There are 2 files in /opt/airflow/dags
[2024-04-15T09:35:50.250+0000] {manager.py:758} INFO - Searching for files in /opt/airflow/dags
[2024-04-15T09:35:50.252+0000] {manager.py:761} INFO - There are 2 files in /opt/airflow/dags
[2024-04-15T09:35:56.285+0000] {manager.py:889} INFO - 
================================================================================
DAG File Processing Stats

File Path                                                    PID    Runtime      # DAGs    # Errors  Last Runtime    Last Run
-----------------------------------------------------------  -----  ---------  --------  ----------  --------------  -------------------
/opt/airflow/dags/customer_cluster_modeling.py                                        1           0  0.26s           2024-04-15T09:35:27
/opt/airflow/dags/clustering_from_msql2bigquery_pipeline.py                           1           0  0.25s           2024-04-15T09:35:27
================================================================================
[2024-04-15T09:36:05.479+0000] {manager.py:758} INFO - Searching for files in /opt/airflow/dags
[2024-04-15T09:36:05.481+0000] {manager.py:761} INFO - There are 2 files in /opt/airflow/dags
[2024-04-15T09:36:20.545+0000] {manager.py:758} INFO - Searching for files in /opt/airflow/dags
[2024-04-15T09:36:20.546+0000] {manager.py:761} INFO - There are 2 files in /opt/airflow/dags
[2024-04-15T09:36:26.574+0000] {manager.py:889} INFO - 
================================================================================
DAG File Processing Stats

File Path                                                    PID    Runtime      # DAGs    # Errors  Last Runtime    Last Run
-----------------------------------------------------------  -----  ---------  --------  ----------  --------------  -------------------
/opt/airflow/dags/customer_cluster_modeling.py                                        1           0  0.15s           2024-04-15T09:35:57
/opt/airflow/dags/clustering_from_msql2bigquery_pipeline.py                           1           0  0.15s           2024-04-15T09:35:57
================================================================================
[2024-04-15T09:36:35.642+0000] {manager.py:758} INFO - Searching for files in /opt/airflow/dags
[2024-04-15T09:36:35.644+0000] {manager.py:761} INFO - There are 2 files in /opt/airflow/dags
[2024-04-15T09:36:50.706+0000] {manager.py:758} INFO - Searching for files in /opt/airflow/dags
[2024-04-15T09:36:50.707+0000] {manager.py:761} INFO - There are 2 files in /opt/airflow/dags
[2024-04-15T09:36:56.751+0000] {manager.py:889} INFO - 
================================================================================
DAG File Processing Stats

File Path                                                    PID    Runtime      # DAGs    # Errors  Last Runtime    Last Run
-----------------------------------------------------------  -----  ---------  --------  ----------  --------------  -------------------
/opt/airflow/dags/clustering_from_msql2bigquery_pipeline.py                           0           1  0.10s           2024-04-15T09:36:53
/opt/airflow/dags/customer_cluster_modeling.py                                        1           0  0.30s           2024-04-15T09:36:27
================================================================================
[2024-04-15T09:37:05.977+0000] {manager.py:758} INFO - Searching for files in /opt/airflow/dags
[2024-04-15T09:37:05.980+0000] {manager.py:761} INFO - There are 2 files in /opt/airflow/dags
[2024-04-15T09:37:21.050+0000] {manager.py:758} INFO - Searching for files in /opt/airflow/dags
[2024-04-15T09:37:21.051+0000] {manager.py:761} INFO - There are 2 files in /opt/airflow/dags
[2024-04-15T09:37:27.080+0000] {manager.py:889} INFO - 
================================================================================
DAG File Processing Stats

File Path                                                    PID    Runtime      # DAGs    # Errors  Last Runtime    Last Run
-----------------------------------------------------------  -----  ---------  --------  ----------  --------------  -------------------
/opt/airflow/dags/clustering_from_msql2bigquery_pipeline.py                           0           1  0.05s           2024-04-15T09:37:03
/opt/airflow/dags/customer_cluster_modeling.py                                        1           0  0.16s           2024-04-15T09:36:58
================================================================================
[2024-04-15T09:37:36.142+0000] {manager.py:758} INFO - Searching for files in /opt/airflow/dags
[2024-04-15T09:37:36.144+0000] {manager.py:761} INFO - There are 2 files in /opt/airflow/dags
[2024-04-15T09:37:51.208+0000] {manager.py:758} INFO - Searching for files in /opt/airflow/dags
[2024-04-15T09:37:51.210+0000] {manager.py:761} INFO - There are 2 files in /opt/airflow/dags
[2024-04-15T09:37:57.270+0000] {manager.py:889} INFO - 
================================================================================
DAG File Processing Stats

File Path                                                    PID    Runtime      # DAGs    # Errors  Last Runtime    Last Run
-----------------------------------------------------------  -----  ---------  --------  ----------  --------------  -------------------
/opt/airflow/dags/clustering_from_msql2bigquery_pipeline.py                           0           1  0.05s           2024-04-15T09:37:33
/opt/airflow/dags/customer_cluster_modeling.py                                        1           0  0.23s           2024-04-15T09:37:29
================================================================================
[2024-04-15T09:38:06.323+0000] {manager.py:758} INFO - Searching for files in /opt/airflow/dags
[2024-04-15T09:38:06.326+0000] {manager.py:761} INFO - There are 2 files in /opt/airflow/dags
[2024-04-15T09:38:21.408+0000] {manager.py:758} INFO - Searching for files in /opt/airflow/dags
[2024-04-15T09:38:21.410+0000] {manager.py:761} INFO - There are 2 files in /opt/airflow/dags
[2024-04-15T09:38:27.440+0000] {manager.py:889} INFO - 
================================================================================
DAG File Processing Stats

File Path                                                    PID    Runtime      # DAGs    # Errors  Last Runtime    Last Run
-----------------------------------------------------------  -----  ---------  --------  ----------  --------------  -------------------
/opt/airflow/dags/clustering_from_msql2bigquery_pipeline.py                           0           1  0.05s           2024-04-15T09:38:03
/opt/airflow/dags/customer_cluster_modeling.py                                        1           0  0.11s           2024-04-15T09:38:00
================================================================================
[2024-04-15T09:38:36.495+0000] {manager.py:758} INFO - Searching for files in /opt/airflow/dags
[2024-04-15T09:38:36.497+0000] {manager.py:761} INFO - There are 2 files in /opt/airflow/dags
[2024-04-15T09:38:51.557+0000] {manager.py:758} INFO - Searching for files in /opt/airflow/dags
[2024-04-15T09:38:51.558+0000] {manager.py:761} INFO - There are 2 files in /opt/airflow/dags
[2024-04-15T09:38:57.600+0000] {manager.py:889} INFO - 
================================================================================
DAG File Processing Stats

File Path                                                    PID    Runtime      # DAGs    # Errors  Last Runtime    Last Run
-----------------------------------------------------------  -----  ---------  --------  ----------  --------------  -------------------
/opt/airflow/dags/clustering_from_msql2bigquery_pipeline.py                           0           1  0.05s           2024-04-15T09:38:33
/opt/airflow/dags/customer_cluster_modeling.py                                        1           0  0.11s           2024-04-15T09:38:30
================================================================================
[2024-04-15T09:39:06.657+0000] {manager.py:758} INFO - Searching for files in /opt/airflow/dags
[2024-04-15T09:39:06.658+0000] {manager.py:761} INFO - There are 2 files in /opt/airflow/dags
[2024-04-15T09:39:21.726+0000] {manager.py:758} INFO - Searching for files in /opt/airflow/dags
[2024-04-15T09:39:21.729+0000] {manager.py:761} INFO - There are 2 files in /opt/airflow/dags
[2024-04-15T09:39:27.766+0000] {manager.py:889} INFO - 
================================================================================
DAG File Processing Stats

File Path                                                    PID    Runtime      # DAGs    # Errors  Last Runtime    Last Run
-----------------------------------------------------------  -----  ---------  --------  ----------  --------------  -------------------
/opt/airflow/dags/clustering_from_msql2bigquery_pipeline.py                           0           1  0.06s           2024-04-15T09:39:03
/opt/airflow/dags/customer_cluster_modeling.py                                        1           0  0.11s           2024-04-15T09:39:00
================================================================================
[2024-04-15T09:39:36.914+0000] {manager.py:758} INFO - Searching for files in /opt/airflow/dags
[2024-04-15T09:39:36.916+0000] {manager.py:761} INFO - There are 2 files in /opt/airflow/dags
[2024-04-15T09:39:52.001+0000] {manager.py:758} INFO - Searching for files in /opt/airflow/dags
[2024-04-15T09:39:52.003+0000] {manager.py:761} INFO - There are 2 files in /opt/airflow/dags
[2024-04-15T09:39:58.043+0000] {manager.py:889} INFO - 
================================================================================
DAG File Processing Stats

File Path                                                    PID    Runtime      # DAGs    # Errors  Last Runtime    Last Run
-----------------------------------------------------------  -----  ---------  --------  ----------  --------------  -------------------
/opt/airflow/dags/clustering_from_msql2bigquery_pipeline.py                           0           1  0.09s           2024-04-15T09:39:33
/opt/airflow/dags/customer_cluster_modeling.py                                        1           0  0.11s           2024-04-15T09:39:30
================================================================================
[2024-04-15T09:40:07.107+0000] {manager.py:758} INFO - Searching for files in /opt/airflow/dags
[2024-04-15T09:40:07.109+0000] {manager.py:761} INFO - There are 2 files in /opt/airflow/dags
[2024-04-15T09:40:22.173+0000] {manager.py:758} INFO - Searching for files in /opt/airflow/dags
[2024-04-15T09:40:22.176+0000] {manager.py:761} INFO - There are 2 files in /opt/airflow/dags
[2024-04-15T09:40:28.218+0000] {manager.py:889} INFO - 
================================================================================
DAG File Processing Stats

File Path                                                    PID    Runtime      # DAGs    # Errors  Last Runtime    Last Run
-----------------------------------------------------------  -----  ---------  --------  ----------  --------------  -------------------
/opt/airflow/dags/clustering_from_msql2bigquery_pipeline.py                           0           1  0.08s           2024-04-15T09:40:04
/opt/airflow/dags/customer_cluster_modeling.py                                        1           0  0.11s           2024-04-15T09:40:01
================================================================================
[2024-04-15T09:40:37.277+0000] {manager.py:758} INFO - Searching for files in /opt/airflow/dags
[2024-04-15T09:40:37.280+0000] {manager.py:761} INFO - There are 2 files in /opt/airflow/dags
[2024-04-15T09:40:52.346+0000] {manager.py:758} INFO - Searching for files in /opt/airflow/dags
[2024-04-15T09:40:52.348+0000] {manager.py:761} INFO - There are 2 files in /opt/airflow/dags
[2024-04-15T09:40:58.378+0000] {manager.py:889} INFO - 
================================================================================
DAG File Processing Stats

File Path                                                    PID    Runtime      # DAGs    # Errors  Last Runtime    Last Run
-----------------------------------------------------------  -----  ---------  --------  ----------  --------------  -------------------
/opt/airflow/dags/clustering_from_msql2bigquery_pipeline.py                           0           1  0.05s           2024-04-15T09:40:34
/opt/airflow/dags/customer_cluster_modeling.py                                        1           0  0.14s           2024-04-15T09:40:31
================================================================================
[2024-04-15T09:41:07.473+0000] {manager.py:758} INFO - Searching for files in /opt/airflow/dags
[2024-04-15T09:41:07.475+0000] {manager.py:761} INFO - There are 2 files in /opt/airflow/dags
[2024-04-15T09:41:22.540+0000] {manager.py:758} INFO - Searching for files in /opt/airflow/dags
[2024-04-15T09:41:22.542+0000] {manager.py:761} INFO - There are 2 files in /opt/airflow/dags
[2024-04-15T09:41:28.573+0000] {manager.py:889} INFO - 
================================================================================
DAG File Processing Stats

File Path                                                    PID    Runtime      # DAGs    # Errors  Last Runtime    Last Run
-----------------------------------------------------------  -----  ---------  --------  ----------  --------------  -------------------
/opt/airflow/dags/clustering_from_msql2bigquery_pipeline.py                           0           1  0.05s           2024-04-15T09:41:04
/opt/airflow/dags/customer_cluster_modeling.py                                        1           0  0.28s           2024-04-15T09:41:01
================================================================================
[2024-04-15T09:41:37.630+0000] {manager.py:758} INFO - Searching for files in /opt/airflow/dags
[2024-04-15T09:41:37.632+0000] {manager.py:761} INFO - There are 2 files in /opt/airflow/dags
[2024-04-15T09:41:52.702+0000] {manager.py:758} INFO - Searching for files in /opt/airflow/dags
[2024-04-15T09:41:52.707+0000] {manager.py:761} INFO - There are 2 files in /opt/airflow/dags
[2024-04-15T09:41:58.769+0000] {manager.py:889} INFO - 
================================================================================
DAG File Processing Stats

File Path                                                    PID    Runtime      # DAGs    # Errors  Last Runtime    Last Run
-----------------------------------------------------------  -----  ---------  --------  ----------  --------------  -------------------
/opt/airflow/dags/clustering_from_msql2bigquery_pipeline.py                           0           1  0.05s           2024-04-15T09:41:34
/opt/airflow/dags/customer_cluster_modeling.py                                        1           0  0.11s           2024-04-15T09:41:32
================================================================================
[2024-04-15T09:42:07.845+0000] {manager.py:758} INFO - Searching for files in /opt/airflow/dags
[2024-04-15T09:42:07.847+0000] {manager.py:761} INFO - There are 2 files in /opt/airflow/dags
[2024-04-15T09:42:22.913+0000] {manager.py:758} INFO - Searching for files in /opt/airflow/dags
[2024-04-15T09:42:22.914+0000] {manager.py:761} INFO - There are 2 files in /opt/airflow/dags
[2024-04-15T09:42:28.945+0000] {manager.py:889} INFO - 
================================================================================
DAG File Processing Stats

File Path                                                    PID    Runtime      # DAGs    # Errors  Last Runtime    Last Run
-----------------------------------------------------------  -----  ---------  --------  ----------  --------------  -------------------
/opt/airflow/dags/clustering_from_msql2bigquery_pipeline.py                           0           1  0.09s           2024-04-15T09:42:04
/opt/airflow/dags/customer_cluster_modeling.py                                        1           0  0.10s           2024-04-15T09:42:02
================================================================================
[2024-04-15T09:42:38.007+0000] {manager.py:758} INFO - Searching for files in /opt/airflow/dags
[2024-04-15T09:42:38.009+0000] {manager.py:761} INFO - There are 2 files in /opt/airflow/dags
[2024-04-15T09:42:53.074+0000] {manager.py:758} INFO - Searching for files in /opt/airflow/dags
[2024-04-15T09:42:53.075+0000] {manager.py:761} INFO - There are 2 files in /opt/airflow/dags
[2024-04-15T09:42:59.107+0000] {manager.py:889} INFO - 
================================================================================
DAG File Processing Stats

File Path                                                    PID    Runtime      # DAGs    # Errors  Last Runtime    Last Run
-----------------------------------------------------------  -----  ---------  --------  ----------  --------------  -------------------
/opt/airflow/dags/clustering_from_msql2bigquery_pipeline.py                           0           1  0.05s           2024-04-15T09:42:35
/opt/airflow/dags/customer_cluster_modeling.py                                        1           0  0.13s           2024-04-15T09:42:33
================================================================================
[2024-04-15T09:43:08.169+0000] {manager.py:758} INFO - Searching for files in /opt/airflow/dags
[2024-04-15T09:43:08.170+0000] {manager.py:761} INFO - There are 2 files in /opt/airflow/dags
[2024-04-15T09:43:23.237+0000] {manager.py:758} INFO - Searching for files in /opt/airflow/dags
[2024-04-15T09:43:23.239+0000] {manager.py:761} INFO - There are 2 files in /opt/airflow/dags
[2024-04-15T09:43:29.269+0000] {manager.py:889} INFO - 
================================================================================
DAG File Processing Stats

File Path                                                    PID    Runtime      # DAGs    # Errors  Last Runtime    Last Run
-----------------------------------------------------------  -----  ---------  --------  ----------  --------------  -------------------
/opt/airflow/dags/clustering_from_msql2bigquery_pipeline.py                           0           1  0.05s           2024-04-15T09:43:05
/opt/airflow/dags/customer_cluster_modeling.py                                        1           0  0.11s           2024-04-15T09:43:03
================================================================================
[2024-04-15T09:43:38.333+0000] {manager.py:758} INFO - Searching for files in /opt/airflow/dags
[2024-04-15T09:43:38.335+0000] {manager.py:761} INFO - There are 2 files in /opt/airflow/dags
[2024-04-15T09:43:53.404+0000] {manager.py:758} INFO - Searching for files in /opt/airflow/dags
[2024-04-15T09:43:53.406+0000] {manager.py:761} INFO - There are 2 files in /opt/airflow/dags
[2024-04-15T09:43:59.438+0000] {manager.py:889} INFO - 
================================================================================
DAG File Processing Stats

File Path                                                    PID    Runtime      # DAGs    # Errors  Last Runtime    Last Run
-----------------------------------------------------------  -----  ---------  --------  ----------  --------------  -------------------
/opt/airflow/dags/clustering_from_msql2bigquery_pipeline.py                           0           1  0.05s           2024-04-15T09:43:35
/opt/airflow/dags/customer_cluster_modeling.py                                        1           0  0.18s           2024-04-15T09:43:33
================================================================================
[2024-04-15T09:44:08.511+0000] {manager.py:758} INFO - Searching for files in /opt/airflow/dags
[2024-04-15T09:44:08.515+0000] {manager.py:761} INFO - There are 2 files in /opt/airflow/dags
[2024-04-15T09:44:23.584+0000] {manager.py:758} INFO - Searching for files in /opt/airflow/dags
[2024-04-15T09:44:23.585+0000] {manager.py:761} INFO - There are 2 files in /opt/airflow/dags
[2024-04-15T09:44:29.614+0000] {manager.py:889} INFO - 
================================================================================
DAG File Processing Stats

File Path                                                    PID    Runtime      # DAGs    # Errors  Last Runtime    Last Run
-----------------------------------------------------------  -----  ---------  --------  ----------  --------------  -------------------
/opt/airflow/dags/clustering_from_msql2bigquery_pipeline.py                           0           1  0.05s           2024-04-15T09:44:05
/opt/airflow/dags/customer_cluster_modeling.py                                        1           0  0.15s           2024-04-15T09:44:04
================================================================================
[2024-04-15T09:44:38.686+0000] {manager.py:758} INFO - Searching for files in /opt/airflow/dags
[2024-04-15T09:44:38.688+0000] {manager.py:761} INFO - There are 2 files in /opt/airflow/dags
[2024-04-15T09:44:53.753+0000] {manager.py:758} INFO - Searching for files in /opt/airflow/dags
[2024-04-15T09:44:53.755+0000] {manager.py:761} INFO - There are 2 files in /opt/airflow/dags
[2024-04-15T09:44:59.793+0000] {manager.py:889} INFO - 
================================================================================
DAG File Processing Stats

File Path                                                    PID    Runtime      # DAGs    # Errors  Last Runtime    Last Run
-----------------------------------------------------------  -----  ---------  --------  ----------  --------------  -------------------
/opt/airflow/dags/clustering_from_msql2bigquery_pipeline.py                           0           1  0.09s           2024-04-15T09:44:35
/opt/airflow/dags/customer_cluster_modeling.py                                        1           0  0.17s           2024-04-15T09:44:34
================================================================================
[2024-04-15T09:45:08.876+0000] {manager.py:758} INFO - Searching for files in /opt/airflow/dags
[2024-04-15T09:45:08.878+0000] {manager.py:761} INFO - There are 2 files in /opt/airflow/dags
[2024-04-15T09:45:23.957+0000] {manager.py:758} INFO - Searching for files in /opt/airflow/dags
[2024-04-15T09:45:23.959+0000] {manager.py:761} INFO - There are 2 files in /opt/airflow/dags
[2024-04-15T09:45:29.994+0000] {manager.py:889} INFO - 
================================================================================
DAG File Processing Stats

File Path                                                    PID    Runtime      # DAGs    # Errors  Last Runtime    Last Run
-----------------------------------------------------------  -----  ---------  --------  ----------  --------------  -------------------
/opt/airflow/dags/clustering_from_msql2bigquery_pipeline.py                           0           1  0.07s           2024-04-15T09:45:05
/opt/airflow/dags/customer_cluster_modeling.py                                        1           0  0.12s           2024-04-15T09:45:04
================================================================================
[2024-04-15T09:45:39.053+0000] {manager.py:758} INFO - Searching for files in /opt/airflow/dags
[2024-04-15T09:45:39.056+0000] {manager.py:761} INFO - There are 2 files in /opt/airflow/dags
[2024-04-15T09:45:54.125+0000] {manager.py:758} INFO - Searching for files in /opt/airflow/dags
[2024-04-15T09:45:54.128+0000] {manager.py:761} INFO - There are 2 files in /opt/airflow/dags
[2024-04-15T09:46:00.162+0000] {manager.py:889} INFO - 
================================================================================
DAG File Processing Stats

File Path                                                    PID    Runtime      # DAGs    # Errors  Last Runtime    Last Run
-----------------------------------------------------------  -----  ---------  --------  ----------  --------------  -------------------
/opt/airflow/dags/clustering_from_msql2bigquery_pipeline.py                           0           1  0.05s           2024-04-15T09:45:36
/opt/airflow/dags/customer_cluster_modeling.py                                        1           0  0.10s           2024-04-15T09:45:35
================================================================================
[2024-04-15T09:46:09.572+0000] {manager.py:758} INFO - Searching for files in /opt/airflow/dags
[2024-04-15T09:46:09.574+0000] {manager.py:761} INFO - There are 2 files in /opt/airflow/dags
[2024-04-15T09:46:24.644+0000] {manager.py:758} INFO - Searching for files in /opt/airflow/dags
[2024-04-15T09:46:24.646+0000] {manager.py:761} INFO - There are 2 files in /opt/airflow/dags
[2024-04-15T09:46:30.677+0000] {manager.py:889} INFO - 
================================================================================
DAG File Processing Stats

File Path                                                    PID    Runtime      # DAGs    # Errors  Last Runtime    Last Run
-----------------------------------------------------------  -----  ---------  --------  ----------  --------------  -------------------
/opt/airflow/dags/customer_cluster_modeling.py                                        1           0  0.34s           2024-04-15T09:46:05
/opt/airflow/dags/clustering_from_msql2bigquery_pipeline.py                           1           0  0.34s           2024-04-15T09:46:03
================================================================================
[2024-04-15T09:46:39.820+0000] {manager.py:758} INFO - Searching for files in /opt/airflow/dags
[2024-04-15T09:46:39.822+0000] {manager.py:761} INFO - There are 2 files in /opt/airflow/dags
[2024-04-15T09:46:54.885+0000] {manager.py:758} INFO - Searching for files in /opt/airflow/dags
[2024-04-15T09:46:54.887+0000] {manager.py:761} INFO - There are 2 files in /opt/airflow/dags
[2024-04-15T09:47:00.930+0000] {manager.py:889} INFO - 
================================================================================
DAG File Processing Stats

File Path                                                    PID    Runtime      # DAGs    # Errors  Last Runtime    Last Run
-----------------------------------------------------------  -----  ---------  --------  ----------  --------------  -------------------
/opt/airflow/dags/customer_cluster_modeling.py                                        1           0  0.10s           2024-04-15T09:46:35
/opt/airflow/dags/clustering_from_msql2bigquery_pipeline.py                           1           0  0.11s           2024-04-15T09:46:33
================================================================================
[2024-04-15T09:47:10.092+0000] {manager.py:758} INFO - Searching for files in /opt/airflow/dags
[2024-04-15T09:47:10.093+0000] {manager.py:761} INFO - There are 2 files in /opt/airflow/dags
[2024-04-15T09:47:25.192+0000] {manager.py:758} INFO - Searching for files in /opt/airflow/dags
[2024-04-15T09:47:25.194+0000] {manager.py:761} INFO - There are 2 files in /opt/airflow/dags
[2024-04-15T09:47:31.225+0000] {manager.py:889} INFO - 
================================================================================
DAG File Processing Stats

File Path                                                    PID    Runtime      # DAGs    # Errors  Last Runtime    Last Run
-----------------------------------------------------------  -----  ---------  --------  ----------  --------------  -------------------
/opt/airflow/dags/customer_cluster_modeling.py                                        1           0  0.14s           2024-04-15T09:47:06
/opt/airflow/dags/clustering_from_msql2bigquery_pipeline.py                           1           0  0.09s           2024-04-15T09:47:22
================================================================================
[2024-04-15T09:47:40.329+0000] {manager.py:758} INFO - Searching for files in /opt/airflow/dags
[2024-04-15T09:47:40.331+0000] {manager.py:761} INFO - There are 2 files in /opt/airflow/dags
[2024-04-15T09:47:55.437+0000] {manager.py:758} INFO - Searching for files in /opt/airflow/dags
[2024-04-15T09:47:55.440+0000] {manager.py:761} INFO - There are 2 files in /opt/airflow/dags
[2024-04-15T09:48:01.479+0000] {manager.py:889} INFO - 
================================================================================
DAG File Processing Stats

File Path                                                    PID    Runtime      # DAGs    # Errors  Last Runtime    Last Run
-----------------------------------------------------------  -----  ---------  --------  ----------  --------------  -------------------
/opt/airflow/dags/customer_cluster_modeling.py                                        1           0  0.12s           2024-04-15T09:47:36
/opt/airflow/dags/clustering_from_msql2bigquery_pipeline.py                           1           0  0.19s           2024-04-15T09:47:52
================================================================================
[2024-04-15T09:48:10.525+0000] {manager.py:758} INFO - Searching for files in /opt/airflow/dags
[2024-04-15T09:48:10.536+0000] {manager.py:761} INFO - There are 2 files in /opt/airflow/dags
[2024-04-15T09:48:25.667+0000] {manager.py:758} INFO - Searching for files in /opt/airflow/dags
[2024-04-15T09:48:25.670+0000] {manager.py:761} INFO - There are 2 files in /opt/airflow/dags
[2024-04-15T09:48:31.701+0000] {manager.py:889} INFO - 
================================================================================
DAG File Processing Stats

File Path                                                    PID    Runtime      # DAGs    # Errors  Last Runtime    Last Run
-----------------------------------------------------------  -----  ---------  --------  ----------  --------------  -------------------
/opt/airflow/dags/customer_cluster_modeling.py                                        1           0  0.11s           2024-04-15T09:48:06
/opt/airflow/dags/clustering_from_msql2bigquery_pipeline.py                           1           0  0.18s           2024-04-15T09:48:22
================================================================================
[2024-04-15T09:48:40.744+0000] {manager.py:758} INFO - Searching for files in /opt/airflow/dags
[2024-04-15T09:48:40.746+0000] {manager.py:761} INFO - There are 2 files in /opt/airflow/dags
[2024-04-15T09:48:55.885+0000] {manager.py:758} INFO - Searching for files in /opt/airflow/dags
[2024-04-15T09:48:55.888+0000] {manager.py:761} INFO - There are 2 files in /opt/airflow/dags
[2024-04-15T09:49:01.929+0000] {manager.py:889} INFO - 
================================================================================
DAG File Processing Stats

File Path                                                    PID    Runtime      # DAGs    # Errors  Last Runtime    Last Run
-----------------------------------------------------------  -----  ---------  --------  ----------  --------------  -------------------
/opt/airflow/dags/customer_cluster_modeling.py                                        1           0  0.10s           2024-04-15T09:48:36
/opt/airflow/dags/clustering_from_msql2bigquery_pipeline.py                           1           0  0.10s           2024-04-15T09:48:52
================================================================================
[2024-04-15T09:49:11.029+0000] {manager.py:758} INFO - Searching for files in /opt/airflow/dags
[2024-04-15T09:49:11.032+0000] {manager.py:761} INFO - There are 2 files in /opt/airflow/dags
[2024-04-15T09:49:26.149+0000] {manager.py:758} INFO - Searching for files in /opt/airflow/dags
[2024-04-15T09:49:26.152+0000] {manager.py:761} INFO - There are 2 files in /opt/airflow/dags
[2024-04-15T09:49:32.185+0000] {manager.py:889} INFO - 
================================================================================
DAG File Processing Stats

File Path                                                    PID    Runtime      # DAGs    # Errors  Last Runtime    Last Run
-----------------------------------------------------------  -----  ---------  --------  ----------  --------------  -------------------
/opt/airflow/dags/customer_cluster_modeling.py                                        1           0  0.14s           2024-04-15T09:49:07
/opt/airflow/dags/clustering_from_msql2bigquery_pipeline.py                           1           0  0.10s           2024-04-15T09:49:23
================================================================================
[2024-04-15T09:49:41.262+0000] {manager.py:758} INFO - Searching for files in /opt/airflow/dags
[2024-04-15T09:49:41.263+0000] {manager.py:761} INFO - There are 2 files in /opt/airflow/dags
[2024-04-15T09:49:56.338+0000] {manager.py:758} INFO - Searching for files in /opt/airflow/dags
[2024-04-15T09:49:56.340+0000] {manager.py:761} INFO - There are 2 files in /opt/airflow/dags
[2024-04-15T09:50:02.386+0000] {manager.py:889} INFO - 
================================================================================
DAG File Processing Stats

File Path                                                    PID    Runtime      # DAGs    # Errors  Last Runtime    Last Run
-----------------------------------------------------------  -----  ---------  --------  ----------  --------------  -------------------
/opt/airflow/dags/customer_cluster_modeling.py                                        1           0  0.30s           2024-04-15T09:49:37
/opt/airflow/dags/clustering_from_msql2bigquery_pipeline.py                           1           0  0.14s           2024-04-15T09:49:53
================================================================================
[2024-04-15T09:50:11.542+0000] {manager.py:758} INFO - Searching for files in /opt/airflow/dags
[2024-04-15T09:50:11.544+0000] {manager.py:761} INFO - There are 2 files in /opt/airflow/dags
[2024-04-15T09:50:26.708+0000] {manager.py:758} INFO - Searching for files in /opt/airflow/dags
[2024-04-15T09:50:26.710+0000] {manager.py:761} INFO - There are 2 files in /opt/airflow/dags
[2024-04-15T09:50:32.741+0000] {manager.py:889} INFO - 
================================================================================
DAG File Processing Stats

File Path                                                    PID    Runtime      # DAGs    # Errors  Last Runtime    Last Run
-----------------------------------------------------------  -----  ---------  --------  ----------  --------------  -------------------
/opt/airflow/dags/customer_cluster_modeling.py                                        1           0  0.12s           2024-04-15T09:50:07
/opt/airflow/dags/clustering_from_msql2bigquery_pipeline.py                           1           0  0.11s           2024-04-15T09:50:23
================================================================================
[2024-04-15T09:50:41.799+0000] {manager.py:758} INFO - Searching for files in /opt/airflow/dags
[2024-04-15T09:50:41.802+0000] {manager.py:761} INFO - There are 2 files in /opt/airflow/dags
[2024-04-15T09:50:56.930+0000] {manager.py:758} INFO - Searching for files in /opt/airflow/dags
[2024-04-15T09:50:56.932+0000] {manager.py:761} INFO - There are 2 files in /opt/airflow/dags
[2024-04-15T09:51:02.961+0000] {manager.py:889} INFO - 
================================================================================
DAG File Processing Stats

File Path                                                    PID    Runtime      # DAGs    # Errors  Last Runtime    Last Run
-----------------------------------------------------------  -----  ---------  --------  ----------  --------------  -------------------
/opt/airflow/dags/customer_cluster_modeling.py                                        1           0  0.11s           2024-04-15T09:50:37
/opt/airflow/dags/clustering_from_msql2bigquery_pipeline.py                           1           0  0.16s           2024-04-15T09:50:54
================================================================================
[2024-04-15T09:51:12.106+0000] {manager.py:758} INFO - Searching for files in /opt/airflow/dags
[2024-04-15T09:51:12.108+0000] {manager.py:761} INFO - There are 2 files in /opt/airflow/dags
[2024-04-15T09:51:27.193+0000] {manager.py:758} INFO - Searching for files in /opt/airflow/dags
[2024-04-15T09:51:27.195+0000] {manager.py:761} INFO - There are 2 files in /opt/airflow/dags
[2024-04-15T09:51:33.227+0000] {manager.py:889} INFO - 
================================================================================
DAG File Processing Stats

File Path                                                    PID    Runtime      # DAGs    # Errors  Last Runtime    Last Run
-----------------------------------------------------------  -----  ---------  --------  ----------  --------------  -------------------
/opt/airflow/dags/customer_cluster_modeling.py                                        1           0  0.12s           2024-04-15T09:51:08
/opt/airflow/dags/clustering_from_msql2bigquery_pipeline.py                           1           0  0.12s           2024-04-15T09:51:24
================================================================================
[2024-04-15T09:51:42.269+0000] {manager.py:758} INFO - Searching for files in /opt/airflow/dags
[2024-04-15T09:51:42.270+0000] {manager.py:761} INFO - There are 2 files in /opt/airflow/dags
[2024-04-15T09:51:57.423+0000] {manager.py:758} INFO - Searching for files in /opt/airflow/dags
[2024-04-15T09:51:57.426+0000] {manager.py:761} INFO - There are 2 files in /opt/airflow/dags
[2024-04-15T09:52:03.470+0000] {manager.py:889} INFO - 
================================================================================
DAG File Processing Stats

File Path                                                    PID    Runtime      # DAGs    # Errors  Last Runtime    Last Run
-----------------------------------------------------------  -----  ---------  --------  ----------  --------------  -------------------
/opt/airflow/dags/customer_cluster_modeling.py                                        1           0  0.11s           2024-04-15T09:51:38
/opt/airflow/dags/clustering_from_msql2bigquery_pipeline.py                           1           0  0.12s           2024-04-15T09:51:54
================================================================================
[2024-04-15T09:52:12.538+0000] {manager.py:758} INFO - Searching for files in /opt/airflow/dags
[2024-04-15T09:52:12.540+0000] {manager.py:761} INFO - There are 2 files in /opt/airflow/dags
[2024-04-15T09:52:27.724+0000] {manager.py:758} INFO - Searching for files in /opt/airflow/dags
[2024-04-15T09:52:27.726+0000] {manager.py:761} INFO - There are 2 files in /opt/airflow/dags
[2024-04-15T09:52:33.757+0000] {manager.py:889} INFO - 
================================================================================
DAG File Processing Stats

File Path                                                    PID    Runtime      # DAGs    # Errors  Last Runtime    Last Run
-----------------------------------------------------------  -----  ---------  --------  ----------  --------------  -------------------
/opt/airflow/dags/customer_cluster_modeling.py                                        1           0  0.17s           2024-04-15T09:52:08
/opt/airflow/dags/clustering_from_msql2bigquery_pipeline.py                           1           0  0.14s           2024-04-15T09:52:24
================================================================================
[2024-04-15T09:52:42.811+0000] {manager.py:758} INFO - Searching for files in /opt/airflow/dags
[2024-04-15T09:52:42.813+0000] {manager.py:761} INFO - There are 2 files in /opt/airflow/dags
[2024-04-15T09:52:57.881+0000] {manager.py:758} INFO - Searching for files in /opt/airflow/dags
[2024-04-15T09:52:57.885+0000] {manager.py:761} INFO - There are 2 files in /opt/airflow/dags
[2024-04-15T09:53:03.925+0000] {manager.py:889} INFO - 
================================================================================
DAG File Processing Stats

File Path                                                    PID    Runtime      # DAGs    # Errors  Last Runtime    Last Run
-----------------------------------------------------------  -----  ---------  --------  ----------  --------------  -------------------
/opt/airflow/dags/customer_cluster_modeling.py                                        1           0  0.15s           2024-04-15T09:52:38
/opt/airflow/dags/clustering_from_msql2bigquery_pipeline.py                           1           0  0.10s           2024-04-15T09:52:54
================================================================================
[2024-04-15T09:53:13.031+0000] {manager.py:758} INFO - Searching for files in /opt/airflow/dags
[2024-04-15T09:53:13.034+0000] {manager.py:761} INFO - There are 2 files in /opt/airflow/dags
[2024-04-15T09:53:28.171+0000] {manager.py:758} INFO - Searching for files in /opt/airflow/dags
[2024-04-15T09:53:28.173+0000] {manager.py:761} INFO - There are 2 files in /opt/airflow/dags
[2024-04-15T09:53:34.208+0000] {manager.py:889} INFO - 
================================================================================
DAG File Processing Stats

File Path                                                    PID    Runtime      # DAGs    # Errors  Last Runtime    Last Run
-----------------------------------------------------------  -----  ---------  --------  ----------  --------------  -------------------
/opt/airflow/dags/customer_cluster_modeling.py                                        1           0  0.11s           2024-04-15T09:53:09
/opt/airflow/dags/clustering_from_msql2bigquery_pipeline.py                           1           0  0.31s           2024-04-15T09:53:25
================================================================================
[2024-04-15T09:53:43.252+0000] {manager.py:758} INFO - Searching for files in /opt/airflow/dags
[2024-04-15T09:53:43.254+0000] {manager.py:761} INFO - There are 2 files in /opt/airflow/dags
[2024-04-15T09:53:58.397+0000] {manager.py:758} INFO - Searching for files in /opt/airflow/dags
[2024-04-15T09:53:58.398+0000] {manager.py:761} INFO - There are 2 files in /opt/airflow/dags
[2024-04-15T09:54:04.432+0000] {manager.py:889} INFO - 
================================================================================
DAG File Processing Stats

File Path                                                    PID    Runtime      # DAGs    # Errors  Last Runtime    Last Run
-----------------------------------------------------------  -----  ---------  --------  ----------  --------------  -------------------
/opt/airflow/dags/customer_cluster_modeling.py                                        1           0  0.10s           2024-04-15T09:53:39
/opt/airflow/dags/clustering_from_msql2bigquery_pipeline.py                           1           0  0.10s           2024-04-15T09:53:56
================================================================================
[2024-04-15T09:54:13.483+0000] {manager.py:758} INFO - Searching for files in /opt/airflow/dags
[2024-04-15T09:54:13.485+0000] {manager.py:761} INFO - There are 2 files in /opt/airflow/dags
[2024-04-15T09:54:28.625+0000] {manager.py:758} INFO - Searching for files in /opt/airflow/dags
[2024-04-15T09:54:28.628+0000] {manager.py:761} INFO - There are 2 files in /opt/airflow/dags
[2024-04-15T09:54:34.668+0000] {manager.py:889} INFO - 
================================================================================
DAG File Processing Stats

File Path                                                    PID    Runtime      # DAGs    # Errors  Last Runtime    Last Run
-----------------------------------------------------------  -----  ---------  --------  ----------  --------------  -------------------
/opt/airflow/dags/customer_cluster_modeling.py                                        1           0  0.12s           2024-04-15T09:54:09
/opt/airflow/dags/clustering_from_msql2bigquery_pipeline.py                           1           0  0.17s           2024-04-15T09:54:26
================================================================================
[2024-04-15T09:54:43.787+0000] {manager.py:758} INFO - Searching for files in /opt/airflow/dags
[2024-04-15T09:54:43.788+0000] {manager.py:761} INFO - There are 2 files in /opt/airflow/dags
[2024-04-15T09:54:58.862+0000] {manager.py:758} INFO - Searching for files in /opt/airflow/dags
[2024-04-15T09:54:58.864+0000] {manager.py:761} INFO - There are 2 files in /opt/airflow/dags
[2024-04-15T09:55:04.922+0000] {manager.py:889} INFO - 
================================================================================
DAG File Processing Stats

File Path                                                    PID    Runtime      # DAGs    # Errors  Last Runtime    Last Run
-----------------------------------------------------------  -----  ---------  --------  ----------  --------------  -------------------
/opt/airflow/dags/customer_cluster_modeling.py                                        1           0  0.25s           2024-04-15T09:54:39
/opt/airflow/dags/clustering_from_msql2bigquery_pipeline.py                           1           0  0.10s           2024-04-15T09:54:42
================================================================================
[2024-04-15T09:55:13.986+0000] {manager.py:758} INFO - Searching for files in /opt/airflow/dags
[2024-04-15T09:55:13.988+0000] {manager.py:761} INFO - There are 2 files in /opt/airflow/dags
[2024-04-15T09:55:29.050+0000] {manager.py:758} INFO - Searching for files in /opt/airflow/dags
[2024-04-15T09:55:29.052+0000] {manager.py:761} INFO - There are 2 files in /opt/airflow/dags
[2024-04-15T09:55:35.083+0000] {manager.py:889} INFO - 
================================================================================
DAG File Processing Stats

File Path                                                    PID    Runtime      # DAGs    # Errors  Last Runtime    Last Run
-----------------------------------------------------------  -----  ---------  --------  ----------  --------------  -------------------
/opt/airflow/dags/customer_cluster_modeling.py                                        1           0  0.20s           2024-04-15T09:55:10
/opt/airflow/dags/clustering_from_msql2bigquery_pipeline.py                           1           0  0.10s           2024-04-15T09:55:13
================================================================================
[2024-04-15T09:55:44.345+0000] {manager.py:758} INFO - Searching for files in /opt/airflow/dags
[2024-04-15T09:55:44.347+0000] {manager.py:761} INFO - There are 2 files in /opt/airflow/dags
[2024-04-15T09:55:59.413+0000] {manager.py:758} INFO - Searching for files in /opt/airflow/dags
[2024-04-15T09:55:59.414+0000] {manager.py:761} INFO - There are 2 files in /opt/airflow/dags
[2024-04-15T09:56:05.445+0000] {manager.py:889} INFO - 
================================================================================
DAG File Processing Stats

File Path                                                    PID    Runtime      # DAGs    # Errors  Last Runtime    Last Run
-----------------------------------------------------------  -----  ---------  --------  ----------  --------------  -------------------
/opt/airflow/dags/customer_cluster_modeling.py                                        1           0  0.15s           2024-04-15T09:55:40
/opt/airflow/dags/clustering_from_msql2bigquery_pipeline.py                           1           0  0.21s           2024-04-15T09:55:43
================================================================================
[2024-04-15T09:56:14.530+0000] {manager.py:758} INFO - Searching for files in /opt/airflow/dags
[2024-04-15T09:56:14.532+0000] {manager.py:761} INFO - There are 2 files in /opt/airflow/dags
[2024-04-15T09:56:29.596+0000] {manager.py:758} INFO - Searching for files in /opt/airflow/dags
[2024-04-15T09:56:29.597+0000] {manager.py:761} INFO - There are 2 files in /opt/airflow/dags
[2024-04-15T09:56:35.625+0000] {manager.py:889} INFO - 
================================================================================
DAG File Processing Stats

File Path                                                    PID    Runtime      # DAGs    # Errors  Last Runtime    Last Run
-----------------------------------------------------------  -----  ---------  --------  ----------  --------------  -------------------
/opt/airflow/dags/customer_cluster_modeling.py                                        1           0  0.17s           2024-04-15T09:56:10
/opt/airflow/dags/clustering_from_msql2bigquery_pipeline.py                           1           0  0.12s           2024-04-15T09:56:13
================================================================================
[2024-04-15T09:56:44.770+0000] {manager.py:758} INFO - Searching for files in /opt/airflow/dags
[2024-04-15T09:56:44.773+0000] {manager.py:761} INFO - There are 2 files in /opt/airflow/dags
[2024-04-15T09:56:59.836+0000] {manager.py:758} INFO - Searching for files in /opt/airflow/dags
[2024-04-15T09:56:59.837+0000] {manager.py:761} INFO - There are 2 files in /opt/airflow/dags
[2024-04-15T09:57:05.867+0000] {manager.py:889} INFO - 
================================================================================
DAG File Processing Stats

File Path                                                    PID    Runtime      # DAGs    # Errors  Last Runtime    Last Run
-----------------------------------------------------------  -----  ---------  --------  ----------  --------------  -------------------
/opt/airflow/dags/customer_cluster_modeling.py                                        1           0  0.11s           2024-04-15T09:56:40
/opt/airflow/dags/clustering_from_msql2bigquery_pipeline.py                           1           0  0.11s           2024-04-15T09:56:43
================================================================================
[2024-04-15T09:57:15.074+0000] {manager.py:758} INFO - Searching for files in /opt/airflow/dags
[2024-04-15T09:57:15.076+0000] {manager.py:761} INFO - There are 2 files in /opt/airflow/dags
[2024-04-15T09:57:30.143+0000] {manager.py:758} INFO - Searching for files in /opt/airflow/dags
[2024-04-15T09:57:30.145+0000] {manager.py:761} INFO - There are 2 files in /opt/airflow/dags
[2024-04-15T09:57:36.178+0000] {manager.py:889} INFO - 
================================================================================
DAG File Processing Stats

File Path                                                    PID    Runtime      # DAGs    # Errors  Last Runtime    Last Run
-----------------------------------------------------------  -----  ---------  --------  ----------  --------------  -------------------
/opt/airflow/dags/customer_cluster_modeling.py                                        1           0  0.15s           2024-04-15T09:57:11
/opt/airflow/dags/clustering_from_msql2bigquery_pipeline.py                           1           0  0.14s           2024-04-15T09:57:14
================================================================================
[2024-04-15T09:57:45.313+0000] {manager.py:758} INFO - Searching for files in /opt/airflow/dags
[2024-04-15T09:57:45.317+0000] {manager.py:761} INFO - There are 2 files in /opt/airflow/dags
[2024-04-15T09:58:00.383+0000] {manager.py:758} INFO - Searching for files in /opt/airflow/dags
[2024-04-15T09:58:00.397+0000] {manager.py:761} INFO - There are 2 files in /opt/airflow/dags
[2024-04-15T09:58:06.488+0000] {manager.py:889} INFO - 
================================================================================
DAG File Processing Stats

File Path                                                    PID    Runtime      # DAGs    # Errors  Last Runtime    Last Run
-----------------------------------------------------------  -----  ---------  --------  ----------  --------------  -------------------
/opt/airflow/dags/customer_cluster_modeling.py                                        1           0  0.10s           2024-04-15T09:57:41
/opt/airflow/dags/clustering_from_msql2bigquery_pipeline.py                           1           0  0.10s           2024-04-15T09:57:44
================================================================================
[2024-04-15T09:58:15.696+0000] {manager.py:758} INFO - Searching for files in /opt/airflow/dags
[2024-04-15T09:58:15.698+0000] {manager.py:761} INFO - There are 2 files in /opt/airflow/dags
[2024-04-15T09:58:30.764+0000] {manager.py:758} INFO - Searching for files in /opt/airflow/dags
[2024-04-15T09:58:30.766+0000] {manager.py:761} INFO - There are 2 files in /opt/airflow/dags
[2024-04-15T09:58:36.794+0000] {manager.py:889} INFO - 
================================================================================
DAG File Processing Stats

File Path                                                    PID    Runtime      # DAGs    # Errors  Last Runtime    Last Run
-----------------------------------------------------------  -----  ---------  --------  ----------  --------------  -------------------
/opt/airflow/dags/customer_cluster_modeling.py                                        1           0  0.17s           2024-04-15T09:58:11
/opt/airflow/dags/clustering_from_msql2bigquery_pipeline.py                           1           0  0.21s           2024-04-15T09:58:14
================================================================================
[2024-04-15T09:58:45.883+0000] {manager.py:758} INFO - Searching for files in /opt/airflow/dags
[2024-04-15T09:58:45.885+0000] {manager.py:761} INFO - There are 2 files in /opt/airflow/dags
[2024-04-15T09:59:00.953+0000] {manager.py:758} INFO - Searching for files in /opt/airflow/dags
[2024-04-15T09:59:00.955+0000] {manager.py:761} INFO - There are 2 files in /opt/airflow/dags
[2024-04-15T09:59:06.992+0000] {manager.py:889} INFO - 
================================================================================
DAG File Processing Stats

File Path                                                    PID    Runtime      # DAGs    # Errors  Last Runtime    Last Run
-----------------------------------------------------------  -----  ---------  --------  ----------  --------------  -------------------
/opt/airflow/dags/customer_cluster_modeling.py                                        1           0  0.19s           2024-04-15T09:58:42
/opt/airflow/dags/clustering_from_msql2bigquery_pipeline.py                           1           0  0.14s           2024-04-15T09:58:45
================================================================================
[2024-04-15T09:59:16.157+0000] {manager.py:758} INFO - Searching for files in /opt/airflow/dags
[2024-04-15T09:59:16.160+0000] {manager.py:761} INFO - There are 2 files in /opt/airflow/dags
[2024-04-15T09:59:31.230+0000] {manager.py:758} INFO - Searching for files in /opt/airflow/dags
[2024-04-15T09:59:31.231+0000] {manager.py:761} INFO - There are 2 files in /opt/airflow/dags
[2024-04-15T09:59:37.260+0000] {manager.py:889} INFO - 
================================================================================
DAG File Processing Stats

File Path                                                    PID    Runtime      # DAGs    # Errors  Last Runtime    Last Run
-----------------------------------------------------------  -----  ---------  --------  ----------  --------------  -------------------
/opt/airflow/dags/customer_cluster_modeling.py                                        1           0  0.10s           2024-04-15T09:59:12
/opt/airflow/dags/clustering_from_msql2bigquery_pipeline.py                           1           0  0.20s           2024-04-15T09:59:15
================================================================================
[2024-04-15T09:59:46.418+0000] {manager.py:758} INFO - Searching for files in /opt/airflow/dags
[2024-04-15T09:59:46.420+0000] {manager.py:761} INFO - There are 2 files in /opt/airflow/dags
[2024-04-15T10:00:01.492+0000] {manager.py:758} INFO - Searching for files in /opt/airflow/dags
[2024-04-15T10:00:01.493+0000] {manager.py:761} INFO - There are 2 files in /opt/airflow/dags
[2024-04-15T10:00:07.541+0000] {manager.py:889} INFO - 
================================================================================
DAG File Processing Stats

File Path                                                    PID    Runtime      # DAGs    # Errors  Last Runtime    Last Run
-----------------------------------------------------------  -----  ---------  --------  ----------  --------------  -------------------
/opt/airflow/dags/customer_cluster_modeling.py                                        1           0  0.10s           2024-04-15T09:59:42
/opt/airflow/dags/clustering_from_msql2bigquery_pipeline.py                           1           0  0.16s           2024-04-15T09:59:45
================================================================================
[2024-04-15T10:00:16.716+0000] {manager.py:758} INFO - Searching for files in /opt/airflow/dags
[2024-04-15T10:00:16.719+0000] {manager.py:761} INFO - There are 2 files in /opt/airflow/dags
[2024-04-15T10:00:31.806+0000] {manager.py:758} INFO - Searching for files in /opt/airflow/dags
[2024-04-15T10:00:31.808+0000] {manager.py:761} INFO - There are 2 files in /opt/airflow/dags
[2024-04-15T10:00:37.847+0000] {manager.py:889} INFO - 
================================================================================
DAG File Processing Stats

File Path                                                    PID    Runtime      # DAGs    # Errors  Last Runtime    Last Run
-----------------------------------------------------------  -----  ---------  --------  ----------  --------------  -------------------
/opt/airflow/dags/customer_cluster_modeling.py                                        1           0  0.13s           2024-04-15T10:00:12
/opt/airflow/dags/clustering_from_msql2bigquery_pipeline.py                           1           0  0.11s           2024-04-15T10:00:15
================================================================================
[2024-04-15T10:00:46.925+0000] {manager.py:758} INFO - Searching for files in /opt/airflow/dags
[2024-04-15T10:00:46.926+0000] {manager.py:761} INFO - There are 2 files in /opt/airflow/dags
[2024-04-15T10:01:01.989+0000] {manager.py:758} INFO - Searching for files in /opt/airflow/dags
[2024-04-15T10:01:01.991+0000] {manager.py:761} INFO - There are 2 files in /opt/airflow/dags
[2024-04-15T10:01:08.021+0000] {manager.py:889} INFO - 
================================================================================
DAG File Processing Stats

File Path                                                    PID    Runtime      # DAGs    # Errors  Last Runtime    Last Run
-----------------------------------------------------------  -----  ---------  --------  ----------  --------------  -------------------
/opt/airflow/dags/customer_cluster_modeling.py                                        1           0  0.17s           2024-04-15T10:00:43
/opt/airflow/dags/clustering_from_msql2bigquery_pipeline.py                           1           0  0.12s           2024-04-15T10:00:46
================================================================================
[2024-04-15T10:01:17.169+0000] {manager.py:758} INFO - Searching for files in /opt/airflow/dags
[2024-04-15T10:01:17.171+0000] {manager.py:761} INFO - There are 2 files in /opt/airflow/dags
[2024-04-15T10:01:32.243+0000] {manager.py:758} INFO - Searching for files in /opt/airflow/dags
[2024-04-15T10:01:32.244+0000] {manager.py:761} INFO - There are 2 files in /opt/airflow/dags
[2024-04-15T10:01:38.294+0000] {manager.py:889} INFO - 
================================================================================
DAG File Processing Stats

File Path                                                    PID    Runtime      # DAGs    # Errors  Last Runtime    Last Run
-----------------------------------------------------------  -----  ---------  --------  ----------  --------------  -------------------
/opt/airflow/dags/customer_cluster_modeling.py                                        1           0  0.11s           2024-04-15T10:01:13
/opt/airflow/dags/clustering_from_msql2bigquery_pipeline.py                           1           0  0.10s           2024-04-15T10:01:16
================================================================================
[2024-04-15T10:01:47.485+0000] {manager.py:758} INFO - Searching for files in /opt/airflow/dags
[2024-04-15T10:01:47.488+0000] {manager.py:761} INFO - There are 2 files in /opt/airflow/dags
[2024-04-15T10:02:02.588+0000] {manager.py:758} INFO - Searching for files in /opt/airflow/dags
[2024-04-15T10:02:02.590+0000] {manager.py:761} INFO - There are 2 files in /opt/airflow/dags
[2024-04-15T10:02:08.626+0000] {manager.py:889} INFO - 
================================================================================
DAG File Processing Stats

File Path                                                    PID    Runtime      # DAGs    # Errors  Last Runtime    Last Run
-----------------------------------------------------------  -----  ---------  --------  ----------  --------------  -------------------
/opt/airflow/dags/customer_cluster_modeling.py                                        1           0  0.15s           2024-04-15T10:01:43
/opt/airflow/dags/clustering_from_msql2bigquery_pipeline.py                           1           0  0.15s           2024-04-15T10:01:46
================================================================================
[2024-04-15T10:02:17.750+0000] {manager.py:758} INFO - Searching for files in /opt/airflow/dags
[2024-04-15T10:02:17.752+0000] {manager.py:761} INFO - There are 2 files in /opt/airflow/dags
[2024-04-15T10:02:32.824+0000] {manager.py:758} INFO - Searching for files in /opt/airflow/dags
[2024-04-15T10:02:32.825+0000] {manager.py:761} INFO - There are 2 files in /opt/airflow/dags
[2024-04-15T10:02:38.855+0000] {manager.py:889} INFO - 
================================================================================
DAG File Processing Stats

File Path                                                    PID    Runtime      # DAGs    # Errors  Last Runtime    Last Run
-----------------------------------------------------------  -----  ---------  --------  ----------  --------------  -------------------
/opt/airflow/dags/customer_cluster_modeling.py                                        1           0  0.23s           2024-04-15T10:02:13
/opt/airflow/dags/clustering_from_msql2bigquery_pipeline.py                           1           0  0.11s           2024-04-15T10:02:16
================================================================================
[2024-04-15T10:02:48.056+0000] {manager.py:758} INFO - Searching for files in /opt/airflow/dags
[2024-04-15T10:02:48.057+0000] {manager.py:761} INFO - There are 2 files in /opt/airflow/dags
[2024-04-15T10:03:03.123+0000] {manager.py:758} INFO - Searching for files in /opt/airflow/dags
[2024-04-15T10:03:03.125+0000] {manager.py:761} INFO - There are 2 files in /opt/airflow/dags
[2024-04-15T10:03:09.159+0000] {manager.py:889} INFO - 
================================================================================
DAG File Processing Stats

File Path                                                    PID    Runtime      # DAGs    # Errors  Last Runtime    Last Run
-----------------------------------------------------------  -----  ---------  --------  ----------  --------------  -------------------
/opt/airflow/dags/customer_cluster_modeling.py                                        1           0  0.12s           2024-04-15T10:02:44
/opt/airflow/dags/clustering_from_msql2bigquery_pipeline.py                           1           0  0.14s           2024-04-15T10:02:47
================================================================================
[2024-04-15T10:03:18.303+0000] {manager.py:758} INFO - Searching for files in /opt/airflow/dags
[2024-04-15T10:03:18.305+0000] {manager.py:761} INFO - There are 2 files in /opt/airflow/dags
[2024-04-15T10:03:33.372+0000] {manager.py:758} INFO - Searching for files in /opt/airflow/dags
[2024-04-15T10:03:33.374+0000] {manager.py:761} INFO - There are 2 files in /opt/airflow/dags
[2024-04-15T10:03:39.402+0000] {manager.py:889} INFO - 
================================================================================
DAG File Processing Stats

File Path                                                    PID    Runtime      # DAGs    # Errors  Last Runtime    Last Run
-----------------------------------------------------------  -----  ---------  --------  ----------  --------------  -------------------
/opt/airflow/dags/customer_cluster_modeling.py                                        1           0  0.10s           2024-04-15T10:03:14
/opt/airflow/dags/clustering_from_msql2bigquery_pipeline.py                           1           0  0.15s           2024-04-15T10:03:17
================================================================================
[2024-04-15T10:03:48.546+0000] {manager.py:758} INFO - Searching for files in /opt/airflow/dags
[2024-04-15T10:03:48.549+0000] {manager.py:761} INFO - There are 2 files in /opt/airflow/dags
[2024-04-15T10:04:03.612+0000] {manager.py:758} INFO - Searching for files in /opt/airflow/dags
[2024-04-15T10:04:03.614+0000] {manager.py:761} INFO - There are 2 files in /opt/airflow/dags
[2024-04-15T10:04:09.646+0000] {manager.py:889} INFO - 
================================================================================
DAG File Processing Stats

File Path                                                    PID    Runtime      # DAGs    # Errors  Last Runtime    Last Run
-----------------------------------------------------------  -----  ---------  --------  ----------  --------------  -------------------
/opt/airflow/dags/customer_cluster_modeling.py                                        1           0  0.10s           2024-04-15T10:03:44
/opt/airflow/dags/clustering_from_msql2bigquery_pipeline.py                           1           0  0.10s           2024-04-15T10:03:47
================================================================================
[2024-04-15T10:04:18.786+0000] {manager.py:758} INFO - Searching for files in /opt/airflow/dags
[2024-04-15T10:04:18.789+0000] {manager.py:761} INFO - There are 2 files in /opt/airflow/dags
[2024-04-15T10:04:33.909+0000] {manager.py:758} INFO - Searching for files in /opt/airflow/dags
[2024-04-15T10:04:33.911+0000] {manager.py:761} INFO - There are 2 files in /opt/airflow/dags
[2024-04-15T10:04:39.944+0000] {manager.py:889} INFO - 
================================================================================
DAG File Processing Stats

File Path                                                    PID    Runtime      # DAGs    # Errors  Last Runtime    Last Run
-----------------------------------------------------------  -----  ---------  --------  ----------  --------------  -------------------
/opt/airflow/dags/customer_cluster_modeling.py                                        1           0  0.10s           2024-04-15T10:04:14
/opt/airflow/dags/clustering_from_msql2bigquery_pipeline.py                           1           0  0.11s           2024-04-15T10:04:23
================================================================================
[2024-04-15T10:04:49.007+0000] {manager.py:758} INFO - Searching for files in /opt/airflow/dags
[2024-04-15T10:04:49.009+0000] {manager.py:761} INFO - There are 2 files in /opt/airflow/dags
[2024-04-15T10:05:04.088+0000] {manager.py:758} INFO - Searching for files in /opt/airflow/dags
[2024-04-15T10:05:04.090+0000] {manager.py:761} INFO - There are 2 files in /opt/airflow/dags
[2024-04-15T10:05:10.130+0000] {manager.py:889} INFO - 
================================================================================
DAG File Processing Stats

File Path                                                    PID    Runtime      # DAGs    # Errors  Last Runtime    Last Run
-----------------------------------------------------------  -----  ---------  --------  ----------  --------------  -------------------
/opt/airflow/dags/customer_cluster_modeling.py                                        1           0  0.18s           2024-04-15T10:04:45
/opt/airflow/dags/clustering_from_msql2bigquery_pipeline.py                           1           0  0.11s           2024-04-15T10:04:54
================================================================================
[2024-04-15T10:05:19.224+0000] {manager.py:758} INFO - Searching for files in /opt/airflow/dags
[2024-04-15T10:05:19.226+0000] {manager.py:761} INFO - There are 2 files in /opt/airflow/dags
[2024-04-15T10:05:34.325+0000] {manager.py:758} INFO - Searching for files in /opt/airflow/dags
[2024-04-15T10:05:34.328+0000] {manager.py:761} INFO - There are 2 files in /opt/airflow/dags
[2024-04-15T10:05:40.359+0000] {manager.py:889} INFO - 
================================================================================
DAG File Processing Stats

File Path                                                    PID    Runtime      # DAGs    # Errors  Last Runtime    Last Run
-----------------------------------------------------------  -----  ---------  --------  ----------  --------------  -------------------
/opt/airflow/dags/customer_cluster_modeling.py                                        1           0  0.11s           2024-04-15T10:05:15
/opt/airflow/dags/clustering_from_msql2bigquery_pipeline.py                           1           0  0.10s           2024-04-15T10:05:24
================================================================================
[2024-04-15T10:05:49.444+0000] {manager.py:758} INFO - Searching for files in /opt/airflow/dags
[2024-04-15T10:05:49.446+0000] {manager.py:761} INFO - There are 2 files in /opt/airflow/dags
[2024-04-15T10:06:04.517+0000] {manager.py:758} INFO - Searching for files in /opt/airflow/dags
[2024-04-15T10:06:04.519+0000] {manager.py:761} INFO - There are 2 files in /opt/airflow/dags
[2024-04-15T10:06:10.558+0000] {manager.py:889} INFO - 
================================================================================
DAG File Processing Stats

File Path                                                    PID    Runtime      # DAGs    # Errors  Last Runtime    Last Run
-----------------------------------------------------------  -----  ---------  --------  ----------  --------------  -------------------
/opt/airflow/dags/customer_cluster_modeling.py                                        1           0  0.17s           2024-04-15T10:05:45
/opt/airflow/dags/clustering_from_msql2bigquery_pipeline.py                           1           0  0.10s           2024-04-15T10:05:54
================================================================================
[2024-04-15T10:06:19.655+0000] {manager.py:758} INFO - Searching for files in /opt/airflow/dags
[2024-04-15T10:06:19.657+0000] {manager.py:761} INFO - There are 2 files in /opt/airflow/dags
[2024-04-15T10:06:34.757+0000] {manager.py:758} INFO - Searching for files in /opt/airflow/dags
[2024-04-15T10:06:34.759+0000] {manager.py:761} INFO - There are 2 files in /opt/airflow/dags
[2024-04-15T10:06:40.788+0000] {manager.py:889} INFO - 
================================================================================
DAG File Processing Stats

File Path                                                    PID    Runtime      # DAGs    # Errors  Last Runtime    Last Run
-----------------------------------------------------------  -----  ---------  --------  ----------  --------------  -------------------
/opt/airflow/dags/customer_cluster_modeling.py                                        1           0  0.11s           2024-04-15T10:06:15
/opt/airflow/dags/clustering_from_msql2bigquery_pipeline.py                           1           0  0.27s           2024-04-15T10:06:24
================================================================================
[2024-04-15T10:06:50.183+0000] {manager.py:758} INFO - Searching for files in /opt/airflow/dags
[2024-04-15T10:06:50.185+0000] {manager.py:761} INFO - There are 2 files in /opt/airflow/dags
[2024-04-15T10:07:05.265+0000] {manager.py:758} INFO - Searching for files in /opt/airflow/dags
[2024-04-15T10:07:05.266+0000] {manager.py:761} INFO - There are 2 files in /opt/airflow/dags
[2024-04-15T10:07:11.297+0000] {manager.py:889} INFO - 
================================================================================
DAG File Processing Stats

File Path                                                    PID    Runtime      # DAGs    # Errors  Last Runtime    Last Run
-----------------------------------------------------------  -----  ---------  --------  ----------  --------------  -------------------
/opt/airflow/dags/customer_cluster_modeling.py                                        1           0  0.12s           2024-04-15T10:06:46
/opt/airflow/dags/clustering_from_msql2bigquery_pipeline.py                           1           0  0.12s           2024-04-15T10:06:42
================================================================================
[2024-04-15T10:07:20.433+0000] {manager.py:758} INFO - Searching for files in /opt/airflow/dags
[2024-04-15T10:07:20.435+0000] {manager.py:761} INFO - There are 2 files in /opt/airflow/dags
[2024-04-15T10:07:35.508+0000] {manager.py:758} INFO - Searching for files in /opt/airflow/dags
[2024-04-15T10:07:35.509+0000] {manager.py:761} INFO - There are 2 files in /opt/airflow/dags
[2024-04-15T10:07:41.543+0000] {manager.py:889} INFO - 
================================================================================
DAG File Processing Stats

File Path                                                    PID    Runtime      # DAGs    # Errors  Last Runtime    Last Run
-----------------------------------------------------------  -----  ---------  --------  ----------  --------------  -------------------
/opt/airflow/dags/customer_cluster_modeling.py                                        1           0  0.10s           2024-04-15T10:07:16
/opt/airflow/dags/clustering_from_msql2bigquery_pipeline.py                           1           0  0.10s           2024-04-15T10:07:12
================================================================================
[2024-04-15T10:07:50.701+0000] {manager.py:758} INFO - Searching for files in /opt/airflow/dags
[2024-04-15T10:07:50.703+0000] {manager.py:761} INFO - There are 2 files in /opt/airflow/dags
[2024-04-15T10:08:05.774+0000] {manager.py:758} INFO - Searching for files in /opt/airflow/dags
[2024-04-15T10:08:05.776+0000] {manager.py:761} INFO - There are 2 files in /opt/airflow/dags
[2024-04-15T10:08:11.802+0000] {manager.py:889} INFO - 
================================================================================
DAG File Processing Stats

File Path                                                    PID    Runtime      # DAGs    # Errors  Last Runtime    Last Run
-----------------------------------------------------------  -----  ---------  --------  ----------  --------------  -------------------
/opt/airflow/dags/customer_cluster_modeling.py                                        1           0  0.16s           2024-04-15T10:07:46
/opt/airflow/dags/clustering_from_msql2bigquery_pipeline.py                           1           0  0.12s           2024-04-15T10:07:42
================================================================================
[2024-04-15T10:08:20.957+0000] {manager.py:758} INFO - Searching for files in /opt/airflow/dags
[2024-04-15T10:08:20.960+0000] {manager.py:761} INFO - There are 2 files in /opt/airflow/dags
[2024-04-15T10:08:36.019+0000] {manager.py:758} INFO - Searching for files in /opt/airflow/dags
[2024-04-15T10:08:36.020+0000] {manager.py:761} INFO - There are 2 files in /opt/airflow/dags
[2024-04-15T10:08:42.051+0000] {manager.py:889} INFO - 
================================================================================
DAG File Processing Stats

File Path                                                    PID    Runtime      # DAGs    # Errors  Last Runtime    Last Run
-----------------------------------------------------------  -----  ---------  --------  ----------  --------------  -------------------
/opt/airflow/dags/customer_cluster_modeling.py                                        1           0  0.17s           2024-04-15T10:08:17
/opt/airflow/dags/clustering_from_msql2bigquery_pipeline.py                           1           0  0.12s           2024-04-15T10:08:12
================================================================================
[2024-04-15T10:08:51.124+0000] {manager.py:758} INFO - Searching for files in /opt/airflow/dags
[2024-04-15T10:08:51.127+0000] {manager.py:761} INFO - There are 2 files in /opt/airflow/dags
[2024-04-15T10:09:06.200+0000] {manager.py:758} INFO - Searching for files in /opt/airflow/dags
[2024-04-15T10:09:06.202+0000] {manager.py:761} INFO - There are 2 files in /opt/airflow/dags
[2024-04-15T10:09:12.245+0000] {manager.py:889} INFO - 
================================================================================
DAG File Processing Stats

File Path                                                    PID    Runtime      # DAGs    # Errors  Last Runtime    Last Run
-----------------------------------------------------------  -----  ---------  --------  ----------  --------------  -------------------
/opt/airflow/dags/customer_cluster_modeling.py                                        1           0  0.11s           2024-04-15T10:08:47
/opt/airflow/dags/clustering_from_msql2bigquery_pipeline.py                           1           0  0.14s           2024-04-15T10:08:43
================================================================================
[2024-04-15T10:09:21.401+0000] {manager.py:758} INFO - Searching for files in /opt/airflow/dags
[2024-04-15T10:09:21.403+0000] {manager.py:761} INFO - There are 2 files in /opt/airflow/dags
[2024-04-15T10:09:31.673+0000] {manager.py:470} INFO - Exiting gracefully upon receiving signal 15
