[2024-04-15T09:34:44.362+0000] {taskinstance.py:1103} INFO - Dependencies all met for dep_context=non-requeueable deps ti=<TaskInstance: customer_cluster_modeling.train_model manual__2024-04-15T09:34:42.180719+00:00 [queued]>
[2024-04-15T09:34:44.373+0000] {taskinstance.py:1103} INFO - Dependencies all met for dep_context=requeueable deps ti=<TaskInstance: customer_cluster_modeling.train_model manual__2024-04-15T09:34:42.180719+00:00 [queued]>
[2024-04-15T09:34:44.373+0000] {taskinstance.py:1308} INFO - Starting attempt 1 of 1
[2024-04-15T09:34:44.395+0000] {taskinstance.py:1327} INFO - Executing <Task(BigQueryExecuteQueryOperator): train_model> on 2024-04-15 09:34:42.180719+00:00
[2024-04-15T09:34:44.403+0000] {standard_task_runner.py:57} INFO - Started process 565 to run task
[2024-04-15T09:34:44.406+0000] {standard_task_runner.py:84} INFO - Running: ['***', 'tasks', 'run', 'customer_cluster_modeling', 'train_model', 'manual__2024-04-15T09:34:42.180719+00:00', '--job-id', '6', '--raw', '--subdir', 'DAGS_FOLDER/customer_cluster_modeling.py', '--cfg-path', '/tmp/tmpppiyy_bz']
[2024-04-15T09:34:44.408+0000] {standard_task_runner.py:85} INFO - Job 6: Subtask train_model
[2024-04-15T09:34:44.453+0000] {task_command.py:410} INFO - Running <TaskInstance: customer_cluster_modeling.train_model manual__2024-04-15T09:34:42.180719+00:00 [running]> on host b109e2be0d92
[2024-04-15T09:34:44.574+0000] {taskinstance.py:1547} INFO - Exporting env vars: AIRFLOW_CTX_DAG_OWNER='Tor Thanawat' AIRFLOW_CTX_DAG_ID='customer_cluster_modeling' AIRFLOW_CTX_TASK_ID='train_model' AIRFLOW_CTX_EXECUTION_DATE='2024-04-15T09:34:42.180719+00:00' AIRFLOW_CTX_TRY_NUMBER='1' AIRFLOW_CTX_DAG_RUN_ID='manual__2024-04-15T09:34:42.180719+00:00'
[2024-04-15T09:34:44.575+0000] {bigquery.py:1132} INFO - Executing: 
            CREATE OR REPLACE MODEL `mypim-410508.test1.testModelK4ClusteringaAddFeatureEng`
            OPTIONS (
                MODEL_TYPE = 'KMEANS',
                # Set the desired number of clusters here (e.g., 4)
                NUM_CLUSTERS = 4,
                # Use the recommended K-means++ initialization for better convergence
                KMEANS_INIT_METHOD = 'KMEANS++',
                # Standardize features for better distance calculations (assuming numerical data)
                STANDARDIZE_FEATURES = TRUE
            ) AS
                SELECT
                Education,
                Income,
                Kidhome,
                Teenhome,
                Recency,
                Wines,
                Fruits,
                Meat,
                Fish,
                Sweets,
                Gold,
                NumDealsPurchases,
                NumWebPurchases,
                NumCatalogPurchases,
                NumStorePurchases,
                NumWebVisitsMonth,
                Age,
                Spent,
                Living_With,
                Children,
                Family_Size,
                Is_Parent
            FROM
                `mypim-410508.test1.test_cluster`
    
[2024-04-15T09:34:44.587+0000] {base.py:73} INFO - Using connection ID 'my_gcp_connection' for task execution.
[2024-04-15T09:34:44.594+0000] {logging_mixin.py:150} WARNING - /home/***/.local/lib/python3.7/site-packages/***/providers/google/cloud/hooks/bigquery.py:2118 AirflowProviderDeprecationWarning: This method is deprecated. Please use `BigQueryHook.insert_job` method.
[2024-04-15T09:34:44.710+0000] {bigquery.py:1592} INFO - Inserting job ***_1713173684709865_d97b2438239fda07d42a25bce3142766
[2024-04-15T09:35:51.361+0000] {taskinstance.py:1350} INFO - Marking task as SUCCESS. dag_id=customer_cluster_modeling, task_id=train_model, execution_date=20240415T093442, start_date=20240415T093444, end_date=20240415T093551
[2024-04-15T09:35:51.410+0000] {local_task_job_runner.py:225} INFO - Task exited with return code 0
[2024-04-15T09:35:51.430+0000] {taskinstance.py:2653} INFO - 0 downstream tasks scheduled from follow-on schedule check
